CRITICAL - 2023-02-09 09:08:14 --> Call to undefined method App\Models\ChatbotModel::or_where
in SYSTEMPATH\Model.php on line 807.
 1 APPPATH\Controllers\Chatbot.php(34): CodeIgniter\Model->__call('or_where', [...])
 2 SYSTEMPATH\CodeIgniter.php(925): App\Controllers\Chatbot->kirim()
 3 SYSTEMPATH\CodeIgniter.php(480): CodeIgniter\CodeIgniter->runController(Object(App\Controllers\Chatbot))
 4 SYSTEMPATH\CodeIgniter.php(349): CodeIgniter\CodeIgniter->handleRequest(null, Object(Config\Cache), false)
 5 FCPATH\index.php(67): CodeIgniter\CodeIgniter->run()
 6 SYSTEMPATH\Commands\Server\rewrite.php(47): require_once('FCPATH\\index.php')
CRITICAL - 2023-02-09 09:12:49 --> Object of class CodeIgniter\Database\MySQLi\Connection could not be converted to string
in APPPATH\Controllers\Chatbot.php on line 34.
 1 SYSTEMPATH\CodeIgniter.php(925): App\Controllers\Chatbot->kirim()
 2 SYSTEMPATH\CodeIgniter.php(480): CodeIgniter\CodeIgniter->runController(Object(App\Controllers\Chatbot))
 3 SYSTEMPATH\CodeIgniter.php(349): CodeIgniter\CodeIgniter->handleRequest(null, Object(Config\Cache), false)
 4 FCPATH\index.php(67): CodeIgniter\CodeIgniter->run()
 5 SYSTEMPATH\Commands\Server\rewrite.php(47): require_once('FCPATH\\index.php')
CRITICAL - 2023-02-09 09:12:53 --> Object of class CodeIgniter\Database\MySQLi\Connection could not be converted to string
in APPPATH\Controllers\Chatbot.php on line 34.
 1 SYSTEMPATH\CodeIgniter.php(925): App\Controllers\Chatbot->kirim()
 2 SYSTEMPATH\CodeIgniter.php(480): CodeIgniter\CodeIgniter->runController(Object(App\Controllers\Chatbot))
 3 SYSTEMPATH\CodeIgniter.php(349): CodeIgniter\CodeIgniter->handleRequest(null, Object(Config\Cache), false)
 4 FCPATH\index.php(67): CodeIgniter\CodeIgniter->run()
 5 SYSTEMPATH\Commands\Server\rewrite.php(47): require_once('FCPATH\\index.php')
CRITICAL - 2023-02-09 09:13:18 --> Object of class CodeIgniter\Database\MySQLi\Connection could not be converted to string
in APPPATH\Controllers\Chatbot.php on line 34.
 1 SYSTEMPATH\CodeIgniter.php(925): App\Controllers\Chatbot->kirim()
 2 SYSTEMPATH\CodeIgniter.php(480): CodeIgniter\CodeIgniter->runController(Object(App\Controllers\Chatbot))
 3 SYSTEMPATH\CodeIgniter.php(349): CodeIgniter\CodeIgniter->handleRequest(null, Object(Config\Cache), false)
 4 FCPATH\index.php(67): CodeIgniter\CodeIgniter->run()
 5 SYSTEMPATH\Commands\Server\rewrite.php(47): require_once('FCPATH\\index.php')
CRITICAL - 2023-02-09 09:15:17 --> Object of class CodeIgniter\Database\MySQLi\Connection could not be converted to string
in APPPATH\Controllers\Chatbot.php on line 34.
 1 SYSTEMPATH\CodeIgniter.php(925): App\Controllers\Chatbot->kirim()
 2 SYSTEMPATH\CodeIgniter.php(480): CodeIgniter\CodeIgniter->runController(Object(App\Controllers\Chatbot))
 3 SYSTEMPATH\CodeIgniter.php(349): CodeIgniter\CodeIgniter->handleRequest(null, Object(Config\Cache), false)
 4 FCPATH\index.php(67): CodeIgniter\CodeIgniter->run()
 5 SYSTEMPATH\Commands\Server\rewrite.php(47): require_once('FCPATH\\index.php')
CRITICAL - 2023-02-09 09:21:45 --> CodeIgniter\Database\BaseBuilder::like(): Argument #2 ($match) must be of type string, array given, called in C:\xampp\htdocs\skripsi\Tokomjs\MJ\vendor\codeigniter4\framework\system\Model.php on line 805
in SYSTEMPATH\Database\BaseBuilder.php on line 954.
 1 SYSTEMPATH\Model.php(805): CodeIgniter\Database\BaseBuilder->like('pertanyaan', [...])
 2 APPPATH\Controllers\Chatbot.php(39): CodeIgniter\Model->__call('like', [...])
 3 SYSTEMPATH\CodeIgniter.php(925): App\Controllers\Chatbot->kirim()
 4 SYSTEMPATH\CodeIgniter.php(480): CodeIgniter\CodeIgniter->runController(Object(App\Controllers\Chatbot))
 5 SYSTEMPATH\CodeIgniter.php(349): CodeIgniter\CodeIgniter->handleRequest(null, Object(Config\Cache), false)
 6 FCPATH\index.php(67): CodeIgniter\CodeIgniter->run()
 7 SYSTEMPATH\Commands\Server\rewrite.php(47): require_once('FCPATH\\index.php')
CRITICAL - 2023-02-09 09:26:41 --> CodeIgniter\Database\BaseBuilder::like(): Argument #2 ($match) must be of type string, array given, called in C:\xampp\htdocs\skripsi\Tokomjs\MJ\vendor\codeigniter4\framework\system\Model.php on line 805
in SYSTEMPATH\Database\BaseBuilder.php on line 954.
 1 SYSTEMPATH\Model.php(805): CodeIgniter\Database\BaseBuilder->like('pertanyaan', [...])
 2 APPPATH\Controllers\Chatbot.php(40): CodeIgniter\Model->__call('like', [...])
 3 SYSTEMPATH\CodeIgniter.php(925): App\Controllers\Chatbot->kirim()
 4 SYSTEMPATH\CodeIgniter.php(480): CodeIgniter\CodeIgniter->runController(Object(App\Controllers\Chatbot))
 5 SYSTEMPATH\CodeIgniter.php(349): CodeIgniter\CodeIgniter->handleRequest(null, Object(Config\Cache), false)
 6 FCPATH\index.php(67): CodeIgniter\CodeIgniter->run()
 7 SYSTEMPATH\Commands\Server\rewrite.php(47): require_once('FCPATH\\index.php')
CRITICAL - 2023-02-09 09:40:23 --> CodeIgniter\Database\BaseBuilder::like(): Argument #2 ($match) must be of type string, array given, called in C:\xampp\htdocs\skripsi\Tokomjs\MJ\vendor\codeigniter4\framework\system\Model.php on line 805
in SYSTEMPATH\Database\BaseBuilder.php on line 954.
 1 SYSTEMPATH\Model.php(805): CodeIgniter\Database\BaseBuilder->like('pertanyaan', [...])
 2 APPPATH\Controllers\Chatbot.php(43): CodeIgniter\Model->__call('like', [...])
 3 SYSTEMPATH\CodeIgniter.php(925): App\Controllers\Chatbot->kirim()
 4 SYSTEMPATH\CodeIgniter.php(480): CodeIgniter\CodeIgniter->runController(Object(App\Controllers\Chatbot))
 5 SYSTEMPATH\CodeIgniter.php(349): CodeIgniter\CodeIgniter->handleRequest(null, Object(Config\Cache), false)
 6 FCPATH\index.php(67): CodeIgniter\CodeIgniter->run()
 7 SYSTEMPATH\Commands\Server\rewrite.php(47): require_once('FCPATH\\index.php')
CRITICAL - 2023-02-09 09:40:32 --> CodeIgniter\Database\BaseBuilder::like(): Argument #2 ($match) must be of type string, array given, called in C:\xampp\htdocs\skripsi\Tokomjs\MJ\vendor\codeigniter4\framework\system\Model.php on line 805
in SYSTEMPATH\Database\BaseBuilder.php on line 954.
 1 SYSTEMPATH\Model.php(805): CodeIgniter\Database\BaseBuilder->like('pertanyaan', [...])
 2 APPPATH\Controllers\Chatbot.php(43): CodeIgniter\Model->__call('like', [...])
 3 SYSTEMPATH\CodeIgniter.php(925): App\Controllers\Chatbot->kirim()
 4 SYSTEMPATH\CodeIgniter.php(480): CodeIgniter\CodeIgniter->runController(Object(App\Controllers\Chatbot))
 5 SYSTEMPATH\CodeIgniter.php(349): CodeIgniter\CodeIgniter->handleRequest(null, Object(Config\Cache), false)
 6 FCPATH\index.php(67): CodeIgniter\CodeIgniter->run()
 7 SYSTEMPATH\Commands\Server\rewrite.php(47): require_once('FCPATH\\index.php')
CRITICAL - 2023-02-09 09:41:48 --> Call to a member function getNumRows() on string
in APPPATH\Controllers\Chatbot.php on line 48.
 1 SYSTEMPATH\CodeIgniter.php(925): App\Controllers\Chatbot->kirim()
 2 SYSTEMPATH\CodeIgniter.php(480): CodeIgniter\CodeIgniter->runController(Object(App\Controllers\Chatbot))
 3 SYSTEMPATH\CodeIgniter.php(349): CodeIgniter\CodeIgniter->handleRequest(null, Object(Config\Cache), false)
 4 FCPATH\index.php(67): CodeIgniter\CodeIgniter->run()
 5 SYSTEMPATH\Commands\Server\rewrite.php(47): require_once('FCPATH\\index.php')
ERROR - 2023-02-09 09:49:08 --> mysqli_sql_exception: Unknown column 'kamu' in 'where clause' in C:\xampp\htdocs\skripsi\Tokomjs\MJ\vendor\codeigniter4\framework\system\Database\MySQLi\Connection.php:292
Stack trace:
#0 C:\xampp\htdocs\skripsi\Tokomjs\MJ\vendor\codeigniter4\framework\system\Database\MySQLi\Connection.php(292): mysqli->query('SELECT `jawaban...', 0)
#1 C:\xampp\htdocs\skripsi\Tokomjs\MJ\vendor\codeigniter4\framework\system\Database\BaseConnection.php(666): CodeIgniter\Database\MySQLi\Connection->execute('SELECT `jawaban...')
#2 C:\xampp\htdocs\skripsi\Tokomjs\MJ\vendor\codeigniter4\framework\system\Database\BaseConnection.php(593): CodeIgniter\Database\BaseConnection->simpleQuery('SELECT `jawaban...')
#3 C:\xampp\htdocs\skripsi\Tokomjs\MJ\vendor\codeigniter4\framework\system\Database\BaseBuilder.php(1585): CodeIgniter\Database\BaseConnection->query('SELECT `jawaban...', Array, false)
#4 C:\xampp\htdocs\skripsi\Tokomjs\MJ\vendor\codeigniter4\framework\system\Model.php(805): CodeIgniter\Database\BaseBuilder->get()
#5 C:\xampp\htdocs\skripsi\Tokomjs\MJ\app\Controllers\Chatbot.php(42): CodeIgniter\Model->__call('get', Array)
#6 C:\xampp\htdocs\skripsi\Tokomjs\MJ\vendor\codeigniter4\framework\system\CodeIgniter.php(925): App\Controllers\Chatbot->kirim()
#7 C:\xampp\htdocs\skripsi\Tokomjs\MJ\vendor\codeigniter4\framework\system\CodeIgniter.php(480): CodeIgniter\CodeIgniter->runController(Object(App\Controllers\Chatbot))
#8 C:\xampp\htdocs\skripsi\Tokomjs\MJ\vendor\codeigniter4\framework\system\CodeIgniter.php(349): CodeIgniter\CodeIgniter->handleRequest(NULL, Object(Config\Cache), false)
#9 C:\xampp\htdocs\skripsi\Tokomjs\MJ\public\index.php(67): CodeIgniter\CodeIgniter->run()
#10 C:\xampp\htdocs\skripsi\Tokomjs\MJ\vendor\codeigniter4\framework\system\Commands\Server\rewrite.php(47): require_once('C:\\xampp\\htdocs...')
#11 {main}
CRITICAL - 2023-02-09 09:49:08 --> Unknown column 'kamu' in 'where clause'
in SYSTEMPATH\Database\MySQLi\Connection.php on line 292.
 1 SYSTEMPATH\Database\MySQLi\Connection.php(292): mysqli->query('SELECT `jawaban`
FROM `chatbot`
WHERE `pertanyaan` IS NULL
AND  `kamu` LIKE \'%%\' ESCAPE \'!\'', 0)
 2 SYSTEMPATH\Database\BaseConnection.php(666): CodeIgniter\Database\MySQLi\Connection->execute('SELECT `jawaban`
FROM `chatbot`
WHERE `pertanyaan` IS NULL
AND  `kamu` LIKE \'%%\' ESCAPE \'!\'')
 3 SYSTEMPATH\Database\BaseConnection.php(593): CodeIgniter\Database\BaseConnection->simpleQuery('SELECT `jawaban`
FROM `chatbot`
WHERE `pertanyaan` IS NULL
AND  `kamu` LIKE \'%%\' ESCAPE \'!\'')
 4 SYSTEMPATH\Database\BaseBuilder.php(1585): CodeIgniter\Database\BaseConnection->query('SELECT `jawaban`
FROM `chatbot`
WHERE `pertanyaan` IS NULL
AND  `kamu` LIKE :kamu: ESCAPE \'!\'', [...], false)
 5 SYSTEMPATH\Model.php(805): CodeIgniter\Database\BaseBuilder->get()
 6 APPPATH\Controllers\Chatbot.php(42): CodeIgniter\Model->__call('get', [])
 7 SYSTEMPATH\CodeIgniter.php(925): App\Controllers\Chatbot->kirim()
 8 SYSTEMPATH\CodeIgniter.php(480): CodeIgniter\CodeIgniter->runController(Object(App\Controllers\Chatbot))
 9 SYSTEMPATH\CodeIgniter.php(349): CodeIgniter\CodeIgniter->handleRequest(null, Object(Config\Cache), false)
10 FCPATH\index.php(67): CodeIgniter\CodeIgniter->run()
11 SYSTEMPATH\Commands\Server\rewrite.php(47): require_once('FCPATH\\index.php')
CRITICAL - 2023-02-09 10:02:56 --> syntax error, unexpected token ")"
in APPPATH\Controllers\Chatbot.php on line 43.
 1 SYSTEMPATH\Autoloader\Autoloader.php(260): CodeIgniter\Autoloader\Autoloader->includeFile('APPPATH\\Controllers\\Chatbot.php')
 2 SYSTEMPATH\Autoloader\Autoloader.php(238): CodeIgniter\Autoloader\Autoloader->loadInNamespace('App\\Controllers\\Chatbot')
 3 [internal function]: CodeIgniter\Autoloader\Autoloader->loadClass('App\\Controllers\\Chatbot')
 4 SYSTEMPATH\CodeIgniter.php(875): class_exists('\\App\\Controllers\\Chatbot', true)
 5 SYSTEMPATH\CodeIgniter.php(467): CodeIgniter\CodeIgniter->startController()
 6 SYSTEMPATH\CodeIgniter.php(349): CodeIgniter\CodeIgniter->handleRequest(null, Object(Config\Cache), false)
 7 FCPATH\index.php(67): CodeIgniter\CodeIgniter->run()
 8 SYSTEMPATH\Commands\Server\rewrite.php(47): require_once('FCPATH\\index.php')
CRITICAL - 2023-02-09 10:03:21 --> syntax error, unexpected token ")"
in APPPATH\Controllers\Chatbot.php on line 43.
 1 SYSTEMPATH\Autoloader\Autoloader.php(260): CodeIgniter\Autoloader\Autoloader->includeFile('APPPATH\\Controllers\\Chatbot.php')
 2 SYSTEMPATH\Autoloader\Autoloader.php(238): CodeIgniter\Autoloader\Autoloader->loadInNamespace('App\\Controllers\\Chatbot')
 3 [internal function]: CodeIgniter\Autoloader\Autoloader->loadClass('App\\Controllers\\Chatbot')
 4 SYSTEMPATH\CodeIgniter.php(875): class_exists('\\App\\Controllers\\Chatbot', true)
 5 SYSTEMPATH\CodeIgniter.php(467): CodeIgniter\CodeIgniter->startController()
 6 SYSTEMPATH\CodeIgniter.php(349): CodeIgniter\CodeIgniter->handleRequest(null, Object(Config\Cache), false)
 7 FCPATH\index.php(67): CodeIgniter\CodeIgniter->run()
 8 SYSTEMPATH\Commands\Server\rewrite.php(47): require_once('FCPATH\\index.php')
CRITICAL - 2023-02-09 10:04:33 --> array_push(): Argument #1 ($array) must be of type array, string given
in APPPATH\Controllers\Chatbot.php on line 42.
 1 APPPATH\Controllers\Chatbot.php(42): array_push('kamu')
 2 SYSTEMPATH\CodeIgniter.php(925): App\Controllers\Chatbot->kirim()
 3 SYSTEMPATH\CodeIgniter.php(480): CodeIgniter\CodeIgniter->runController(Object(App\Controllers\Chatbot))
 4 SYSTEMPATH\CodeIgniter.php(349): CodeIgniter\CodeIgniter->handleRequest(null, Object(Config\Cache), false)
 5 FCPATH\index.php(67): CodeIgniter\CodeIgniter->run()
 6 SYSTEMPATH\Commands\Server\rewrite.php(47): require_once('FCPATH\\index.php')
CRITICAL - 2023-02-09 10:17:27 --> CodeIgniter\Database\BaseBuilder::like(): Argument #2 ($match) must be of type string, array given, called in C:\xampp\htdocs\skripsi\Tokomjs\MJ\vendor\codeigniter4\framework\system\Model.php on line 805
in SYSTEMPATH\Database\BaseBuilder.php on line 954.
 1 SYSTEMPATH\Model.php(805): CodeIgniter\Database\BaseBuilder->like('pertanyaan', [...])
 2 APPPATH\Controllers\Chatbot.php(46): CodeIgniter\Model->__call('like', [...])
 3 SYSTEMPATH\CodeIgniter.php(925): App\Controllers\Chatbot->kirim()
 4 SYSTEMPATH\CodeIgniter.php(480): CodeIgniter\CodeIgniter->runController(Object(App\Controllers\Chatbot))
 5 SYSTEMPATH\CodeIgniter.php(349): CodeIgniter\CodeIgniter->handleRequest(null, Object(Config\Cache), false)
 6 FCPATH\index.php(67): CodeIgniter\CodeIgniter->run()
 7 SYSTEMPATH\Commands\Server\rewrite.php(47): require_once('FCPATH\\index.php')
CRITICAL - 2023-02-09 13:28:43 --> syntax error, unexpected end of file
in APPPATH\Views\chatbot\index.php on line 133.
 1 SYSTEMPATH\View\View.php(216): CodeIgniter\View\View->CodeIgniter\View\{closure}()
 2 SYSTEMPATH\Common.php(1135): CodeIgniter\View\View->render('chatbot/index', [], true)
 3 APPPATH\Controllers\Chatbot.php(22): view('chatbot/index', [...])
 4 SYSTEMPATH\CodeIgniter.php(925): App\Controllers\Chatbot->index()
 5 SYSTEMPATH\CodeIgniter.php(480): CodeIgniter\CodeIgniter->runController(Object(App\Controllers\Chatbot))
 6 SYSTEMPATH\CodeIgniter.php(349): CodeIgniter\CodeIgniter->handleRequest(null, Object(Config\Cache), false)
 7 FCPATH\index.php(67): CodeIgniter\CodeIgniter->run()
 8 SYSTEMPATH\Commands\Server\rewrite.php(47): require_once('FCPATH\\index.php')
CRITICAL - 2023-02-09 13:29:16 --> syntax error, unexpected end of file
in APPPATH\Views\chatbot\index.php on line 133.
 1 SYSTEMPATH\View\View.php(216): CodeIgniter\View\View->CodeIgniter\View\{closure}()
 2 SYSTEMPATH\Common.php(1135): CodeIgniter\View\View->render('chatbot/index', [], true)
 3 APPPATH\Controllers\Chatbot.php(22): view('chatbot/index', [...])
 4 SYSTEMPATH\CodeIgniter.php(925): App\Controllers\Chatbot->index()
 5 SYSTEMPATH\CodeIgniter.php(480): CodeIgniter\CodeIgniter->runController(Object(App\Controllers\Chatbot))
 6 SYSTEMPATH\CodeIgniter.php(349): CodeIgniter\CodeIgniter->handleRequest(null, Object(Config\Cache), false)
 7 FCPATH\index.php(67): CodeIgniter\CodeIgniter->run()
 8 SYSTEMPATH\Commands\Server\rewrite.php(47): require_once('FCPATH\\index.php')
