ERROR - 2023-01-07 18:58:11 --> Email: sendWithMail throwed ErrorException: mail(): Failed to connect to mailserver at &quot;localhost&quot; port 25, verify your &quot;SMTP&quot; and &quot;smtp_port&quot; setting in php.ini or use ini_set() in C:\xampp\htdocs\skripsi\TokoMJSport\vendor\codeigniter4\framework\system\Email\Email.php:1726
Stack trace:
#0 [internal function]: CodeIgniter\Debug\Exceptions->errorHandler(2, 'mail(): Failed ...', 'C:\\xampp\\htdocs...', 1726)
#1 C:\xampp\htdocs\skripsi\TokoMJSport\vendor\codeigniter4\framework\system\Email\Email.php(1726): mail('adhaniataintan@...', '=?UTF-8?Q?Activ...', 'This is a multi...', 'Date: Sat, 7 Ja...')
#2 C:\xampp\htdocs\skripsi\TokoMJSport\vendor\codeigniter4\framework\system\Email\Email.php(1663): CodeIgniter\Email\Email->sendWithMail()
#3 C:\xampp\htdocs\skripsi\TokoMJSport\vendor\codeigniter4\framework\system\Email\Email.php(1561): CodeIgniter\Email\Email->spoolEmail()
#4 C:\xampp\htdocs\skripsi\TokoMJSport\vendor\myth\auth\src\Authentication\Activators\EmailActivator.php(32): CodeIgniter\Email\Email->send()
#5 C:\xampp\htdocs\skripsi\TokoMJSport\vendor\myth\auth\src\Controllers\AuthController.php(185): Myth\Auth\Authentication\Activators\EmailActivator->send(Object(Myth\Auth\Entities\User))
#6 C:\xampp\htdocs\skripsi\TokoMJSport\vendor\codeigniter4\framework\system\CodeIgniter.php(925): Myth\Auth\Controllers\AuthController->attemptRegister()
#7 C:\xampp\htdocs\skripsi\TokoMJSport\vendor\codeigniter4\framework\system\CodeIgniter.php(480): CodeIgniter\CodeIgniter->runController(Object(Myth\Auth\Controllers\AuthController))
#8 C:\xampp\htdocs\skripsi\TokoMJSport\vendor\codeigniter4\framework\system\CodeIgniter.php(349): CodeIgniter\CodeIgniter->handleRequest(NULL, Object(Config\Cache), false)
#9 C:\xampp\htdocs\skripsi\TokoMJSport\public\index.php(67): CodeIgniter\CodeIgniter->run()
#10 C:\xampp\htdocs\skripsi\TokoMJSport\vendor\codeigniter4\framework\system\Commands\Server\rewrite.php(47): require_once('C:\\xampp\\htdocs...')
#11 {main}
ERROR - 2023-01-07 18:58:11 --> Email: Unable to send email using PHP mail(). Your server might not be configured to send mail using this method.
ERROR - 2023-01-07 18:58:11 --> 
ERROR - 2023-01-07 19:01:52 --> Email: sendWithMail throwed ErrorException: mail(): Failed to connect to mailserver at &quot;localhost&quot; port 25, verify your &quot;SMTP&quot; and &quot;smtp_port&quot; setting in php.ini or use ini_set() in C:\xampp\htdocs\skripsi\TokoMJSport\vendor\codeigniter4\framework\system\Email\Email.php:1726
Stack trace:
#0 [internal function]: CodeIgniter\Debug\Exceptions->errorHandler(2, 'mail(): Failed ...', 'C:\\xampp\\htdocs...', 1726)
#1 C:\xampp\htdocs\skripsi\TokoMJSport\vendor\codeigniter4\framework\system\Email\Email.php(1726): mail('adhaniataintan@...', '=?UTF-8?Q?Activ...', 'This is a multi...', 'Date: Sat, 7 Ja...')
#2 C:\xampp\htdocs\skripsi\TokoMJSport\vendor\codeigniter4\framework\system\Email\Email.php(1663): CodeIgniter\Email\Email->sendWithMail()
#3 C:\xampp\htdocs\skripsi\TokoMJSport\vendor\codeigniter4\framework\system\Email\Email.php(1561): CodeIgniter\Email\Email->spoolEmail()
#4 C:\xampp\htdocs\skripsi\TokoMJSport\vendor\myth\auth\src\Authentication\Activators\EmailActivator.php(32): CodeIgniter\Email\Email->send()
#5 C:\xampp\htdocs\skripsi\TokoMJSport\vendor\myth\auth\src\Controllers\AuthController.php(400): Myth\Auth\Authentication\Activators\EmailActivator->send(Object(Myth\Auth\Entities\User))
#6 C:\xampp\htdocs\skripsi\TokoMJSport\vendor\codeigniter4\framework\system\CodeIgniter.php(925): Myth\Auth\Controllers\AuthController->resendActivateAccount()
#7 C:\xampp\htdocs\skripsi\TokoMJSport\vendor\codeigniter4\framework\system\CodeIgniter.php(480): CodeIgniter\CodeIgniter->runController(Object(Myth\Auth\Controllers\AuthController))
#8 C:\xampp\htdocs\skripsi\TokoMJSport\vendor\codeigniter4\framework\system\CodeIgniter.php(349): CodeIgniter\CodeIgniter->handleRequest(NULL, Object(Config\Cache), false)
#9 C:\xampp\htdocs\skripsi\TokoMJSport\public\index.php(67): CodeIgniter\CodeIgniter->run()
#10 C:\xampp\htdocs\skripsi\TokoMJSport\vendor\codeigniter4\framework\system\Commands\Server\rewrite.php(47): require_once('C:\\xampp\\htdocs...')
#11 {main}
ERROR - 2023-01-07 19:01:52 --> Email: Unable to send email using PHP mail(). Your server might not be configured to send mail using this method.
ERROR - 2023-01-07 19:01:52 --> 
CRITICAL - 2023-01-07 19:46:42 --> Undefined array key "nama"
in APPPATH\Views\akun\profil.php on line 28.
 1 APPPATH\Views\akun\profil.php(28): CodeIgniter\Debug\Exceptions->errorHandler(2, 'Undefined array key "nama"', 'APPPATH\\Views\\akun\\profil.php', 28)
 2 SYSTEMPATH\View\View.php(213): include('APPPATH\\Views\\akun\\profil.php')
 3 SYSTEMPATH\View\View.php(216): CodeIgniter\View\View->CodeIgniter\View\{closure}()
 4 SYSTEMPATH\Common.php(1135): CodeIgniter\View\View->render('akun/profil', [], true)
 5 APPPATH\Controllers\Akun.php(27): view('akun/profil', [...])
 6 SYSTEMPATH\CodeIgniter.php(925): App\Controllers\Akun->profil()
 7 SYSTEMPATH\CodeIgniter.php(480): CodeIgniter\CodeIgniter->runController(Object(App\Controllers\Akun))
 8 SYSTEMPATH\CodeIgniter.php(349): CodeIgniter\CodeIgniter->handleRequest(null, Object(Config\Cache), false)
 9 FCPATH\index.php(67): CodeIgniter\CodeIgniter->run()
10 SYSTEMPATH\Commands\Server\rewrite.php(47): require_once('FCPATH\\index.php')
ERROR - 2023-01-07 19:47:17 --> mysqli_sql_exception: Duplicate column name 'id_userFK' in C:\xampp\htdocs\skripsi\TokoMJSport\vendor\codeigniter4\framework\system\Database\MySQLi\Connection.php:292
Stack trace:
#0 C:\xampp\htdocs\skripsi\TokoMJSport\vendor\codeigniter4\framework\system\Database\MySQLi\Connection.php(292): mysqli->query('ALTER TABLE `tr...', 0)
#1 C:\xampp\htdocs\skripsi\TokoMJSport\vendor\codeigniter4\framework\system\Database\BaseConnection.php(666): CodeIgniter\Database\MySQLi\Connection->execute('ALTER TABLE `tr...')
#2 C:\xampp\htdocs\skripsi\TokoMJSport\vendor\codeigniter4\framework\system\Database\BaseConnection.php(593): CodeIgniter\Database\BaseConnection->simpleQuery('ALTER TABLE `tr...')
#3 C:\xampp\htdocs\skripsi\TokoMJSport\vendor\codeigniter4\framework\system\Database\Forge.php(708): CodeIgniter\Database\BaseConnection->query('ALTER TABLE `tr...')
#4 C:\xampp\htdocs\skripsi\TokoMJSport\app\Database\Migrations\2023-01-05-105415_AddIdUserTransaksi.php(13): CodeIgniter\Database\Forge->addColumn('transaksi', Array)
#5 C:\xampp\htdocs\skripsi\TokoMJSport\vendor\codeigniter4\framework\system\Database\MigrationRunner.php(869): App\Database\Migrations\AddIdUserTransaksi->up()
#6 C:\xampp\htdocs\skripsi\TokoMJSport\vendor\codeigniter4\framework\system\Database\MigrationRunner.php(188): CodeIgniter\Database\MigrationRunner->migrate('up', Object(stdClass))
#7 C:\xampp\htdocs\skripsi\TokoMJSport\vendor\codeigniter4\framework\system\Commands\Database\Migrate.php(84): CodeIgniter\Database\MigrationRunner->latest(NULL)
#8 C:\xampp\htdocs\skripsi\TokoMJSport\vendor\codeigniter4\framework\system\CLI\Commands.php(63): CodeIgniter\Commands\Database\Migrate->run(Array)
#9 C:\xampp\htdocs\skripsi\TokoMJSport\vendor\codeigniter4\framework\system\CLI\CommandRunner.php(65): CodeIgniter\CLI\Commands->run('migrate', Array)
#10 C:\xampp\htdocs\skripsi\TokoMJSport\vendor\codeigniter4\framework\system\CLI\CommandRunner.php(51): CodeIgniter\CLI\CommandRunner->index(Array)
#11 C:\xampp\htdocs\skripsi\TokoMJSport\vendor\codeigniter4\framework\system\CodeIgniter.php(918): CodeIgniter\CLI\CommandRunner->_remap('index', Array)
#12 C:\xampp\htdocs\skripsi\TokoMJSport\vendor\codeigniter4\framework\system\CodeIgniter.php(480): CodeIgniter\CodeIgniter->runController(Object(CodeIgniter\CLI\CommandRunner))
#13 C:\xampp\htdocs\skripsi\TokoMJSport\vendor\codeigniter4\framework\system\CodeIgniter.php(345): CodeIgniter\CodeIgniter->handleRequest(NULL, Object(Config\Cache), false)
#14 C:\xampp\htdocs\skripsi\TokoMJSport\vendor\codeigniter4\framework\system\CLI\Console.php(48): CodeIgniter\CodeIgniter->run()
#15 C:\xampp\htdocs\skripsi\TokoMJSport\spark(98): CodeIgniter\CLI\Console->run()
#16 {main}
CRITICAL - 2023-01-07 19:47:45 --> Undefined array key "nama"
in APPPATH\Views\akun\profil.php on line 28.
 1 APPPATH\Views\akun\profil.php(28): CodeIgniter\Debug\Exceptions->errorHandler(2, 'Undefined array key "nama"', 'APPPATH\\Views\\akun\\profil.php', 28)
 2 SYSTEMPATH\View\View.php(213): include('APPPATH\\Views\\akun\\profil.php')
 3 SYSTEMPATH\View\View.php(216): CodeIgniter\View\View->CodeIgniter\View\{closure}()
 4 SYSTEMPATH\Common.php(1135): CodeIgniter\View\View->render('akun/profil', [], true)
 5 APPPATH\Controllers\Akun.php(27): view('akun/profil', [...])
 6 SYSTEMPATH\CodeIgniter.php(925): App\Controllers\Akun->profil()
 7 SYSTEMPATH\CodeIgniter.php(480): CodeIgniter\CodeIgniter->runController(Object(App\Controllers\Akun))
 8 SYSTEMPATH\CodeIgniter.php(349): CodeIgniter\CodeIgniter->handleRequest(null, Object(Config\Cache), false)
 9 FCPATH\index.php(67): CodeIgniter\CodeIgniter->run()
10 SYSTEMPATH\Commands\Server\rewrite.php(47): require_once('FCPATH\\index.php')
CRITICAL - 2023-01-07 19:51:35 --> Undefined array key "nama"
in APPPATH\Views\akun\profil.php on line 28.
 1 APPPATH\Views\akun\profil.php(28): CodeIgniter\Debug\Exceptions->errorHandler(2, 'Undefined array key "nama"', 'APPPATH\\Views\\akun\\profil.php', 28)
 2 SYSTEMPATH\View\View.php(213): include('APPPATH\\Views\\akun\\profil.php')
 3 SYSTEMPATH\View\View.php(216): CodeIgniter\View\View->CodeIgniter\View\{closure}()
 4 SYSTEMPATH\Common.php(1135): CodeIgniter\View\View->render('akun/profil', [], true)
 5 APPPATH\Controllers\Akun.php(27): view('akun/profil', [...])
 6 SYSTEMPATH\CodeIgniter.php(925): App\Controllers\Akun->profil()
 7 SYSTEMPATH\CodeIgniter.php(480): CodeIgniter\CodeIgniter->runController(Object(App\Controllers\Akun))
 8 SYSTEMPATH\CodeIgniter.php(349): CodeIgniter\CodeIgniter->handleRequest(null, Object(Config\Cache), false)
 9 FCPATH\index.php(67): CodeIgniter\CodeIgniter->run()
10 SYSTEMPATH\Commands\Server\rewrite.php(47): require_once('FCPATH\\index.php')
CRITICAL - 2023-01-07 20:27:03 --> Undefined variable $konfirmasi
in APPPATH\Views\admin\transaksi\konfirmasi.php on line 55.
 1 APPPATH\Views\admin\transaksi\konfirmasi.php(55): CodeIgniter\Debug\Exceptions->errorHandler(2, 'Undefined variable $konfirmasi', 'APPPATH\\Views\\admin\\transaksi\\konfirmasi.php', 55)
 2 SYSTEMPATH\View\View.php(213): include('APPPATH\\Views\\admin\\transaksi\\konfirmasi.php')
 3 SYSTEMPATH\View\View.php(216): CodeIgniter\View\View->CodeIgniter\View\{closure}()
 4 SYSTEMPATH\Common.php(1135): CodeIgniter\View\View->render('admin/transaksi/konfirmasi', [], true)
 5 APPPATH\Controllers\Admin\Transaksi.php(94): view('admin/transaksi/konfirmasi', [...])
 6 SYSTEMPATH\CodeIgniter.php(925): App\Controllers\Admin\Transaksi->konfirmasi('2')
 7 SYSTEMPATH\CodeIgniter.php(480): CodeIgniter\CodeIgniter->runController(Object(App\Controllers\Admin\Transaksi))
 8 SYSTEMPATH\CodeIgniter.php(349): CodeIgniter\CodeIgniter->handleRequest(null, Object(Config\Cache), false)
 9 FCPATH\index.php(67): CodeIgniter\CodeIgniter->run()
10 SYSTEMPATH\Commands\Server\rewrite.php(47): require_once('FCPATH\\index.php')
CRITICAL - 2023-01-07 20:38:25 --> Undefined variable $konfirmasi
in APPPATH\Views\admin\transaksi\konfirmasi.php on line 55.
 1 APPPATH\Views\admin\transaksi\konfirmasi.php(55): CodeIgniter\Debug\Exceptions->errorHandler(2, 'Undefined variable $konfirmasi', 'APPPATH\\Views\\admin\\transaksi\\konfirmasi.php', 55)
 2 SYSTEMPATH\View\View.php(213): include('APPPATH\\Views\\admin\\transaksi\\konfirmasi.php')
 3 SYSTEMPATH\View\View.php(216): CodeIgniter\View\View->CodeIgniter\View\{closure}()
 4 SYSTEMPATH\Common.php(1135): CodeIgniter\View\View->render('admin/transaksi/konfirmasi', [], true)
 5 APPPATH\Controllers\Admin\Transaksi.php(94): view('admin/transaksi/konfirmasi', [...])
 6 SYSTEMPATH\CodeIgniter.php(925): App\Controllers\Admin\Transaksi->konfirmasi('5')
 7 SYSTEMPATH\CodeIgniter.php(480): CodeIgniter\CodeIgniter->runController(Object(App\Controllers\Admin\Transaksi))
 8 SYSTEMPATH\CodeIgniter.php(349): CodeIgniter\CodeIgniter->handleRequest(null, Object(Config\Cache), false)
 9 FCPATH\index.php(67): CodeIgniter\CodeIgniter->run()
10 SYSTEMPATH\Commands\Server\rewrite.php(47): require_once('FCPATH\\index.php')
CRITICAL - 2023-01-07 20:38:32 --> Undefined variable $konfirmasi
in APPPATH\Views\admin\transaksi\konfirmasi.php on line 55.
 1 APPPATH\Views\admin\transaksi\konfirmasi.php(55): CodeIgniter\Debug\Exceptions->errorHandler(2, 'Undefined variable $konfirmasi', 'APPPATH\\Views\\admin\\transaksi\\konfirmasi.php', 55)
 2 SYSTEMPATH\View\View.php(213): include('APPPATH\\Views\\admin\\transaksi\\konfirmasi.php')
 3 SYSTEMPATH\View\View.php(216): CodeIgniter\View\View->CodeIgniter\View\{closure}()
 4 SYSTEMPATH\Common.php(1135): CodeIgniter\View\View->render('admin/transaksi/konfirmasi', [], true)
 5 APPPATH\Controllers\Admin\Transaksi.php(94): view('admin/transaksi/konfirmasi', [...])
 6 SYSTEMPATH\CodeIgniter.php(925): App\Controllers\Admin\Transaksi->konfirmasi('4')
 7 SYSTEMPATH\CodeIgniter.php(480): CodeIgniter\CodeIgniter->runController(Object(App\Controllers\Admin\Transaksi))
 8 SYSTEMPATH\CodeIgniter.php(349): CodeIgniter\CodeIgniter->handleRequest(null, Object(Config\Cache), false)
 9 FCPATH\index.php(67): CodeIgniter\CodeIgniter->run()
10 SYSTEMPATH\Commands\Server\rewrite.php(47): require_once('FCPATH\\index.php')
CRITICAL - 2023-01-07 20:45:41 --> Undefined variable $konfirmasi
in APPPATH\Views\admin\transaksi\konfirmasi.php on line 55.
 1 APPPATH\Views\admin\transaksi\konfirmasi.php(55): CodeIgniter\Debug\Exceptions->errorHandler(2, 'Undefined variable $konfirmasi', 'APPPATH\\Views\\admin\\transaksi\\konfirmasi.php', 55)
 2 SYSTEMPATH\View\View.php(213): include('APPPATH\\Views\\admin\\transaksi\\konfirmasi.php')
 3 SYSTEMPATH\View\View.php(216): CodeIgniter\View\View->CodeIgniter\View\{closure}()
 4 SYSTEMPATH\Common.php(1135): CodeIgniter\View\View->render('admin/transaksi/konfirmasi', [], true)
 5 APPPATH\Controllers\Admin\Transaksi.php(94): view('admin/transaksi/konfirmasi', [...])
 6 SYSTEMPATH\CodeIgniter.php(925): App\Controllers\Admin\Transaksi->konfirmasi('5')
 7 SYSTEMPATH\CodeIgniter.php(480): CodeIgniter\CodeIgniter->runController(Object(App\Controllers\Admin\Transaksi))
 8 SYSTEMPATH\CodeIgniter.php(349): CodeIgniter\CodeIgniter->handleRequest(null, Object(Config\Cache), false)
 9 FCPATH\index.php(67): CodeIgniter\CodeIgniter->run()
10 SYSTEMPATH\Commands\Server\rewrite.php(47): require_once('FCPATH\\index.php')
CRITICAL - 2023-01-07 20:47:12 --> Trying to access array offset on value of type null
in APPPATH\Views\admin\transaksi\konfirmasi.php on line 55.
 1 APPPATH\Views\admin\transaksi\konfirmasi.php(55): CodeIgniter\Debug\Exceptions->errorHandler(2, 'Trying to access array offset on value of type null', 'APPPATH\\Views\\admin\\transaksi\\konfirmasi.php', 55)
 2 SYSTEMPATH\View\View.php(213): include('APPPATH\\Views\\admin\\transaksi\\konfirmasi.php')
 3 SYSTEMPATH\View\View.php(216): CodeIgniter\View\View->CodeIgniter\View\{closure}()
 4 SYSTEMPATH\Common.php(1135): CodeIgniter\View\View->render('admin/transaksi/konfirmasi', [], true)
 5 APPPATH\Controllers\Admin\Transaksi.php(94): view('admin/transaksi/konfirmasi', [...])
 6 SYSTEMPATH\CodeIgniter.php(925): App\Controllers\Admin\Transaksi->konfirmasi('5')
 7 SYSTEMPATH\CodeIgniter.php(480): CodeIgniter\CodeIgniter->runController(Object(App\Controllers\Admin\Transaksi))
 8 SYSTEMPATH\CodeIgniter.php(349): CodeIgniter\CodeIgniter->handleRequest(null, Object(Config\Cache), false)
 9 FCPATH\index.php(67): CodeIgniter\CodeIgniter->run()
10 SYSTEMPATH\Commands\Server\rewrite.php(47): require_once('FCPATH\\index.php')
CRITICAL - 2023-01-07 20:50:45 --> Undefined variable $konfirmasi
in APPPATH\Views\admin\transaksi\konfirmasi.php on line 55.
 1 APPPATH\Views\admin\transaksi\konfirmasi.php(55): CodeIgniter\Debug\Exceptions->errorHandler(2, 'Undefined variable $konfirmasi', 'APPPATH\\Views\\admin\\transaksi\\konfirmasi.php', 55)
 2 SYSTEMPATH\View\View.php(213): include('APPPATH\\Views\\admin\\transaksi\\konfirmasi.php')
 3 SYSTEMPATH\View\View.php(216): CodeIgniter\View\View->CodeIgniter\View\{closure}()
 4 SYSTEMPATH\Common.php(1135): CodeIgniter\View\View->render('admin/transaksi/konfirmasi', [], true)
 5 APPPATH\Controllers\Admin\Transaksi.php(94): view('admin/transaksi/konfirmasi', [...])
 6 SYSTEMPATH\CodeIgniter.php(925): App\Controllers\Admin\Transaksi->konfirmasi('5')
 7 SYSTEMPATH\CodeIgniter.php(480): CodeIgniter\CodeIgniter->runController(Object(App\Controllers\Admin\Transaksi))
 8 SYSTEMPATH\CodeIgniter.php(349): CodeIgniter\CodeIgniter->handleRequest(null, Object(Config\Cache), false)
 9 FCPATH\index.php(67): CodeIgniter\CodeIgniter->run()
10 SYSTEMPATH\Commands\Server\rewrite.php(47): require_once('FCPATH\\index.php')
