CRITICAL - 2023-01-03 02:27:09 --> Undefined array key "harga"
in APPPATH\Views\transaksi\index.php on line 105.
 1 APPPATH\Views\transaksi\index.php(105): CodeIgniter\Debug\Exceptions->errorHandler(2, 'Undefined array key "harga"', 'APPPATH\\Views\\transaksi\\index.php', 105)
 2 SYSTEMPATH\View\View.php(213): include('APPPATH\\Views\\transaksi\\index.php')
 3 SYSTEMPATH\View\View.php(216): CodeIgniter\View\View->CodeIgniter\View\{closure}()
 4 SYSTEMPATH\Common.php(1135): CodeIgniter\View\View->render('transaksi/index', [], true)
 5 APPPATH\Controllers\Transaksi.php(22): view('transaksi/index', [...])
 6 SYSTEMPATH\CodeIgniter.php(925): App\Controllers\Transaksi->index()
 7 SYSTEMPATH\CodeIgniter.php(480): CodeIgniter\CodeIgniter->runController(Object(App\Controllers\Transaksi))
 8 SYSTEMPATH\CodeIgniter.php(349): CodeIgniter\CodeIgniter->handleRequest(null, Object(Config\Cache), false)
 9 FCPATH\index.php(67): CodeIgniter\CodeIgniter->run()
10 SYSTEMPATH\Commands\Server\rewrite.php(47): require_once('FCPATH\\index.php')
CRITICAL - 2023-01-03 02:28:10 --> Undefined array key "harga"
in APPPATH\Views\transaksi\index.php on line 105.
 1 APPPATH\Views\transaksi\index.php(105): CodeIgniter\Debug\Exceptions->errorHandler(2, 'Undefined array key "harga"', 'APPPATH\\Views\\transaksi\\index.php', 105)
 2 SYSTEMPATH\View\View.php(213): include('APPPATH\\Views\\transaksi\\index.php')
 3 SYSTEMPATH\View\View.php(216): CodeIgniter\View\View->CodeIgniter\View\{closure}()
 4 SYSTEMPATH\Common.php(1135): CodeIgniter\View\View->render('transaksi/index', [], true)
 5 APPPATH\Controllers\Transaksi.php(22): view('transaksi/index', [...])
 6 SYSTEMPATH\CodeIgniter.php(925): App\Controllers\Transaksi->index()
 7 SYSTEMPATH\CodeIgniter.php(480): CodeIgniter\CodeIgniter->runController(Object(App\Controllers\Transaksi))
 8 SYSTEMPATH\CodeIgniter.php(349): CodeIgniter\CodeIgniter->handleRequest(null, Object(Config\Cache), false)
 9 FCPATH\index.php(67): CodeIgniter\CodeIgniter->run()
10 SYSTEMPATH\Commands\Server\rewrite.php(47): require_once('FCPATH\\index.php')
CRITICAL - 2023-01-03 02:29:17 --> Undefined array key "harga"
in APPPATH\Views\transaksi\index.php on line 99.
 1 APPPATH\Views\transaksi\index.php(99): CodeIgniter\Debug\Exceptions->errorHandler(2, 'Undefined array key "harga"', 'APPPATH\\Views\\transaksi\\index.php', 99)
 2 SYSTEMPATH\View\View.php(213): include('APPPATH\\Views\\transaksi\\index.php')
 3 SYSTEMPATH\View\View.php(216): CodeIgniter\View\View->CodeIgniter\View\{closure}()
 4 SYSTEMPATH\Common.php(1135): CodeIgniter\View\View->render('transaksi/index', [], true)
 5 APPPATH\Controllers\Transaksi.php(22): view('transaksi/index', [...])
 6 SYSTEMPATH\CodeIgniter.php(925): App\Controllers\Transaksi->index()
 7 SYSTEMPATH\CodeIgniter.php(480): CodeIgniter\CodeIgniter->runController(Object(App\Controllers\Transaksi))
 8 SYSTEMPATH\CodeIgniter.php(349): CodeIgniter\CodeIgniter->handleRequest(null, Object(Config\Cache), false)
 9 FCPATH\index.php(67): CodeIgniter\CodeIgniter->run()
10 SYSTEMPATH\Commands\Server\rewrite.php(47): require_once('FCPATH\\index.php')
CRITICAL - 2023-01-03 02:32:52 --> Undefined array key "provinsi"
in APPPATH\Views\ongkir\index.php on line 74.
 1 APPPATH\Views\ongkir\index.php(74): CodeIgniter\Debug\Exceptions->errorHandler(2, 'Undefined array key "provinsi"', 'APPPATH\\Views\\ongkir\\index.php', 74)
 2 SYSTEMPATH\View\View.php(213): include('APPPATH\\Views\\ongkir\\index.php')
 3 SYSTEMPATH\View\View.php(216): CodeIgniter\View\View->CodeIgniter\View\{closure}()
 4 SYSTEMPATH\Common.php(1135): CodeIgniter\View\View->render('ongkir/index', [], true)
 5 APPPATH\Controllers\Ongkir.php(33): view('ongkir/index', [...])
 6 SYSTEMPATH\CodeIgniter.php(925): App\Controllers\Ongkir->index()
 7 SYSTEMPATH\CodeIgniter.php(480): CodeIgniter\CodeIgniter->runController(Object(App\Controllers\Ongkir))
 8 SYSTEMPATH\CodeIgniter.php(349): CodeIgniter\CodeIgniter->handleRequest(null, Object(Config\Cache), false)
 9 FCPATH\index.php(67): CodeIgniter\CodeIgniter->run()
10 SYSTEMPATH\Commands\Server\rewrite.php(47): require_once('FCPATH\\index.php')
CRITICAL - 2023-01-03 02:34:20 --> Undefined array key "harga"
in APPPATH\Views\transaksi\index.php on line 99.
 1 APPPATH\Views\transaksi\index.php(99): CodeIgniter\Debug\Exceptions->errorHandler(2, 'Undefined array key "harga"', 'APPPATH\\Views\\transaksi\\index.php', 99)
 2 SYSTEMPATH\View\View.php(213): include('APPPATH\\Views\\transaksi\\index.php')
 3 SYSTEMPATH\View\View.php(216): CodeIgniter\View\View->CodeIgniter\View\{closure}()
 4 SYSTEMPATH\Common.php(1135): CodeIgniter\View\View->render('transaksi/index', [], true)
 5 APPPATH\Controllers\Transaksi.php(22): view('transaksi/index', [...])
 6 SYSTEMPATH\CodeIgniter.php(925): App\Controllers\Transaksi->index()
 7 SYSTEMPATH\CodeIgniter.php(480): CodeIgniter\CodeIgniter->runController(Object(App\Controllers\Transaksi))
 8 SYSTEMPATH\CodeIgniter.php(349): CodeIgniter\CodeIgniter->handleRequest(null, Object(Config\Cache), false)
 9 FCPATH\index.php(67): CodeIgniter\CodeIgniter->run()
10 SYSTEMPATH\Commands\Server\rewrite.php(47): require_once('FCPATH\\index.php')
CRITICAL - 2023-01-03 02:34:58 --> Undefined array key "harga"
in APPPATH\Views\transaksi\index.php on line 100.
 1 APPPATH\Views\transaksi\index.php(100): CodeIgniter\Debug\Exceptions->errorHandler(2, 'Undefined array key "harga"', 'APPPATH\\Views\\transaksi\\index.php', 100)
 2 SYSTEMPATH\View\View.php(213): include('APPPATH\\Views\\transaksi\\index.php')
 3 SYSTEMPATH\View\View.php(216): CodeIgniter\View\View->CodeIgniter\View\{closure}()
 4 SYSTEMPATH\Common.php(1135): CodeIgniter\View\View->render('transaksi/index', [], true)
 5 APPPATH\Controllers\Transaksi.php(22): view('transaksi/index', [...])
 6 SYSTEMPATH\CodeIgniter.php(925): App\Controllers\Transaksi->index()
 7 SYSTEMPATH\CodeIgniter.php(480): CodeIgniter\CodeIgniter->runController(Object(App\Controllers\Transaksi))
 8 SYSTEMPATH\CodeIgniter.php(349): CodeIgniter\CodeIgniter->handleRequest(null, Object(Config\Cache), false)
 9 FCPATH\index.php(67): CodeIgniter\CodeIgniter->run()
10 SYSTEMPATH\Commands\Server\rewrite.php(47): require_once('FCPATH\\index.php')
CRITICAL - 2023-01-03 02:35:22 --> Undefined array key "harga"
in APPPATH\Views\transaksi\index.php on line 99.
 1 APPPATH\Views\transaksi\index.php(99): CodeIgniter\Debug\Exceptions->errorHandler(2, 'Undefined array key "harga"', 'APPPATH\\Views\\transaksi\\index.php', 99)
 2 SYSTEMPATH\View\View.php(213): include('APPPATH\\Views\\transaksi\\index.php')
 3 SYSTEMPATH\View\View.php(216): CodeIgniter\View\View->CodeIgniter\View\{closure}()
 4 SYSTEMPATH\Common.php(1135): CodeIgniter\View\View->render('transaksi/index', [], true)
 5 APPPATH\Controllers\Transaksi.php(22): view('transaksi/index', [...])
 6 SYSTEMPATH\CodeIgniter.php(925): App\Controllers\Transaksi->index()
 7 SYSTEMPATH\CodeIgniter.php(480): CodeIgniter\CodeIgniter->runController(Object(App\Controllers\Transaksi))
 8 SYSTEMPATH\CodeIgniter.php(349): CodeIgniter\CodeIgniter->handleRequest(null, Object(Config\Cache), false)
 9 FCPATH\index.php(67): CodeIgniter\CodeIgniter->run()
10 SYSTEMPATH\Commands\Server\rewrite.php(47): require_once('FCPATH\\index.php')
CRITICAL - 2023-01-03 02:36:51 --> Undefined array key "harga"
in APPPATH\Views\transaksi\index.php on line 105.
 1 APPPATH\Views\transaksi\index.php(105): CodeIgniter\Debug\Exceptions->errorHandler(2, 'Undefined array key "harga"', 'APPPATH\\Views\\transaksi\\index.php', 105)
 2 SYSTEMPATH\View\View.php(213): include('APPPATH\\Views\\transaksi\\index.php')
 3 SYSTEMPATH\View\View.php(216): CodeIgniter\View\View->CodeIgniter\View\{closure}()
 4 SYSTEMPATH\Common.php(1135): CodeIgniter\View\View->render('transaksi/index', [], true)
 5 APPPATH\Controllers\Transaksi.php(22): view('transaksi/index', [...])
 6 SYSTEMPATH\CodeIgniter.php(925): App\Controllers\Transaksi->index()
 7 SYSTEMPATH\CodeIgniter.php(480): CodeIgniter\CodeIgniter->runController(Object(App\Controllers\Transaksi))
 8 SYSTEMPATH\CodeIgniter.php(349): CodeIgniter\CodeIgniter->handleRequest(null, Object(Config\Cache), false)
 9 FCPATH\index.php(67): CodeIgniter\CodeIgniter->run()
10 SYSTEMPATH\Commands\Server\rewrite.php(47): require_once('FCPATH\\index.php')
CRITICAL - 2023-01-03 02:55:14 --> Undefined variable $subtotal
in APPPATH\Views\transaksi\index.php on line 115.
 1 APPPATH\Views\transaksi\index.php(115): CodeIgniter\Debug\Exceptions->errorHandler(2, 'Undefined variable $subtotal', 'APPPATH\\Views\\transaksi\\index.php', 115)
 2 SYSTEMPATH\View\View.php(213): include('APPPATH\\Views\\transaksi\\index.php')
 3 SYSTEMPATH\View\View.php(216): CodeIgniter\View\View->CodeIgniter\View\{closure}()
 4 SYSTEMPATH\Common.php(1135): CodeIgniter\View\View->render('transaksi/index', [], true)
 5 APPPATH\Controllers\Transaksi.php(22): view('transaksi/index', [...])
 6 SYSTEMPATH\CodeIgniter.php(925): App\Controllers\Transaksi->index()
 7 SYSTEMPATH\CodeIgniter.php(480): CodeIgniter\CodeIgniter->runController(Object(App\Controllers\Transaksi))
 8 SYSTEMPATH\CodeIgniter.php(349): CodeIgniter\CodeIgniter->handleRequest(null, Object(Config\Cache), false)
 9 FCPATH\index.php(67): CodeIgniter\CodeIgniter->run()
10 SYSTEMPATH\Commands\Server\rewrite.php(47): require_once('FCPATH\\index.php')
CRITICAL - 2023-01-03 03:00:50 --> syntax error, unexpected token "echo"
in APPPATH\Views\transaksi\index.php on line 99.
 1 SYSTEMPATH\View\View.php(216): CodeIgniter\View\View->CodeIgniter\View\{closure}()
 2 SYSTEMPATH\Common.php(1135): CodeIgniter\View\View->render('transaksi/index', [], true)
 3 APPPATH\Controllers\Transaksi.php(22): view('transaksi/index', [...])
 4 SYSTEMPATH\CodeIgniter.php(925): App\Controllers\Transaksi->index()
 5 SYSTEMPATH\CodeIgniter.php(480): CodeIgniter\CodeIgniter->runController(Object(App\Controllers\Transaksi))
 6 SYSTEMPATH\CodeIgniter.php(349): CodeIgniter\CodeIgniter->handleRequest(null, Object(Config\Cache), false)
 7 FCPATH\index.php(67): CodeIgniter\CodeIgniter->run()
 8 SYSTEMPATH\Commands\Server\rewrite.php(47): require_once('FCPATH\\index.php')
CRITICAL - 2023-01-03 03:07:24 --> Undefined variable $subtotal
in APPPATH\Views\transaksi\index.php on line 122.
 1 APPPATH\Views\transaksi\index.php(122): CodeIgniter\Debug\Exceptions->errorHandler(2, 'Undefined variable $subtotal', 'APPPATH\\Views\\transaksi\\index.php', 122)
 2 SYSTEMPATH\View\View.php(213): include('APPPATH\\Views\\transaksi\\index.php')
 3 SYSTEMPATH\View\View.php(216): CodeIgniter\View\View->CodeIgniter\View\{closure}()
 4 SYSTEMPATH\Common.php(1135): CodeIgniter\View\View->render('transaksi/index', [], true)
 5 APPPATH\Controllers\Transaksi.php(22): view('transaksi/index', [...])
 6 SYSTEMPATH\CodeIgniter.php(925): App\Controllers\Transaksi->index()
 7 SYSTEMPATH\CodeIgniter.php(480): CodeIgniter\CodeIgniter->runController(Object(App\Controllers\Transaksi))
 8 SYSTEMPATH\CodeIgniter.php(349): CodeIgniter\CodeIgniter->handleRequest(null, Object(Config\Cache), false)
 9 FCPATH\index.php(67): CodeIgniter\CodeIgniter->run()
10 SYSTEMPATH\Commands\Server\rewrite.php(47): require_once('FCPATH\\index.php')
CRITICAL - 2023-01-03 03:55:37 --> Undefined array key "harga"
in APPPATH\Views\transaksi\index.php on line 132.
 1 APPPATH\Views\transaksi\index.php(132): CodeIgniter\Debug\Exceptions->errorHandler(2, 'Undefined array key "harga"', 'APPPATH\\Views\\transaksi\\index.php', 132)
 2 SYSTEMPATH\View\View.php(213): include('APPPATH\\Views\\transaksi\\index.php')
 3 SYSTEMPATH\View\View.php(216): CodeIgniter\View\View->CodeIgniter\View\{closure}()
 4 SYSTEMPATH\Common.php(1135): CodeIgniter\View\View->render('transaksi/index', [], true)
 5 APPPATH\Controllers\Transaksi.php(22): view('transaksi/index', [...])
 6 SYSTEMPATH\CodeIgniter.php(925): App\Controllers\Transaksi->index()
 7 SYSTEMPATH\CodeIgniter.php(480): CodeIgniter\CodeIgniter->runController(Object(App\Controllers\Transaksi))
 8 SYSTEMPATH\CodeIgniter.php(349): CodeIgniter\CodeIgniter->handleRequest(null, Object(Config\Cache), false)
 9 FCPATH\index.php(67): CodeIgniter\CodeIgniter->run()
10 SYSTEMPATH\Commands\Server\rewrite.php(47): require_once('FCPATH\\index.php')
CRITICAL - 2023-01-03 03:55:49 --> Undefined variable $subtotal
in APPPATH\Views\transaksi\index.php on line 136.
 1 APPPATH\Views\transaksi\index.php(136): CodeIgniter\Debug\Exceptions->errorHandler(2, 'Undefined variable $subtotal', 'APPPATH\\Views\\transaksi\\index.php', 136)
 2 SYSTEMPATH\View\View.php(213): include('APPPATH\\Views\\transaksi\\index.php')
 3 SYSTEMPATH\View\View.php(216): CodeIgniter\View\View->CodeIgniter\View\{closure}()
 4 SYSTEMPATH\Common.php(1135): CodeIgniter\View\View->render('transaksi/index', [], true)
 5 APPPATH\Controllers\Transaksi.php(22): view('transaksi/index', [...])
 6 SYSTEMPATH\CodeIgniter.php(925): App\Controllers\Transaksi->index()
 7 SYSTEMPATH\CodeIgniter.php(480): CodeIgniter\CodeIgniter->runController(Object(App\Controllers\Transaksi))
 8 SYSTEMPATH\CodeIgniter.php(349): CodeIgniter\CodeIgniter->handleRequest(null, Object(Config\Cache), false)
 9 FCPATH\index.php(67): CodeIgniter\CodeIgniter->run()
10 SYSTEMPATH\Commands\Server\rewrite.php(47): require_once('FCPATH\\index.php')
CRITICAL - 2023-01-03 03:55:51 --> Undefined variable $subtotal
in APPPATH\Views\transaksi\index.php on line 136.
 1 APPPATH\Views\transaksi\index.php(136): CodeIgniter\Debug\Exceptions->errorHandler(2, 'Undefined variable $subtotal', 'APPPATH\\Views\\transaksi\\index.php', 136)
 2 SYSTEMPATH\View\View.php(213): include('APPPATH\\Views\\transaksi\\index.php')
 3 SYSTEMPATH\View\View.php(216): CodeIgniter\View\View->CodeIgniter\View\{closure}()
 4 SYSTEMPATH\Common.php(1135): CodeIgniter\View\View->render('transaksi/index', [], true)
 5 APPPATH\Controllers\Transaksi.php(22): view('transaksi/index', [...])
 6 SYSTEMPATH\CodeIgniter.php(925): App\Controllers\Transaksi->index()
 7 SYSTEMPATH\CodeIgniter.php(480): CodeIgniter\CodeIgniter->runController(Object(App\Controllers\Transaksi))
 8 SYSTEMPATH\CodeIgniter.php(349): CodeIgniter\CodeIgniter->handleRequest(null, Object(Config\Cache), false)
 9 FCPATH\index.php(67): CodeIgniter\CodeIgniter->run()
10 SYSTEMPATH\Commands\Server\rewrite.php(47): require_once('FCPATH\\index.php')
CRITICAL - 2023-01-03 04:07:39 --> syntax error, unexpected end of file
in APPPATH\Views\transaksi\index.php on line 195.
 1 SYSTEMPATH\View\View.php(216): CodeIgniter\View\View->CodeIgniter\View\{closure}()
 2 SYSTEMPATH\Common.php(1135): CodeIgniter\View\View->render('transaksi/index', [], true)
 3 APPPATH\Controllers\Transaksi.php(28): view('transaksi/index', [...])
 4 SYSTEMPATH\CodeIgniter.php(925): App\Controllers\Transaksi->index()
 5 SYSTEMPATH\CodeIgniter.php(480): CodeIgniter\CodeIgniter->runController(Object(App\Controllers\Transaksi))
 6 SYSTEMPATH\CodeIgniter.php(349): CodeIgniter\CodeIgniter->handleRequest(null, Object(Config\Cache), false)
 7 FCPATH\index.php(67): CodeIgniter\CodeIgniter->run()
 8 SYSTEMPATH\Commands\Server\rewrite.php(47): require_once('FCPATH\\index.php')
CRITICAL - 2023-01-03 04:09:16 --> Undefined variable $subtotal
in APPPATH\Views\transaksi\index.php on line 126.
 1 APPPATH\Views\transaksi\index.php(126): CodeIgniter\Debug\Exceptions->errorHandler(2, 'Undefined variable $subtotal', 'APPPATH\\Views\\transaksi\\index.php', 126)
 2 SYSTEMPATH\View\View.php(213): include('APPPATH\\Views\\transaksi\\index.php')
 3 SYSTEMPATH\View\View.php(216): CodeIgniter\View\View->CodeIgniter\View\{closure}()
 4 SYSTEMPATH\Common.php(1135): CodeIgniter\View\View->render('transaksi/index', [], true)
 5 APPPATH\Controllers\Transaksi.php(28): view('transaksi/index', [...])
 6 SYSTEMPATH\CodeIgniter.php(925): App\Controllers\Transaksi->index()
 7 SYSTEMPATH\CodeIgniter.php(480): CodeIgniter\CodeIgniter->runController(Object(App\Controllers\Transaksi))
 8 SYSTEMPATH\CodeIgniter.php(349): CodeIgniter\CodeIgniter->handleRequest(null, Object(Config\Cache), false)
 9 FCPATH\index.php(67): CodeIgniter\CodeIgniter->run()
10 SYSTEMPATH\Commands\Server\rewrite.php(47): require_once('FCPATH\\index.php')
CRITICAL - 2023-01-03 04:12:11 --> Undefined variable $subtotal
in APPPATH\Views\transaksi\index.php on line 126.
 1 APPPATH\Views\transaksi\index.php(126): CodeIgniter\Debug\Exceptions->errorHandler(2, 'Undefined variable $subtotal', 'APPPATH\\Views\\transaksi\\index.php', 126)
 2 SYSTEMPATH\View\View.php(213): include('APPPATH\\Views\\transaksi\\index.php')
 3 SYSTEMPATH\View\View.php(216): CodeIgniter\View\View->CodeIgniter\View\{closure}()
 4 SYSTEMPATH\Common.php(1135): CodeIgniter\View\View->render('transaksi/index', [], true)
 5 APPPATH\Controllers\Transaksi.php(28): view('transaksi/index', [...])
 6 SYSTEMPATH\CodeIgniter.php(925): App\Controllers\Transaksi->index()
 7 SYSTEMPATH\CodeIgniter.php(480): CodeIgniter\CodeIgniter->runController(Object(App\Controllers\Transaksi))
 8 SYSTEMPATH\CodeIgniter.php(349): CodeIgniter\CodeIgniter->handleRequest(null, Object(Config\Cache), false)
 9 FCPATH\index.php(67): CodeIgniter\CodeIgniter->run()
10 SYSTEMPATH\Commands\Server\rewrite.php(47): require_once('FCPATH\\index.php')
