CRITICAL - 2022-12-25 20:45:06 --> Undefined array key 0
in APPPATH\Views\home\detail.php on line 60.
 1 APPPATH\Views\home\detail.php(60): CodeIgniter\Debug\Exceptions->errorHandler(2, 'Undefined array key 0', 'APPPATH\\Views\\home\\detail.php', 60)
 2 SYSTEMPATH\View\View.php(213): include('APPPATH\\Views\\home\\detail.php')
 3 SYSTEMPATH\View\View.php(216): CodeIgniter\View\View->CodeIgniter\View\{closure}()
 4 SYSTEMPATH\Common.php(1135): CodeIgniter\View\View->render('home/detail', [], true)
 5 APPPATH\Controllers\Home.php(33): view('home/detail', [...])
 6 SYSTEMPATH\CodeIgniter.php(925): App\Controllers\Home->detail('jersey-mizuno-motif-1-merah-size-m')
 7 SYSTEMPATH\CodeIgniter.php(480): CodeIgniter\CodeIgniter->runController(Object(App\Controllers\Home))
 8 SYSTEMPATH\CodeIgniter.php(349): CodeIgniter\CodeIgniter->handleRequest(null, Object(Config\Cache), false)
 9 FCPATH\index.php(67): CodeIgniter\CodeIgniter->run()
10 SYSTEMPATH\Commands\Server\rewrite.php(47): require_once('FCPATH\\index.php')
CRITICAL - 2022-12-25 20:46:11 --> Undefined array key "nama_kategori"
in APPPATH\Views\home\detail.php on line 66.
 1 APPPATH\Views\home\detail.php(66): CodeIgniter\Debug\Exceptions->errorHandler(2, 'Undefined array key "nama_kategori"', 'APPPATH\\Views\\home\\detail.php', 66)
 2 SYSTEMPATH\View\View.php(213): include('APPPATH\\Views\\home\\detail.php')
 3 SYSTEMPATH\View\View.php(216): CodeIgniter\View\View->CodeIgniter\View\{closure}()
 4 SYSTEMPATH\Common.php(1135): CodeIgniter\View\View->render('home/detail', [], true)
 5 APPPATH\Controllers\Home.php(33): view('home/detail', [...])
 6 SYSTEMPATH\CodeIgniter.php(925): App\Controllers\Home->detail('jersey-mizuno-motif-1-biru-size-m')
 7 SYSTEMPATH\CodeIgniter.php(480): CodeIgniter\CodeIgniter->runController(Object(App\Controllers\Home))
 8 SYSTEMPATH\CodeIgniter.php(349): CodeIgniter\CodeIgniter->handleRequest(null, Object(Config\Cache), false)
 9 FCPATH\index.php(67): CodeIgniter\CodeIgniter->run()
10 SYSTEMPATH\Commands\Server\rewrite.php(47): require_once('FCPATH\\index.php')
CRITICAL - 2022-12-25 20:47:57 --> Undefined array key "gambar"
in APPPATH\Views\home\detail.php on line 60.
 1 APPPATH\Views\home\detail.php(60): CodeIgniter\Debug\Exceptions->errorHandler(2, 'Undefined array key "gambar"', 'APPPATH\\Views\\home\\detail.php', 60)
 2 SYSTEMPATH\View\View.php(213): include('APPPATH\\Views\\home\\detail.php')
 3 SYSTEMPATH\View\View.php(216): CodeIgniter\View\View->CodeIgniter\View\{closure}()
 4 SYSTEMPATH\Common.php(1135): CodeIgniter\View\View->render('home/detail', [], true)
 5 APPPATH\Controllers\Home.php(33): view('home/detail', [...])
 6 SYSTEMPATH\CodeIgniter.php(925): App\Controllers\Home->detail('jersey-mizuno-motif-1-merah-size-m')
 7 SYSTEMPATH\CodeIgniter.php(480): CodeIgniter\CodeIgniter->runController(Object(App\Controllers\Home))
 8 SYSTEMPATH\CodeIgniter.php(349): CodeIgniter\CodeIgniter->handleRequest(null, Object(Config\Cache), false)
 9 FCPATH\index.php(67): CodeIgniter\CodeIgniter->run()
10 SYSTEMPATH\Commands\Server\rewrite.php(47): require_once('FCPATH\\index.php')
ERROR - 2022-12-25 21:51:29 --> mysqli_sql_exception: You have an error in your SQL syntax; check the manual that corresponds to your MariaDB server version for the right syntax to use near '' at line 2 in C:\xampp\htdocs\skripsi\TokoMJSport\vendor\codeigniter4\framework\system\Database\MySQLi\Connection.php:292
Stack trace:
#0 C:\xampp\htdocs\skripsi\TokoMJSport\vendor\codeigniter4\framework\system\Database\MySQLi\Connection.php(292): mysqli->query('ALTER TABLE `ke...', 0)
#1 C:\xampp\htdocs\skripsi\TokoMJSport\vendor\codeigniter4\framework\system\Database\BaseConnection.php(666): CodeIgniter\Database\MySQLi\Connection->execute('ALTER TABLE `ke...')
#2 C:\xampp\htdocs\skripsi\TokoMJSport\vendor\codeigniter4\framework\system\Database\BaseConnection.php(593): CodeIgniter\Database\BaseConnection->simpleQuery('ALTER TABLE `ke...')
#3 C:\xampp\htdocs\skripsi\TokoMJSport\vendor\codeigniter4\framework\system\Database\Forge.php(708): CodeIgniter\Database\BaseConnection->query('ALTER TABLE `ke...')
#4 C:\xampp\htdocs\skripsi\TokoMJSport\app\Database\Migrations\2022-12-26-034205_AddidUserFkKeranjang.php(13): CodeIgniter\Database\Forge->addColumn('keranjang', Array)
#5 C:\xampp\htdocs\skripsi\TokoMJSport\vendor\codeigniter4\framework\system\Database\MigrationRunner.php(869): App\Database\Migrations\AddidUserFkKeranjang->up()
#6 C:\xampp\htdocs\skripsi\TokoMJSport\vendor\codeigniter4\framework\system\Database\MigrationRunner.php(188): CodeIgniter\Database\MigrationRunner->migrate('up', Object(stdClass))
#7 C:\xampp\htdocs\skripsi\TokoMJSport\vendor\codeigniter4\framework\system\Commands\Database\Migrate.php(84): CodeIgniter\Database\MigrationRunner->latest(NULL)
#8 C:\xampp\htdocs\skripsi\TokoMJSport\vendor\codeigniter4\framework\system\CLI\Commands.php(63): CodeIgniter\Commands\Database\Migrate->run(Array)
#9 C:\xampp\htdocs\skripsi\TokoMJSport\vendor\codeigniter4\framework\system\CLI\CommandRunner.php(65): CodeIgniter\CLI\Commands->run('migrate', Array)
#10 C:\xampp\htdocs\skripsi\TokoMJSport\vendor\codeigniter4\framework\system\CLI\CommandRunner.php(51): CodeIgniter\CLI\CommandRunner->index(Array)
#11 C:\xampp\htdocs\skripsi\TokoMJSport\vendor\codeigniter4\framework\system\CodeIgniter.php(918): CodeIgniter\CLI\CommandRunner->_remap('index', Array)
#12 C:\xampp\htdocs\skripsi\TokoMJSport\vendor\codeigniter4\framework\system\CodeIgniter.php(480): CodeIgniter\CodeIgniter->runController(Object(CodeIgniter\CLI\CommandRunner))
#13 C:\xampp\htdocs\skripsi\TokoMJSport\vendor\codeigniter4\framework\system\CodeIgniter.php(345): CodeIgniter\CodeIgniter->handleRequest(NULL, Object(Config\Cache), false)
#14 C:\xampp\htdocs\skripsi\TokoMJSport\vendor\codeigniter4\framework\system\CLI\Console.php(48): CodeIgniter\CodeIgniter->run()
#15 C:\xampp\htdocs\skripsi\TokoMJSport\spark(98): CodeIgniter\CLI\Console->run()
#16 {main}
ERROR - 2022-12-25 22:00:49 --> mysqli_sql_exception: You have an error in your SQL syntax; check the manual that corresponds to your MariaDB server version for the right syntax to use near '' at line 2 in C:\xampp\htdocs\skripsi\TokoMJSport\vendor\codeigniter4\framework\system\Database\MySQLi\Connection.php:292
Stack trace:
#0 C:\xampp\htdocs\skripsi\TokoMJSport\vendor\codeigniter4\framework\system\Database\MySQLi\Connection.php(292): mysqli->query('ALTER TABLE `ke...', 0)
#1 C:\xampp\htdocs\skripsi\TokoMJSport\vendor\codeigniter4\framework\system\Database\BaseConnection.php(666): CodeIgniter\Database\MySQLi\Connection->execute('ALTER TABLE `ke...')
#2 C:\xampp\htdocs\skripsi\TokoMJSport\vendor\codeigniter4\framework\system\Database\BaseConnection.php(593): CodeIgniter\Database\BaseConnection->simpleQuery('ALTER TABLE `ke...')
#3 C:\xampp\htdocs\skripsi\TokoMJSport\vendor\codeigniter4\framework\system\Database\Forge.php(708): CodeIgniter\Database\BaseConnection->query('ALTER TABLE `ke...')
#4 C:\xampp\htdocs\skripsi\TokoMJSport\app\Database\Migrations\2022-12-26-034205_AddidUserFkKeranjang.php(13): CodeIgniter\Database\Forge->addColumn('keranjang', Array)
#5 C:\xampp\htdocs\skripsi\TokoMJSport\vendor\codeigniter4\framework\system\Database\MigrationRunner.php(869): App\Database\Migrations\AddidUserFkKeranjang->up()
#6 C:\xampp\htdocs\skripsi\TokoMJSport\vendor\codeigniter4\framework\system\Database\MigrationRunner.php(188): CodeIgniter\Database\MigrationRunner->migrate('up', Object(stdClass))
#7 C:\xampp\htdocs\skripsi\TokoMJSport\vendor\codeigniter4\framework\system\Commands\Database\Migrate.php(84): CodeIgniter\Database\MigrationRunner->latest(NULL)
#8 C:\xampp\htdocs\skripsi\TokoMJSport\vendor\codeigniter4\framework\system\CLI\Commands.php(63): CodeIgniter\Commands\Database\Migrate->run(Array)
#9 C:\xampp\htdocs\skripsi\TokoMJSport\vendor\codeigniter4\framework\system\CLI\CommandRunner.php(65): CodeIgniter\CLI\Commands->run('migrate', Array)
#10 C:\xampp\htdocs\skripsi\TokoMJSport\vendor\codeigniter4\framework\system\CLI\CommandRunner.php(51): CodeIgniter\CLI\CommandRunner->index(Array)
#11 C:\xampp\htdocs\skripsi\TokoMJSport\vendor\codeigniter4\framework\system\CodeIgniter.php(918): CodeIgniter\CLI\CommandRunner->_remap('index', Array)
#12 C:\xampp\htdocs\skripsi\TokoMJSport\vendor\codeigniter4\framework\system\CodeIgniter.php(480): CodeIgniter\CodeIgniter->runController(Object(CodeIgniter\CLI\CommandRunner))
#13 C:\xampp\htdocs\skripsi\TokoMJSport\vendor\codeigniter4\framework\system\CodeIgniter.php(345): CodeIgniter\CodeIgniter->handleRequest(NULL, Object(Config\Cache), false)
#14 C:\xampp\htdocs\skripsi\TokoMJSport\vendor\codeigniter4\framework\system\CLI\Console.php(48): CodeIgniter\CodeIgniter->run()
#15 C:\xampp\htdocs\skripsi\TokoMJSport\spark(98): CodeIgniter\CLI\Console->run()
#16 {main}
CRITICAL - 2022-12-25 22:56:45 --> Undefined array key 0
in APPPATH\Views\home\detail.php on line 60.
 1 APPPATH\Views\home\detail.php(60): CodeIgniter\Debug\Exceptions->errorHandler(2, 'Undefined array key 0', 'APPPATH\\Views\\home\\detail.php', 60)
 2 SYSTEMPATH\View\View.php(213): include('APPPATH\\Views\\home\\detail.php')
 3 SYSTEMPATH\View\View.php(216): CodeIgniter\View\View->CodeIgniter\View\{closure}()
 4 SYSTEMPATH\Common.php(1135): CodeIgniter\View\View->render('home/detail', [], true)
 5 APPPATH\Controllers\Home.php(33): view('home/detail', [...])
 6 SYSTEMPATH\CodeIgniter.php(925): App\Controllers\Home->detail('keranjang')
 7 SYSTEMPATH\CodeIgniter.php(480): CodeIgniter\CodeIgniter->runController(Object(App\Controllers\Home))
 8 SYSTEMPATH\CodeIgniter.php(349): CodeIgniter\CodeIgniter->handleRequest(null, Object(Config\Cache), false)
 9 FCPATH\index.php(67): CodeIgniter\CodeIgniter->run()
10 SYSTEMPATH\Commands\Server\rewrite.php(47): require_once('FCPATH\\index.php')
CRITICAL - 2022-12-25 23:01:09 --> Undefined array key 0
in APPPATH\Views\home\detail.php on line 60.
 1 APPPATH\Views\home\detail.php(60): CodeIgniter\Debug\Exceptions->errorHandler(2, 'Undefined array key 0', 'APPPATH\\Views\\home\\detail.php', 60)
 2 SYSTEMPATH\View\View.php(213): include('APPPATH\\Views\\home\\detail.php')
 3 SYSTEMPATH\View\View.php(216): CodeIgniter\View\View->CodeIgniter\View\{closure}()
 4 SYSTEMPATH\Common.php(1135): CodeIgniter\View\View->render('home/detail', [], true)
 5 APPPATH\Controllers\Home.php(33): view('home/detail', [...])
 6 SYSTEMPATH\CodeIgniter.php(925): App\Controllers\Home->detail('$1')
 7 SYSTEMPATH\CodeIgniter.php(480): CodeIgniter\CodeIgniter->runController(Object(App\Controllers\Home))
 8 SYSTEMPATH\CodeIgniter.php(349): CodeIgniter\CodeIgniter->handleRequest(null, Object(Config\Cache), false)
 9 FCPATH\index.php(67): CodeIgniter\CodeIgniter->run()
10 SYSTEMPATH\Commands\Server\rewrite.php(47): require_once('FCPATH\\index.php')
