ERROR - 2023-01-11 07:17:04 --> Error connecting to the database: mysqli_sql_exception: No connection could be made because the target machine actively refused it in C:\xampp\htdocs\skripsi\Tokomjs\MJ\vendor\codeigniter4\framework\system\Database\MySQLi\Connection.php:171
Stack trace:
#0 C:\xampp\htdocs\skripsi\Tokomjs\MJ\vendor\codeigniter4\framework\system\Database\MySQLi\Connection.php(171): mysqli->real_connect('localhost', 'root', '', 'tokomj', 3306, '', 0)
#1 C:\xampp\htdocs\skripsi\Tokomjs\MJ\vendor\codeigniter4\framework\system\Database\BaseConnection.php(382): CodeIgniter\Database\MySQLi\Connection->connect(false)
#2 C:\xampp\htdocs\skripsi\Tokomjs\MJ\vendor\codeigniter4\framework\system\Database\BaseConnection.php(561): CodeIgniter\Database\BaseConnection->initialize()
#3 C:\xampp\htdocs\skripsi\Tokomjs\MJ\vendor\codeigniter4\framework\system\Database\BaseBuilder.php(1585): CodeIgniter\Database\BaseConnection->query('SELECT *\nFROM `...', Array, false)
#4 C:\xampp\htdocs\skripsi\Tokomjs\MJ\app\Models\ProdukModel.php(41): CodeIgniter\Database\BaseBuilder->get()
#5 C:\xampp\htdocs\skripsi\Tokomjs\MJ\app\Controllers\Home.php(20): App\Models\ProdukModel->getProdukAdmin()
#6 C:\xampp\htdocs\skripsi\Tokomjs\MJ\vendor\codeigniter4\framework\system\CodeIgniter.php(925): App\Controllers\Home->index()
#7 C:\xampp\htdocs\skripsi\Tokomjs\MJ\vendor\codeigniter4\framework\system\CodeIgniter.php(480): CodeIgniter\CodeIgniter->runController(Object(App\Controllers\Home))
#8 C:\xampp\htdocs\skripsi\Tokomjs\MJ\vendor\codeigniter4\framework\system\CodeIgniter.php(349): CodeIgniter\CodeIgniter->handleRequest(NULL, Object(Config\Cache), false)
#9 C:\xampp\htdocs\skripsi\Tokomjs\MJ\public\index.php(67): CodeIgniter\CodeIgniter->run()
#10 C:\xampp\htdocs\skripsi\Tokomjs\MJ\vendor\codeigniter4\framework\system\Commands\Server\rewrite.php(47): require_once('C:\\xampp\\htdocs...')
#11 {main}

Next CodeIgniter\Database\Exceptions\DatabaseException: No connection could be made because the target machine actively refused it in C:\xampp\htdocs\skripsi\Tokomjs\MJ\vendor\codeigniter4\framework\system\Database\MySQLi\Connection.php:215
Stack trace:
#0 C:\xampp\htdocs\skripsi\Tokomjs\MJ\vendor\codeigniter4\framework\system\Database\BaseConnection.php(382): CodeIgniter\Database\MySQLi\Connection->connect(false)
#1 C:\xampp\htdocs\skripsi\Tokomjs\MJ\vendor\codeigniter4\framework\system\Database\BaseConnection.php(561): CodeIgniter\Database\BaseConnection->initialize()
#2 C:\xampp\htdocs\skripsi\Tokomjs\MJ\vendor\codeigniter4\framework\system\Database\BaseBuilder.php(1585): CodeIgniter\Database\BaseConnection->query('SELECT *\nFROM `...', Array, false)
#3 C:\xampp\htdocs\skripsi\Tokomjs\MJ\app\Models\ProdukModel.php(41): CodeIgniter\Database\BaseBuilder->get()
#4 C:\xampp\htdocs\skripsi\Tokomjs\MJ\app\Controllers\Home.php(20): App\Models\ProdukModel->getProdukAdmin()
#5 C:\xampp\htdocs\skripsi\Tokomjs\MJ\vendor\codeigniter4\framework\system\CodeIgniter.php(925): App\Controllers\Home->index()
#6 C:\xampp\htdocs\skripsi\Tokomjs\MJ\vendor\codeigniter4\framework\system\CodeIgniter.php(480): CodeIgniter\CodeIgniter->runController(Object(App\Controllers\Home))
#7 C:\xampp\htdocs\skripsi\Tokomjs\MJ\vendor\codeigniter4\framework\system\CodeIgniter.php(349): CodeIgniter\CodeIgniter->handleRequest(NULL, Object(Config\Cache), false)
#8 C:\xampp\htdocs\skripsi\Tokomjs\MJ\public\index.php(67): CodeIgniter\CodeIgniter->run()
#9 C:\xampp\htdocs\skripsi\Tokomjs\MJ\vendor\codeigniter4\framework\system\Commands\Server\rewrite.php(47): require_once('C:\\xampp\\htdocs...')
#10 {main}
CRITICAL - 2023-01-11 07:17:04 --> Unable to connect to the database.
Main connection [MySQLi]: No connection could be made because the target machine actively refused it
in SYSTEMPATH\Database\BaseConnection.php on line 418.
 1 SYSTEMPATH\Database\BaseConnection.php(561): CodeIgniter\Database\BaseConnection->initialize()
 2 SYSTEMPATH\Database\BaseBuilder.php(1585): CodeIgniter\Database\BaseConnection->query('SELECT *
FROM `produk`
JOIN `kategori` ON `kategori`.`id_kategori`=`produk`.`id_kategoriFK`', [], false)
 3 APPPATH\Models\ProdukModel.php(41): CodeIgniter\Database\BaseBuilder->get()
 4 APPPATH\Controllers\Home.php(20): App\Models\ProdukModel->getProdukAdmin()
 5 SYSTEMPATH\CodeIgniter.php(925): App\Controllers\Home->index()
 6 SYSTEMPATH\CodeIgniter.php(480): CodeIgniter\CodeIgniter->runController(Object(App\Controllers\Home))
 7 SYSTEMPATH\CodeIgniter.php(349): CodeIgniter\CodeIgniter->handleRequest(null, Object(Config\Cache), false)
 8 FCPATH\index.php(67): CodeIgniter\CodeIgniter->run()
 9 SYSTEMPATH\Commands\Server\rewrite.php(47): require_once('FCPATH\\index.php')
ERROR - 2023-01-11 07:17:09 --> Error connecting to the database: mysqli_sql_exception: No connection could be made because the target machine actively refused it in C:\xampp\htdocs\skripsi\Tokomjs\MJ\vendor\codeigniter4\framework\system\Database\MySQLi\Connection.php:171
Stack trace:
#0 C:\xampp\htdocs\skripsi\Tokomjs\MJ\vendor\codeigniter4\framework\system\Database\MySQLi\Connection.php(171): mysqli->real_connect('localhost', 'root', '', 'tokomj', 3306, '', 0)
#1 C:\xampp\htdocs\skripsi\Tokomjs\MJ\vendor\codeigniter4\framework\system\Database\BaseConnection.php(382): CodeIgniter\Database\MySQLi\Connection->connect(false)
#2 C:\xampp\htdocs\skripsi\Tokomjs\MJ\vendor\codeigniter4\framework\system\Database\BaseConnection.php(561): CodeIgniter\Database\BaseConnection->initialize()
#3 C:\xampp\htdocs\skripsi\Tokomjs\MJ\vendor\codeigniter4\framework\system\Database\BaseBuilder.php(1585): CodeIgniter\Database\BaseConnection->query('SELECT *\nFROM `...', Array, false)
#4 C:\xampp\htdocs\skripsi\Tokomjs\MJ\app\Models\ProdukModel.php(41): CodeIgniter\Database\BaseBuilder->get()
#5 C:\xampp\htdocs\skripsi\Tokomjs\MJ\app\Controllers\Home.php(20): App\Models\ProdukModel->getProdukAdmin()
#6 C:\xampp\htdocs\skripsi\Tokomjs\MJ\vendor\codeigniter4\framework\system\CodeIgniter.php(925): App\Controllers\Home->index()
#7 C:\xampp\htdocs\skripsi\Tokomjs\MJ\vendor\codeigniter4\framework\system\CodeIgniter.php(480): CodeIgniter\CodeIgniter->runController(Object(App\Controllers\Home))
#8 C:\xampp\htdocs\skripsi\Tokomjs\MJ\vendor\codeigniter4\framework\system\CodeIgniter.php(349): CodeIgniter\CodeIgniter->handleRequest(NULL, Object(Config\Cache), false)
#9 C:\xampp\htdocs\skripsi\Tokomjs\MJ\public\index.php(67): CodeIgniter\CodeIgniter->run()
#10 C:\xampp\htdocs\skripsi\Tokomjs\MJ\vendor\codeigniter4\framework\system\Commands\Server\rewrite.php(47): require_once('C:\\xampp\\htdocs...')
#11 {main}

Next CodeIgniter\Database\Exceptions\DatabaseException: No connection could be made because the target machine actively refused it in C:\xampp\htdocs\skripsi\Tokomjs\MJ\vendor\codeigniter4\framework\system\Database\MySQLi\Connection.php:215
Stack trace:
#0 C:\xampp\htdocs\skripsi\Tokomjs\MJ\vendor\codeigniter4\framework\system\Database\BaseConnection.php(382): CodeIgniter\Database\MySQLi\Connection->connect(false)
#1 C:\xampp\htdocs\skripsi\Tokomjs\MJ\vendor\codeigniter4\framework\system\Database\BaseConnection.php(561): CodeIgniter\Database\BaseConnection->initialize()
#2 C:\xampp\htdocs\skripsi\Tokomjs\MJ\vendor\codeigniter4\framework\system\Database\BaseBuilder.php(1585): CodeIgniter\Database\BaseConnection->query('SELECT *\nFROM `...', Array, false)
#3 C:\xampp\htdocs\skripsi\Tokomjs\MJ\app\Models\ProdukModel.php(41): CodeIgniter\Database\BaseBuilder->get()
#4 C:\xampp\htdocs\skripsi\Tokomjs\MJ\app\Controllers\Home.php(20): App\Models\ProdukModel->getProdukAdmin()
#5 C:\xampp\htdocs\skripsi\Tokomjs\MJ\vendor\codeigniter4\framework\system\CodeIgniter.php(925): App\Controllers\Home->index()
#6 C:\xampp\htdocs\skripsi\Tokomjs\MJ\vendor\codeigniter4\framework\system\CodeIgniter.php(480): CodeIgniter\CodeIgniter->runController(Object(App\Controllers\Home))
#7 C:\xampp\htdocs\skripsi\Tokomjs\MJ\vendor\codeigniter4\framework\system\CodeIgniter.php(349): CodeIgniter\CodeIgniter->handleRequest(NULL, Object(Config\Cache), false)
#8 C:\xampp\htdocs\skripsi\Tokomjs\MJ\public\index.php(67): CodeIgniter\CodeIgniter->run()
#9 C:\xampp\htdocs\skripsi\Tokomjs\MJ\vendor\codeigniter4\framework\system\Commands\Server\rewrite.php(47): require_once('C:\\xampp\\htdocs...')
#10 {main}
CRITICAL - 2023-01-11 07:17:09 --> Unable to connect to the database.
Main connection [MySQLi]: No connection could be made because the target machine actively refused it
in SYSTEMPATH\Database\BaseConnection.php on line 418.
 1 SYSTEMPATH\Database\BaseConnection.php(561): CodeIgniter\Database\BaseConnection->initialize()
 2 SYSTEMPATH\Database\BaseBuilder.php(1585): CodeIgniter\Database\BaseConnection->query('SELECT *
FROM `produk`
JOIN `kategori` ON `kategori`.`id_kategori`=`produk`.`id_kategoriFK`', [], false)
 3 APPPATH\Models\ProdukModel.php(41): CodeIgniter\Database\BaseBuilder->get()
 4 APPPATH\Controllers\Home.php(20): App\Models\ProdukModel->getProdukAdmin()
 5 SYSTEMPATH\CodeIgniter.php(925): App\Controllers\Home->index()
 6 SYSTEMPATH\CodeIgniter.php(480): CodeIgniter\CodeIgniter->runController(Object(App\Controllers\Home))
 7 SYSTEMPATH\CodeIgniter.php(349): CodeIgniter\CodeIgniter->handleRequest(null, Object(Config\Cache), false)
 8 FCPATH\index.php(67): CodeIgniter\CodeIgniter->run()
 9 SYSTEMPATH\Commands\Server\rewrite.php(47): require_once('FCPATH\\index.php')
CRITICAL - 2023-01-11 07:27:19 --> Undefined array key "bukti_konfirmasi"
in APPPATH\Views\admin\transaksi\konfirmasi.php on line 95.
 1 APPPATH\Views\admin\transaksi\konfirmasi.php(95): CodeIgniter\Debug\Exceptions->errorHandler(2, 'Undefined array key "bukti_konfirmasi"', 'APPPATH\\Views\\admin\\transaksi\\konfirmasi.php', 95)
 2 SYSTEMPATH\View\View.php(213): include('APPPATH\\Views\\admin\\transaksi\\konfirmasi.php')
 3 SYSTEMPATH\View\View.php(216): CodeIgniter\View\View->CodeIgniter\View\{closure}()
 4 SYSTEMPATH\Common.php(1135): CodeIgniter\View\View->render('admin/transaksi/konfirmasi', [], true)
 5 APPPATH\Controllers\Admin\Transaksi.php(106): view('admin/transaksi/konfirmasi', [...])
 6 SYSTEMPATH\CodeIgniter.php(925): App\Controllers\Admin\Transaksi->konfirmasi('3')
 7 SYSTEMPATH\CodeIgniter.php(480): CodeIgniter\CodeIgniter->runController(Object(App\Controllers\Admin\Transaksi))
 8 SYSTEMPATH\CodeIgniter.php(349): CodeIgniter\CodeIgniter->handleRequest(null, Object(Config\Cache), false)
 9 FCPATH\index.php(67): CodeIgniter\CodeIgniter->run()
10 SYSTEMPATH\Commands\Server\rewrite.php(47): require_once('FCPATH\\index.php')
CRITICAL - 2023-01-11 08:09:29 --> Undefined variable $transaksi_tp
in APPPATH\Controllers\Admin\Transaksi.php on line 25.
 1 APPPATH\Controllers\Admin\Transaksi.php(25): CodeIgniter\Debug\Exceptions->errorHandler(2, 'Undefined variable $transaksi_tp', 'APPPATH\\Controllers\\Admin\\Transaksi.php', 25)
 2 SYSTEMPATH\CodeIgniter.php(925): App\Controllers\Admin\Transaksi->index()
 3 SYSTEMPATH\CodeIgniter.php(480): CodeIgniter\CodeIgniter->runController(Object(App\Controllers\Admin\Transaksi))
 4 SYSTEMPATH\CodeIgniter.php(349): CodeIgniter\CodeIgniter->handleRequest(null, Object(Config\Cache), false)
 5 FCPATH\index.php(67): CodeIgniter\CodeIgniter->run()
 6 SYSTEMPATH\Commands\Server\rewrite.php(47): require_once('FCPATH\\index.php')
ERROR - 2023-01-11 08:47:22 --> Error connecting to the database: mysqli_sql_exception: No connection could be made because the target machine actively refused it in C:\xampp\htdocs\skripsi\Tokomjs\MJ\vendor\codeigniter4\framework\system\Database\MySQLi\Connection.php:171
Stack trace:
#0 C:\xampp\htdocs\skripsi\Tokomjs\MJ\vendor\codeigniter4\framework\system\Database\MySQLi\Connection.php(171): mysqli->real_connect('localhost', 'root', '', 'tokomj', 3306, '', 0)
#1 C:\xampp\htdocs\skripsi\Tokomjs\MJ\vendor\codeigniter4\framework\system\Database\BaseConnection.php(382): CodeIgniter\Database\MySQLi\Connection->connect(false)
#2 C:\xampp\htdocs\skripsi\Tokomjs\MJ\vendor\codeigniter4\framework\system\Database\BaseConnection.php(561): CodeIgniter\Database\BaseConnection->initialize()
#3 C:\xampp\htdocs\skripsi\Tokomjs\MJ\vendor\codeigniter4\framework\system\Database\BaseBuilder.php(1585): CodeIgniter\Database\BaseConnection->query('SELECT *\nFROM `...', Array, false)
#4 C:\xampp\htdocs\skripsi\Tokomjs\MJ\app\Models\ProdukModel.php(41): CodeIgniter\Database\BaseBuilder->get()
#5 C:\xampp\htdocs\skripsi\Tokomjs\MJ\app\Controllers\Home.php(20): App\Models\ProdukModel->getProdukAdmin()
#6 C:\xampp\htdocs\skripsi\Tokomjs\MJ\vendor\codeigniter4\framework\system\CodeIgniter.php(925): App\Controllers\Home->index()
#7 C:\xampp\htdocs\skripsi\Tokomjs\MJ\vendor\codeigniter4\framework\system\CodeIgniter.php(480): CodeIgniter\CodeIgniter->runController(Object(App\Controllers\Home))
#8 C:\xampp\htdocs\skripsi\Tokomjs\MJ\vendor\codeigniter4\framework\system\CodeIgniter.php(349): CodeIgniter\CodeIgniter->handleRequest(NULL, Object(Config\Cache), false)
#9 C:\xampp\htdocs\skripsi\Tokomjs\MJ\public\index.php(67): CodeIgniter\CodeIgniter->run()
#10 C:\xampp\htdocs\skripsi\Tokomjs\MJ\vendor\codeigniter4\framework\system\Commands\Server\rewrite.php(47): require_once('C:\\xampp\\htdocs...')
#11 {main}

Next CodeIgniter\Database\Exceptions\DatabaseException: No connection could be made because the target machine actively refused it in C:\xampp\htdocs\skripsi\Tokomjs\MJ\vendor\codeigniter4\framework\system\Database\MySQLi\Connection.php:215
Stack trace:
#0 C:\xampp\htdocs\skripsi\Tokomjs\MJ\vendor\codeigniter4\framework\system\Database\BaseConnection.php(382): CodeIgniter\Database\MySQLi\Connection->connect(false)
#1 C:\xampp\htdocs\skripsi\Tokomjs\MJ\vendor\codeigniter4\framework\system\Database\BaseConnection.php(561): CodeIgniter\Database\BaseConnection->initialize()
#2 C:\xampp\htdocs\skripsi\Tokomjs\MJ\vendor\codeigniter4\framework\system\Database\BaseBuilder.php(1585): CodeIgniter\Database\BaseConnection->query('SELECT *\nFROM `...', Array, false)
#3 C:\xampp\htdocs\skripsi\Tokomjs\MJ\app\Models\ProdukModel.php(41): CodeIgniter\Database\BaseBuilder->get()
#4 C:\xampp\htdocs\skripsi\Tokomjs\MJ\app\Controllers\Home.php(20): App\Models\ProdukModel->getProdukAdmin()
#5 C:\xampp\htdocs\skripsi\Tokomjs\MJ\vendor\codeigniter4\framework\system\CodeIgniter.php(925): App\Controllers\Home->index()
#6 C:\xampp\htdocs\skripsi\Tokomjs\MJ\vendor\codeigniter4\framework\system\CodeIgniter.php(480): CodeIgniter\CodeIgniter->runController(Object(App\Controllers\Home))
#7 C:\xampp\htdocs\skripsi\Tokomjs\MJ\vendor\codeigniter4\framework\system\CodeIgniter.php(349): CodeIgniter\CodeIgniter->handleRequest(NULL, Object(Config\Cache), false)
#8 C:\xampp\htdocs\skripsi\Tokomjs\MJ\public\index.php(67): CodeIgniter\CodeIgniter->run()
#9 C:\xampp\htdocs\skripsi\Tokomjs\MJ\vendor\codeigniter4\framework\system\Commands\Server\rewrite.php(47): require_once('C:\\xampp\\htdocs...')
#10 {main}
CRITICAL - 2023-01-11 08:47:22 --> Unable to connect to the database.
Main connection [MySQLi]: No connection could be made because the target machine actively refused it
in SYSTEMPATH\Database\BaseConnection.php on line 418.
 1 SYSTEMPATH\Database\BaseConnection.php(561): CodeIgniter\Database\BaseConnection->initialize()
 2 SYSTEMPATH\Database\BaseBuilder.php(1585): CodeIgniter\Database\BaseConnection->query('SELECT *
FROM `produk`
JOIN `kategori` ON `kategori`.`id_kategori`=`produk`.`id_kategoriFK`', [], false)
 3 APPPATH\Models\ProdukModel.php(41): CodeIgniter\Database\BaseBuilder->get()
 4 APPPATH\Controllers\Home.php(20): App\Models\ProdukModel->getProdukAdmin()
 5 SYSTEMPATH\CodeIgniter.php(925): App\Controllers\Home->index()
 6 SYSTEMPATH\CodeIgniter.php(480): CodeIgniter\CodeIgniter->runController(Object(App\Controllers\Home))
 7 SYSTEMPATH\CodeIgniter.php(349): CodeIgniter\CodeIgniter->handleRequest(null, Object(Config\Cache), false)
 8 FCPATH\index.php(67): CodeIgniter\CodeIgniter->run()
 9 SYSTEMPATH\Commands\Server\rewrite.php(47): require_once('FCPATH\\index.php')
ERROR - 2023-01-11 08:47:26 --> Error connecting to the database: mysqli_sql_exception: No connection could be made because the target machine actively refused it in C:\xampp\htdocs\skripsi\Tokomjs\MJ\vendor\codeigniter4\framework\system\Database\MySQLi\Connection.php:171
Stack trace:
#0 C:\xampp\htdocs\skripsi\Tokomjs\MJ\vendor\codeigniter4\framework\system\Database\MySQLi\Connection.php(171): mysqli->real_connect('localhost', 'root', '', 'tokomj', 3306, '', 0)
#1 C:\xampp\htdocs\skripsi\Tokomjs\MJ\vendor\codeigniter4\framework\system\Database\BaseConnection.php(382): CodeIgniter\Database\MySQLi\Connection->connect(false)
#2 C:\xampp\htdocs\skripsi\Tokomjs\MJ\vendor\codeigniter4\framework\system\Database\BaseConnection.php(561): CodeIgniter\Database\BaseConnection->initialize()
#3 C:\xampp\htdocs\skripsi\Tokomjs\MJ\vendor\codeigniter4\framework\system\Database\BaseBuilder.php(1585): CodeIgniter\Database\BaseConnection->query('SELECT *\nFROM `...', Array, false)
#4 C:\xampp\htdocs\skripsi\Tokomjs\MJ\app\Models\ProdukModel.php(41): CodeIgniter\Database\BaseBuilder->get()
#5 C:\xampp\htdocs\skripsi\Tokomjs\MJ\app\Controllers\Home.php(20): App\Models\ProdukModel->getProdukAdmin()
#6 C:\xampp\htdocs\skripsi\Tokomjs\MJ\vendor\codeigniter4\framework\system\CodeIgniter.php(925): App\Controllers\Home->index()
#7 C:\xampp\htdocs\skripsi\Tokomjs\MJ\vendor\codeigniter4\framework\system\CodeIgniter.php(480): CodeIgniter\CodeIgniter->runController(Object(App\Controllers\Home))
#8 C:\xampp\htdocs\skripsi\Tokomjs\MJ\vendor\codeigniter4\framework\system\CodeIgniter.php(349): CodeIgniter\CodeIgniter->handleRequest(NULL, Object(Config\Cache), false)
#9 C:\xampp\htdocs\skripsi\Tokomjs\MJ\public\index.php(67): CodeIgniter\CodeIgniter->run()
#10 C:\xampp\htdocs\skripsi\Tokomjs\MJ\vendor\codeigniter4\framework\system\Commands\Server\rewrite.php(47): require_once('C:\\xampp\\htdocs...')
#11 {main}

Next CodeIgniter\Database\Exceptions\DatabaseException: No connection could be made because the target machine actively refused it in C:\xampp\htdocs\skripsi\Tokomjs\MJ\vendor\codeigniter4\framework\system\Database\MySQLi\Connection.php:215
Stack trace:
#0 C:\xampp\htdocs\skripsi\Tokomjs\MJ\vendor\codeigniter4\framework\system\Database\BaseConnection.php(382): CodeIgniter\Database\MySQLi\Connection->connect(false)
#1 C:\xampp\htdocs\skripsi\Tokomjs\MJ\vendor\codeigniter4\framework\system\Database\BaseConnection.php(561): CodeIgniter\Database\BaseConnection->initialize()
#2 C:\xampp\htdocs\skripsi\Tokomjs\MJ\vendor\codeigniter4\framework\system\Database\BaseBuilder.php(1585): CodeIgniter\Database\BaseConnection->query('SELECT *\nFROM `...', Array, false)
#3 C:\xampp\htdocs\skripsi\Tokomjs\MJ\app\Models\ProdukModel.php(41): CodeIgniter\Database\BaseBuilder->get()
#4 C:\xampp\htdocs\skripsi\Tokomjs\MJ\app\Controllers\Home.php(20): App\Models\ProdukModel->getProdukAdmin()
#5 C:\xampp\htdocs\skripsi\Tokomjs\MJ\vendor\codeigniter4\framework\system\CodeIgniter.php(925): App\Controllers\Home->index()
#6 C:\xampp\htdocs\skripsi\Tokomjs\MJ\vendor\codeigniter4\framework\system\CodeIgniter.php(480): CodeIgniter\CodeIgniter->runController(Object(App\Controllers\Home))
#7 C:\xampp\htdocs\skripsi\Tokomjs\MJ\vendor\codeigniter4\framework\system\CodeIgniter.php(349): CodeIgniter\CodeIgniter->handleRequest(NULL, Object(Config\Cache), false)
#8 C:\xampp\htdocs\skripsi\Tokomjs\MJ\public\index.php(67): CodeIgniter\CodeIgniter->run()
#9 C:\xampp\htdocs\skripsi\Tokomjs\MJ\vendor\codeigniter4\framework\system\Commands\Server\rewrite.php(47): require_once('C:\\xampp\\htdocs...')
#10 {main}
CRITICAL - 2023-01-11 08:47:26 --> Unable to connect to the database.
Main connection [MySQLi]: No connection could be made because the target machine actively refused it
in SYSTEMPATH\Database\BaseConnection.php on line 418.
 1 SYSTEMPATH\Database\BaseConnection.php(561): CodeIgniter\Database\BaseConnection->initialize()
 2 SYSTEMPATH\Database\BaseBuilder.php(1585): CodeIgniter\Database\BaseConnection->query('SELECT *
FROM `produk`
JOIN `kategori` ON `kategori`.`id_kategori`=`produk`.`id_kategoriFK`', [], false)
 3 APPPATH\Models\ProdukModel.php(41): CodeIgniter\Database\BaseBuilder->get()
 4 APPPATH\Controllers\Home.php(20): App\Models\ProdukModel->getProdukAdmin()
 5 SYSTEMPATH\CodeIgniter.php(925): App\Controllers\Home->index()
 6 SYSTEMPATH\CodeIgniter.php(480): CodeIgniter\CodeIgniter->runController(Object(App\Controllers\Home))
 7 SYSTEMPATH\CodeIgniter.php(349): CodeIgniter\CodeIgniter->handleRequest(null, Object(Config\Cache), false)
 8 FCPATH\index.php(67): CodeIgniter\CodeIgniter->run()
 9 SYSTEMPATH\Commands\Server\rewrite.php(47): require_once('FCPATH\\index.php')
CRITICAL - 2023-01-11 16:44:54 --> Class "App\Controllers\Admin\Options" not found
in APPPATH\Controllers\Admin\Transaksi.php on line 139.
 1 SYSTEMPATH\CodeIgniter.php(925): App\Controllers\Admin\Transaksi->cetakdetail('4')
 2 SYSTEMPATH\CodeIgniter.php(480): CodeIgniter\CodeIgniter->runController(Object(App\Controllers\Admin\Transaksi))
 3 SYSTEMPATH\CodeIgniter.php(349): CodeIgniter\CodeIgniter->handleRequest(null, Object(Config\Cache), false)
 4 FCPATH\index.php(67): CodeIgniter\CodeIgniter->run()
 5 SYSTEMPATH\Commands\Server\rewrite.php(47): require_once('FCPATH\\index.php')
CRITICAL - 2023-01-11 17:20:24 --> CodeIgniter\Database\BaseBuilder::like(): Argument #2 ($match) must be of type string, null given, called in C:\xampp\htdocs\skripsi\Tokomjs\MJ\vendor\codeigniter4\framework\system\Model.php on line 805
in SYSTEMPATH\Database\BaseBuilder.php on line 954.
 1 SYSTEMPATH\Model.php(805): CodeIgniter\Database\BaseBuilder->like('nama_produk', null)
 2 APPPATH\Controllers\Home.php(42): CodeIgniter\Model->__call('like', [...])
 3 SYSTEMPATH\CodeIgniter.php(925): App\Controllers\Home->cari()
 4 SYSTEMPATH\CodeIgniter.php(480): CodeIgniter\CodeIgniter->runController(Object(App\Controllers\Home))
 5 SYSTEMPATH\CodeIgniter.php(349): CodeIgniter\CodeIgniter->handleRequest(null, Object(Config\Cache), false)
 6 FCPATH\index.php(67): CodeIgniter\CodeIgniter->run()
 7 SYSTEMPATH\Commands\Server\rewrite.php(47): require_once('FCPATH\\index.php')
CRITICAL - 2023-01-11 17:23:16 --> Undefined variable $listKategori
in APPPATH\Views\home\index.php on line 51.
 1 APPPATH\Views\home\index.php(51): CodeIgniter\Debug\Exceptions->errorHandler(2, 'Undefined variable $listKategori', 'APPPATH\\Views\\home\\index.php', 51)
 2 SYSTEMPATH\View\View.php(213): include('APPPATH\\Views\\home\\index.php')
 3 SYSTEMPATH\View\View.php(216): CodeIgniter\View\View->CodeIgniter\View\{closure}()
 4 SYSTEMPATH\Common.php(1135): CodeIgniter\View\View->render('home/index', [], true)
 5 APPPATH\Controllers\Home.php(46): view('home/index', [...])
 6 SYSTEMPATH\CodeIgniter.php(925): App\Controllers\Home->cari()
 7 SYSTEMPATH\CodeIgniter.php(480): CodeIgniter\CodeIgniter->runController(Object(App\Controllers\Home))
 8 SYSTEMPATH\CodeIgniter.php(349): CodeIgniter\CodeIgniter->handleRequest(null, Object(Config\Cache), false)
 9 FCPATH\index.php(67): CodeIgniter\CodeIgniter->run()
10 SYSTEMPATH\Commands\Server\rewrite.php(47): require_once('FCPATH\\index.php')
CRITICAL - 2023-01-11 17:26:55 --> Undefined variable $listKategori
in APPPATH\Views\home\index.php on line 51.
 1 APPPATH\Views\home\index.php(51): CodeIgniter\Debug\Exceptions->errorHandler(2, 'Undefined variable $listKategori', 'APPPATH\\Views\\home\\index.php', 51)
 2 SYSTEMPATH\View\View.php(213): include('APPPATH\\Views\\home\\index.php')
 3 SYSTEMPATH\View\View.php(216): CodeIgniter\View\View->CodeIgniter\View\{closure}()
 4 SYSTEMPATH\Common.php(1135): CodeIgniter\View\View->render('home/index', [], true)
 5 APPPATH\Controllers\Home.php(46): view('home/index', [...])
 6 SYSTEMPATH\CodeIgniter.php(925): App\Controllers\Home->cari()
 7 SYSTEMPATH\CodeIgniter.php(480): CodeIgniter\CodeIgniter->runController(Object(App\Controllers\Home))
 8 SYSTEMPATH\CodeIgniter.php(349): CodeIgniter\CodeIgniter->handleRequest(null, Object(Config\Cache), false)
 9 FCPATH\index.php(67): CodeIgniter\CodeIgniter->run()
10 SYSTEMPATH\Commands\Server\rewrite.php(47): require_once('FCPATH\\index.php')
CRITICAL - 2023-01-11 17:26:59 --> Undefined variable $listKategori
in APPPATH\Views\home\index.php on line 51.
 1 APPPATH\Views\home\index.php(51): CodeIgniter\Debug\Exceptions->errorHandler(2, 'Undefined variable $listKategori', 'APPPATH\\Views\\home\\index.php', 51)
 2 SYSTEMPATH\View\View.php(213): include('APPPATH\\Views\\home\\index.php')
 3 SYSTEMPATH\View\View.php(216): CodeIgniter\View\View->CodeIgniter\View\{closure}()
 4 SYSTEMPATH\Common.php(1135): CodeIgniter\View\View->render('home/index', [], true)
 5 APPPATH\Controllers\Home.php(46): view('home/index', [...])
 6 SYSTEMPATH\CodeIgniter.php(925): App\Controllers\Home->cari()
 7 SYSTEMPATH\CodeIgniter.php(480): CodeIgniter\CodeIgniter->runController(Object(App\Controllers\Home))
 8 SYSTEMPATH\CodeIgniter.php(349): CodeIgniter\CodeIgniter->handleRequest(null, Object(Config\Cache), false)
 9 FCPATH\index.php(67): CodeIgniter\CodeIgniter->run()
10 SYSTEMPATH\Commands\Server\rewrite.php(47): require_once('FCPATH\\index.php')
