ERROR - 2023-01-23 18:56:25 --> Error connecting to the database: mysqli_sql_exception: No connection could be made because the target machine actively refused it in C:\xampp\htdocs\skripsi\Tokomjs\MJ\vendor\codeigniter4\framework\system\Database\MySQLi\Connection.php:171
Stack trace:
#0 C:\xampp\htdocs\skripsi\Tokomjs\MJ\vendor\codeigniter4\framework\system\Database\MySQLi\Connection.php(171): mysqli->real_connect('localhost', 'root', '', 'tokomj', 3306, '', 0)
#1 C:\xampp\htdocs\skripsi\Tokomjs\MJ\vendor\codeigniter4\framework\system\Database\BaseConnection.php(382): CodeIgniter\Database\MySQLi\Connection->connect(false)
#2 C:\xampp\htdocs\skripsi\Tokomjs\MJ\vendor\codeigniter4\framework\system\Database\BaseConnection.php(561): CodeIgniter\Database\BaseConnection->initialize()
#3 C:\xampp\htdocs\skripsi\Tokomjs\MJ\vendor\codeigniter4\framework\system\Database\BaseBuilder.php(1585): CodeIgniter\Database\BaseConnection->query('SELECT *\nFROM `...', Array, false)
#4 C:\xampp\htdocs\skripsi\Tokomjs\MJ\app\Models\ProdukModel.php(41): CodeIgniter\Database\BaseBuilder->get()
#5 C:\xampp\htdocs\skripsi\Tokomjs\MJ\app\Controllers\Home.php(21): App\Models\ProdukModel->getProdukAdmin()
#6 C:\xampp\htdocs\skripsi\Tokomjs\MJ\vendor\codeigniter4\framework\system\CodeIgniter.php(925): App\Controllers\Home->index()
#7 C:\xampp\htdocs\skripsi\Tokomjs\MJ\vendor\codeigniter4\framework\system\CodeIgniter.php(480): CodeIgniter\CodeIgniter->runController(Object(App\Controllers\Home))
#8 C:\xampp\htdocs\skripsi\Tokomjs\MJ\vendor\codeigniter4\framework\system\CodeIgniter.php(349): CodeIgniter\CodeIgniter->handleRequest(NULL, Object(Config\Cache), false)
#9 C:\xampp\htdocs\skripsi\Tokomjs\MJ\public\index.php(67): CodeIgniter\CodeIgniter->run()
#10 C:\xampp\htdocs\skripsi\Tokomjs\MJ\vendor\codeigniter4\framework\system\Commands\Server\rewrite.php(47): require_once('C:\\xampp\\htdocs...')
#11 {main}

Next CodeIgniter\Database\Exceptions\DatabaseException: No connection could be made because the target machine actively refused it in C:\xampp\htdocs\skripsi\Tokomjs\MJ\vendor\codeigniter4\framework\system\Database\MySQLi\Connection.php:215
Stack trace:
#0 C:\xampp\htdocs\skripsi\Tokomjs\MJ\vendor\codeigniter4\framework\system\Database\BaseConnection.php(382): CodeIgniter\Database\MySQLi\Connection->connect(false)
#1 C:\xampp\htdocs\skripsi\Tokomjs\MJ\vendor\codeigniter4\framework\system\Database\BaseConnection.php(561): CodeIgniter\Database\BaseConnection->initialize()
#2 C:\xampp\htdocs\skripsi\Tokomjs\MJ\vendor\codeigniter4\framework\system\Database\BaseBuilder.php(1585): CodeIgniter\Database\BaseConnection->query('SELECT *\nFROM `...', Array, false)
#3 C:\xampp\htdocs\skripsi\Tokomjs\MJ\app\Models\ProdukModel.php(41): CodeIgniter\Database\BaseBuilder->get()
#4 C:\xampp\htdocs\skripsi\Tokomjs\MJ\app\Controllers\Home.php(21): App\Models\ProdukModel->getProdukAdmin()
#5 C:\xampp\htdocs\skripsi\Tokomjs\MJ\vendor\codeigniter4\framework\system\CodeIgniter.php(925): App\Controllers\Home->index()
#6 C:\xampp\htdocs\skripsi\Tokomjs\MJ\vendor\codeigniter4\framework\system\CodeIgniter.php(480): CodeIgniter\CodeIgniter->runController(Object(App\Controllers\Home))
#7 C:\xampp\htdocs\skripsi\Tokomjs\MJ\vendor\codeigniter4\framework\system\CodeIgniter.php(349): CodeIgniter\CodeIgniter->handleRequest(NULL, Object(Config\Cache), false)
#8 C:\xampp\htdocs\skripsi\Tokomjs\MJ\public\index.php(67): CodeIgniter\CodeIgniter->run()
#9 C:\xampp\htdocs\skripsi\Tokomjs\MJ\vendor\codeigniter4\framework\system\Commands\Server\rewrite.php(47): require_once('C:\\xampp\\htdocs...')
#10 {main}
CRITICAL - 2023-01-23 18:56:25 --> Unable to connect to the database.
Main connection [MySQLi]: No connection could be made because the target machine actively refused it
in SYSTEMPATH\Database\BaseConnection.php on line 418.
 1 SYSTEMPATH\Database\BaseConnection.php(561): CodeIgniter\Database\BaseConnection->initialize()
 2 SYSTEMPATH\Database\BaseBuilder.php(1585): CodeIgniter\Database\BaseConnection->query('SELECT *
FROM `produk`
JOIN `kategori` ON `kategori`.`id_kategori`=`produk`.`id_kategoriFK`', [], false)
 3 APPPATH\Models\ProdukModel.php(41): CodeIgniter\Database\BaseBuilder->get()
 4 APPPATH\Controllers\Home.php(21): App\Models\ProdukModel->getProdukAdmin()
 5 SYSTEMPATH\CodeIgniter.php(925): App\Controllers\Home->index()
 6 SYSTEMPATH\CodeIgniter.php(480): CodeIgniter\CodeIgniter->runController(Object(App\Controllers\Home))
 7 SYSTEMPATH\CodeIgniter.php(349): CodeIgniter\CodeIgniter->handleRequest(null, Object(Config\Cache), false)
 8 FCPATH\index.php(67): CodeIgniter\CodeIgniter->run()
 9 SYSTEMPATH\Commands\Server\rewrite.php(47): require_once('FCPATH\\index.php')
ERROR - 2023-01-23 18:56:29 --> Error connecting to the database: mysqli_sql_exception: No connection could be made because the target machine actively refused it in C:\xampp\htdocs\skripsi\Tokomjs\MJ\vendor\codeigniter4\framework\system\Database\MySQLi\Connection.php:171
Stack trace:
#0 C:\xampp\htdocs\skripsi\Tokomjs\MJ\vendor\codeigniter4\framework\system\Database\MySQLi\Connection.php(171): mysqli->real_connect('localhost', 'root', '', 'tokomj', 3306, '', 0)
#1 C:\xampp\htdocs\skripsi\Tokomjs\MJ\vendor\codeigniter4\framework\system\Database\BaseConnection.php(382): CodeIgniter\Database\MySQLi\Connection->connect(false)
#2 C:\xampp\htdocs\skripsi\Tokomjs\MJ\vendor\codeigniter4\framework\system\Database\BaseConnection.php(561): CodeIgniter\Database\BaseConnection->initialize()
#3 C:\xampp\htdocs\skripsi\Tokomjs\MJ\vendor\codeigniter4\framework\system\Database\BaseBuilder.php(1585): CodeIgniter\Database\BaseConnection->query('SELECT *\nFROM `...', Array, false)
#4 C:\xampp\htdocs\skripsi\Tokomjs\MJ\app\Models\ProdukModel.php(41): CodeIgniter\Database\BaseBuilder->get()
#5 C:\xampp\htdocs\skripsi\Tokomjs\MJ\app\Controllers\Home.php(21): App\Models\ProdukModel->getProdukAdmin()
#6 C:\xampp\htdocs\skripsi\Tokomjs\MJ\vendor\codeigniter4\framework\system\CodeIgniter.php(925): App\Controllers\Home->index()
#7 C:\xampp\htdocs\skripsi\Tokomjs\MJ\vendor\codeigniter4\framework\system\CodeIgniter.php(480): CodeIgniter\CodeIgniter->runController(Object(App\Controllers\Home))
#8 C:\xampp\htdocs\skripsi\Tokomjs\MJ\vendor\codeigniter4\framework\system\CodeIgniter.php(349): CodeIgniter\CodeIgniter->handleRequest(NULL, Object(Config\Cache), false)
#9 C:\xampp\htdocs\skripsi\Tokomjs\MJ\public\index.php(67): CodeIgniter\CodeIgniter->run()
#10 C:\xampp\htdocs\skripsi\Tokomjs\MJ\vendor\codeigniter4\framework\system\Commands\Server\rewrite.php(47): require_once('C:\\xampp\\htdocs...')
#11 {main}

Next CodeIgniter\Database\Exceptions\DatabaseException: No connection could be made because the target machine actively refused it in C:\xampp\htdocs\skripsi\Tokomjs\MJ\vendor\codeigniter4\framework\system\Database\MySQLi\Connection.php:215
Stack trace:
#0 C:\xampp\htdocs\skripsi\Tokomjs\MJ\vendor\codeigniter4\framework\system\Database\BaseConnection.php(382): CodeIgniter\Database\MySQLi\Connection->connect(false)
#1 C:\xampp\htdocs\skripsi\Tokomjs\MJ\vendor\codeigniter4\framework\system\Database\BaseConnection.php(561): CodeIgniter\Database\BaseConnection->initialize()
#2 C:\xampp\htdocs\skripsi\Tokomjs\MJ\vendor\codeigniter4\framework\system\Database\BaseBuilder.php(1585): CodeIgniter\Database\BaseConnection->query('SELECT *\nFROM `...', Array, false)
#3 C:\xampp\htdocs\skripsi\Tokomjs\MJ\app\Models\ProdukModel.php(41): CodeIgniter\Database\BaseBuilder->get()
#4 C:\xampp\htdocs\skripsi\Tokomjs\MJ\app\Controllers\Home.php(21): App\Models\ProdukModel->getProdukAdmin()
#5 C:\xampp\htdocs\skripsi\Tokomjs\MJ\vendor\codeigniter4\framework\system\CodeIgniter.php(925): App\Controllers\Home->index()
#6 C:\xampp\htdocs\skripsi\Tokomjs\MJ\vendor\codeigniter4\framework\system\CodeIgniter.php(480): CodeIgniter\CodeIgniter->runController(Object(App\Controllers\Home))
#7 C:\xampp\htdocs\skripsi\Tokomjs\MJ\vendor\codeigniter4\framework\system\CodeIgniter.php(349): CodeIgniter\CodeIgniter->handleRequest(NULL, Object(Config\Cache), false)
#8 C:\xampp\htdocs\skripsi\Tokomjs\MJ\public\index.php(67): CodeIgniter\CodeIgniter->run()
#9 C:\xampp\htdocs\skripsi\Tokomjs\MJ\vendor\codeigniter4\framework\system\Commands\Server\rewrite.php(47): require_once('C:\\xampp\\htdocs...')
#10 {main}
CRITICAL - 2023-01-23 18:56:29 --> Unable to connect to the database.
Main connection [MySQLi]: No connection could be made because the target machine actively refused it
in SYSTEMPATH\Database\BaseConnection.php on line 418.
 1 SYSTEMPATH\Database\BaseConnection.php(561): CodeIgniter\Database\BaseConnection->initialize()
 2 SYSTEMPATH\Database\BaseBuilder.php(1585): CodeIgniter\Database\BaseConnection->query('SELECT *
FROM `produk`
JOIN `kategori` ON `kategori`.`id_kategori`=`produk`.`id_kategoriFK`', [], false)
 3 APPPATH\Models\ProdukModel.php(41): CodeIgniter\Database\BaseBuilder->get()
 4 APPPATH\Controllers\Home.php(21): App\Models\ProdukModel->getProdukAdmin()
 5 SYSTEMPATH\CodeIgniter.php(925): App\Controllers\Home->index()
 6 SYSTEMPATH\CodeIgniter.php(480): CodeIgniter\CodeIgniter->runController(Object(App\Controllers\Home))
 7 SYSTEMPATH\CodeIgniter.php(349): CodeIgniter\CodeIgniter->handleRequest(null, Object(Config\Cache), false)
 8 FCPATH\index.php(67): CodeIgniter\CodeIgniter->run()
 9 SYSTEMPATH\Commands\Server\rewrite.php(47): require_once('FCPATH\\index.php')
ERROR - 2023-01-23 21:50:21 --> mysqli_sql_exception: Column 'validasi' in where clause is ambiguous in C:\xampp\htdocs\skripsi\Tokomjs\MJ\vendor\codeigniter4\framework\system\Database\MySQLi\Connection.php:292
Stack trace:
#0 C:\xampp\htdocs\skripsi\Tokomjs\MJ\vendor\codeigniter4\framework\system\Database\MySQLi\Connection.php(292): mysqli->query('SELECT `transak...', 0)
#1 C:\xampp\htdocs\skripsi\Tokomjs\MJ\vendor\codeigniter4\framework\system\Database\BaseConnection.php(666): CodeIgniter\Database\MySQLi\Connection->execute('SELECT `transak...')
#2 C:\xampp\htdocs\skripsi\Tokomjs\MJ\vendor\codeigniter4\framework\system\Database\BaseConnection.php(593): CodeIgniter\Database\BaseConnection->simpleQuery('SELECT `transak...')
#3 C:\xampp\htdocs\skripsi\Tokomjs\MJ\vendor\codeigniter4\framework\system\Database\BaseBuilder.php(1585): CodeIgniter\Database\BaseConnection->query('SELECT `transak...', Array, false)
#4 C:\xampp\htdocs\skripsi\Tokomjs\MJ\vendor\codeigniter4\framework\system\Model.php(805): CodeIgniter\Database\BaseBuilder->get()
#5 C:\xampp\htdocs\skripsi\Tokomjs\MJ\app\Controllers\Transaksi.php(80): CodeIgniter\Model->__call('get', Array)
#6 C:\xampp\htdocs\skripsi\Tokomjs\MJ\vendor\codeigniter4\framework\system\CodeIgniter.php(925): App\Controllers\Transaksi->tampilanPengembalian()
#7 C:\xampp\htdocs\skripsi\Tokomjs\MJ\vendor\codeigniter4\framework\system\CodeIgniter.php(480): CodeIgniter\CodeIgniter->runController(Object(App\Controllers\Transaksi))
#8 C:\xampp\htdocs\skripsi\Tokomjs\MJ\vendor\codeigniter4\framework\system\CodeIgniter.php(349): CodeIgniter\CodeIgniter->handleRequest(NULL, Object(Config\Cache), false)
#9 C:\xampp\htdocs\skripsi\Tokomjs\MJ\public\index.php(67): CodeIgniter\CodeIgniter->run()
#10 C:\xampp\htdocs\skripsi\Tokomjs\MJ\vendor\codeigniter4\framework\system\Commands\Server\rewrite.php(47): require_once('C:\\xampp\\htdocs...')
#11 {main}
CRITICAL - 2023-01-23 21:50:21 --> Column 'validasi' in where clause is ambiguous
in SYSTEMPATH\Database\MySQLi\Connection.php on line 292.
 1 SYSTEMPATH\Database\MySQLi\Connection.php(292): mysqli->query('SELECT `transaksi`.`id_transaksi`, `transaksi`.`id_userFK`, `transaksi`.`nama`, `transaksi`.`alamat`, `transaksi`.`telp`, `transaksi`.`ongkir`, `transaksi`.`total_tagihan`, `transaksi`.`status_pembayaran`, `transaksi`.`no_resi`, `transaksi`.`status_pengiriman`, `pengembalian`.`id_transaksiFK`, `pengembalian`.`gambar`, `pengembalian`.`alasan`, `pengembalian`.`validasi`
FROM `transaksi`
JOIN `pengembalian` ON `pengembalian`.`id_transaksiFK` = `transaksi`.`id_transaksi`
WHERE `id_userFK` = \'2\'
AND `validasi` = \'Valid\'', 0)
 2 SYSTEMPATH\Database\BaseConnection.php(666): CodeIgniter\Database\MySQLi\Connection->execute('SELECT `transaksi`.`id_transaksi`, `transaksi`.`id_userFK`, `transaksi`.`nama`, `transaksi`.`alamat`, `transaksi`.`telp`, `transaksi`.`ongkir`, `transaksi`.`total_tagihan`, `transaksi`.`status_pembayaran`, `transaksi`.`no_resi`, `transaksi`.`status_pengiriman`, `pengembalian`.`id_transaksiFK`, `pengembalian`.`gambar`, `pengembalian`.`alasan`, `pengembalian`.`validasi`
FROM `transaksi`
JOIN `pengembalian` ON `pengembalian`.`id_transaksiFK` = `transaksi`.`id_transaksi`
WHERE `id_userFK` = \'2\'
AND `validasi` = \'Valid\'')
 3 SYSTEMPATH\Database\BaseConnection.php(593): CodeIgniter\Database\BaseConnection->simpleQuery('SELECT `transaksi`.`id_transaksi`, `transaksi`.`id_userFK`, `transaksi`.`nama`, `transaksi`.`alamat`, `transaksi`.`telp`, `transaksi`.`ongkir`, `transaksi`.`total_tagihan`, `transaksi`.`status_pembayaran`, `transaksi`.`no_resi`, `transaksi`.`status_pengiriman`, `pengembalian`.`id_transaksiFK`, `pengembalian`.`gambar`, `pengembalian`.`alasan`, `pengembalian`.`validasi`
FROM `transaksi`
JOIN `pengembalian` ON `pengembalian`.`id_transaksiFK` = `transaksi`.`id_transaksi`
WHERE `id_userFK` = \'2\'
AND `validasi` = \'Valid\'')
 4 SYSTEMPATH\Database\BaseBuilder.php(1585): CodeIgniter\Database\BaseConnection->query('SELECT `transaksi`.`id_transaksi`, `transaksi`.`id_userFK`, `transaksi`.`nama`, `transaksi`.`alamat`, `transaksi`.`telp`, `transaksi`.`ongkir`, `transaksi`.`total_tagihan`, `transaksi`.`status_pembayaran`, `transaksi`.`no_resi`, `transaksi`.`status_pengiriman`, `pengembalian`.`id_transaksiFK`, `pengembalian`.`gambar`, `pengembalian`.`alasan`, `pengembalian`.`validasi`
FROM `transaksi`
JOIN `pengembalian` ON `pengembalian`.`id_transaksiFK` = `transaksi`.`id_transaksi`
WHERE `id_userFK` = :id_userFK:
AND `validasi` = :validasi:', [...], false)
 5 SYSTEMPATH\Model.php(805): CodeIgniter\Database\BaseBuilder->get()
 6 APPPATH\Controllers\Transaksi.php(80): CodeIgniter\Model->__call('get', [])
 7 SYSTEMPATH\CodeIgniter.php(925): App\Controllers\Transaksi->tampilanPengembalian()
 8 SYSTEMPATH\CodeIgniter.php(480): CodeIgniter\CodeIgniter->runController(Object(App\Controllers\Transaksi))
 9 SYSTEMPATH\CodeIgniter.php(349): CodeIgniter\CodeIgniter->handleRequest(null, Object(Config\Cache), false)
10 FCPATH\index.php(67): CodeIgniter\CodeIgniter->run()
11 SYSTEMPATH\Commands\Server\rewrite.php(47): require_once('FCPATH\\index.php')
ERROR - 2023-01-23 21:50:28 --> mysqli_sql_exception: Column 'validasi' in where clause is ambiguous in C:\xampp\htdocs\skripsi\Tokomjs\MJ\vendor\codeigniter4\framework\system\Database\MySQLi\Connection.php:292
Stack trace:
#0 C:\xampp\htdocs\skripsi\Tokomjs\MJ\vendor\codeigniter4\framework\system\Database\MySQLi\Connection.php(292): mysqli->query('SELECT `transak...', 0)
#1 C:\xampp\htdocs\skripsi\Tokomjs\MJ\vendor\codeigniter4\framework\system\Database\BaseConnection.php(666): CodeIgniter\Database\MySQLi\Connection->execute('SELECT `transak...')
#2 C:\xampp\htdocs\skripsi\Tokomjs\MJ\vendor\codeigniter4\framework\system\Database\BaseConnection.php(593): CodeIgniter\Database\BaseConnection->simpleQuery('SELECT `transak...')
#3 C:\xampp\htdocs\skripsi\Tokomjs\MJ\vendor\codeigniter4\framework\system\Database\BaseBuilder.php(1585): CodeIgniter\Database\BaseConnection->query('SELECT `transak...', Array, false)
#4 C:\xampp\htdocs\skripsi\Tokomjs\MJ\vendor\codeigniter4\framework\system\Model.php(805): CodeIgniter\Database\BaseBuilder->get()
#5 C:\xampp\htdocs\skripsi\Tokomjs\MJ\app\Controllers\Transaksi.php(80): CodeIgniter\Model->__call('get', Array)
#6 C:\xampp\htdocs\skripsi\Tokomjs\MJ\vendor\codeigniter4\framework\system\CodeIgniter.php(925): App\Controllers\Transaksi->tampilanPengembalian()
#7 C:\xampp\htdocs\skripsi\Tokomjs\MJ\vendor\codeigniter4\framework\system\CodeIgniter.php(480): CodeIgniter\CodeIgniter->runController(Object(App\Controllers\Transaksi))
#8 C:\xampp\htdocs\skripsi\Tokomjs\MJ\vendor\codeigniter4\framework\system\CodeIgniter.php(349): CodeIgniter\CodeIgniter->handleRequest(NULL, Object(Config\Cache), false)
#9 C:\xampp\htdocs\skripsi\Tokomjs\MJ\public\index.php(67): CodeIgniter\CodeIgniter->run()
#10 C:\xampp\htdocs\skripsi\Tokomjs\MJ\vendor\codeigniter4\framework\system\Commands\Server\rewrite.php(47): require_once('C:\\xampp\\htdocs...')
#11 {main}
CRITICAL - 2023-01-23 21:50:28 --> Column 'validasi' in where clause is ambiguous
in SYSTEMPATH\Database\MySQLi\Connection.php on line 292.
 1 SYSTEMPATH\Database\MySQLi\Connection.php(292): mysqli->query('SELECT `transaksi`.`id_transaksi`, `transaksi`.`id_userFK`, `transaksi`.`nama`, `transaksi`.`alamat`, `transaksi`.`telp`, `transaksi`.`ongkir`, `transaksi`.`total_tagihan`, `transaksi`.`status_pembayaran`, `transaksi`.`no_resi`, `transaksi`.`status_pengiriman`, `pengembalian`.`id_transaksiFK`, `pengembalian`.`gambar`, `pengembalian`.`alasan`, `pengembalian`.`validasi`
FROM `transaksi`
JOIN `pengembalian` ON `pengembalian`.`id_transaksiFK` = `transaksi`.`id_transaksi`
WHERE `id_userFK` = \'2\'
AND `validasi` = \'Valid\'', 0)
 2 SYSTEMPATH\Database\BaseConnection.php(666): CodeIgniter\Database\MySQLi\Connection->execute('SELECT `transaksi`.`id_transaksi`, `transaksi`.`id_userFK`, `transaksi`.`nama`, `transaksi`.`alamat`, `transaksi`.`telp`, `transaksi`.`ongkir`, `transaksi`.`total_tagihan`, `transaksi`.`status_pembayaran`, `transaksi`.`no_resi`, `transaksi`.`status_pengiriman`, `pengembalian`.`id_transaksiFK`, `pengembalian`.`gambar`, `pengembalian`.`alasan`, `pengembalian`.`validasi`
FROM `transaksi`
JOIN `pengembalian` ON `pengembalian`.`id_transaksiFK` = `transaksi`.`id_transaksi`
WHERE `id_userFK` = \'2\'
AND `validasi` = \'Valid\'')
 3 SYSTEMPATH\Database\BaseConnection.php(593): CodeIgniter\Database\BaseConnection->simpleQuery('SELECT `transaksi`.`id_transaksi`, `transaksi`.`id_userFK`, `transaksi`.`nama`, `transaksi`.`alamat`, `transaksi`.`telp`, `transaksi`.`ongkir`, `transaksi`.`total_tagihan`, `transaksi`.`status_pembayaran`, `transaksi`.`no_resi`, `transaksi`.`status_pengiriman`, `pengembalian`.`id_transaksiFK`, `pengembalian`.`gambar`, `pengembalian`.`alasan`, `pengembalian`.`validasi`
FROM `transaksi`
JOIN `pengembalian` ON `pengembalian`.`id_transaksiFK` = `transaksi`.`id_transaksi`
WHERE `id_userFK` = \'2\'
AND `validasi` = \'Valid\'')
 4 SYSTEMPATH\Database\BaseBuilder.php(1585): CodeIgniter\Database\BaseConnection->query('SELECT `transaksi`.`id_transaksi`, `transaksi`.`id_userFK`, `transaksi`.`nama`, `transaksi`.`alamat`, `transaksi`.`telp`, `transaksi`.`ongkir`, `transaksi`.`total_tagihan`, `transaksi`.`status_pembayaran`, `transaksi`.`no_resi`, `transaksi`.`status_pengiriman`, `pengembalian`.`id_transaksiFK`, `pengembalian`.`gambar`, `pengembalian`.`alasan`, `pengembalian`.`validasi`
FROM `transaksi`
JOIN `pengembalian` ON `pengembalian`.`id_transaksiFK` = `transaksi`.`id_transaksi`
WHERE `id_userFK` = :id_userFK:
AND `validasi` = :validasi:', [...], false)
 5 SYSTEMPATH\Model.php(805): CodeIgniter\Database\BaseBuilder->get()
 6 APPPATH\Controllers\Transaksi.php(80): CodeIgniter\Model->__call('get', [])
 7 SYSTEMPATH\CodeIgniter.php(925): App\Controllers\Transaksi->tampilanPengembalian()
 8 SYSTEMPATH\CodeIgniter.php(480): CodeIgniter\CodeIgniter->runController(Object(App\Controllers\Transaksi))
 9 SYSTEMPATH\CodeIgniter.php(349): CodeIgniter\CodeIgniter->handleRequest(null, Object(Config\Cache), false)
10 FCPATH\index.php(67): CodeIgniter\CodeIgniter->run()
11 SYSTEMPATH\Commands\Server\rewrite.php(47): require_once('FCPATH\\index.php')
ERROR - 2023-01-23 21:51:24 --> mysqli_sql_exception: Column 'validasi' in where clause is ambiguous in C:\xampp\htdocs\skripsi\Tokomjs\MJ\vendor\codeigniter4\framework\system\Database\MySQLi\Connection.php:292
Stack trace:
#0 C:\xampp\htdocs\skripsi\Tokomjs\MJ\vendor\codeigniter4\framework\system\Database\MySQLi\Connection.php(292): mysqli->query('SELECT `transak...', 0)
#1 C:\xampp\htdocs\skripsi\Tokomjs\MJ\vendor\codeigniter4\framework\system\Database\BaseConnection.php(666): CodeIgniter\Database\MySQLi\Connection->execute('SELECT `transak...')
#2 C:\xampp\htdocs\skripsi\Tokomjs\MJ\vendor\codeigniter4\framework\system\Database\BaseConnection.php(593): CodeIgniter\Database\BaseConnection->simpleQuery('SELECT `transak...')
#3 C:\xampp\htdocs\skripsi\Tokomjs\MJ\vendor\codeigniter4\framework\system\Database\BaseBuilder.php(1585): CodeIgniter\Database\BaseConnection->query('SELECT `transak...', Array, false)
#4 C:\xampp\htdocs\skripsi\Tokomjs\MJ\vendor\codeigniter4\framework\system\Model.php(805): CodeIgniter\Database\BaseBuilder->get()
#5 C:\xampp\htdocs\skripsi\Tokomjs\MJ\app\Controllers\Transaksi.php(80): CodeIgniter\Model->__call('get', Array)
#6 C:\xampp\htdocs\skripsi\Tokomjs\MJ\vendor\codeigniter4\framework\system\CodeIgniter.php(925): App\Controllers\Transaksi->tampilanPengembalian()
#7 C:\xampp\htdocs\skripsi\Tokomjs\MJ\vendor\codeigniter4\framework\system\CodeIgniter.php(480): CodeIgniter\CodeIgniter->runController(Object(App\Controllers\Transaksi))
#8 C:\xampp\htdocs\skripsi\Tokomjs\MJ\vendor\codeigniter4\framework\system\CodeIgniter.php(349): CodeIgniter\CodeIgniter->handleRequest(NULL, Object(Config\Cache), false)
#9 C:\xampp\htdocs\skripsi\Tokomjs\MJ\public\index.php(67): CodeIgniter\CodeIgniter->run()
#10 C:\xampp\htdocs\skripsi\Tokomjs\MJ\vendor\codeigniter4\framework\system\Commands\Server\rewrite.php(47): require_once('C:\\xampp\\htdocs...')
#11 {main}
CRITICAL - 2023-01-23 21:51:24 --> Column 'validasi' in where clause is ambiguous
in SYSTEMPATH\Database\MySQLi\Connection.php on line 292.
 1 SYSTEMPATH\Database\MySQLi\Connection.php(292): mysqli->query('SELECT `transaksi`.`id_transaksi`, `transaksi`.`id_userFK`, `transaksi`.`nama`, `transaksi`.`alamat`, `transaksi`.`telp`, `transaksi`.`ongkir`, `transaksi`.`total_tagihan`, `transaksi`.`status_pembayaran`, `transaksi`.`no_resi`, `transaksi`.`status_pengiriman`, `pengembalian`.`id_transaksiFK`, `pengembalian`.`gambar`, `pengembalian`.`alasan`, `pengembalian`.`validasi`
FROM `transaksi`
JOIN `pengembalian` ON `pengembalian`.`id_transaksiFK` = `transaksi`.`id_transaksi`
WHERE `id_userFK` = \'2\'
AND `validasi` = \'Valid\'', 0)
 2 SYSTEMPATH\Database\BaseConnection.php(666): CodeIgniter\Database\MySQLi\Connection->execute('SELECT `transaksi`.`id_transaksi`, `transaksi`.`id_userFK`, `transaksi`.`nama`, `transaksi`.`alamat`, `transaksi`.`telp`, `transaksi`.`ongkir`, `transaksi`.`total_tagihan`, `transaksi`.`status_pembayaran`, `transaksi`.`no_resi`, `transaksi`.`status_pengiriman`, `pengembalian`.`id_transaksiFK`, `pengembalian`.`gambar`, `pengembalian`.`alasan`, `pengembalian`.`validasi`
FROM `transaksi`
JOIN `pengembalian` ON `pengembalian`.`id_transaksiFK` = `transaksi`.`id_transaksi`
WHERE `id_userFK` = \'2\'
AND `validasi` = \'Valid\'')
 3 SYSTEMPATH\Database\BaseConnection.php(593): CodeIgniter\Database\BaseConnection->simpleQuery('SELECT `transaksi`.`id_transaksi`, `transaksi`.`id_userFK`, `transaksi`.`nama`, `transaksi`.`alamat`, `transaksi`.`telp`, `transaksi`.`ongkir`, `transaksi`.`total_tagihan`, `transaksi`.`status_pembayaran`, `transaksi`.`no_resi`, `transaksi`.`status_pengiriman`, `pengembalian`.`id_transaksiFK`, `pengembalian`.`gambar`, `pengembalian`.`alasan`, `pengembalian`.`validasi`
FROM `transaksi`
JOIN `pengembalian` ON `pengembalian`.`id_transaksiFK` = `transaksi`.`id_transaksi`
WHERE `id_userFK` = \'2\'
AND `validasi` = \'Valid\'')
 4 SYSTEMPATH\Database\BaseBuilder.php(1585): CodeIgniter\Database\BaseConnection->query('SELECT `transaksi`.`id_transaksi`, `transaksi`.`id_userFK`, `transaksi`.`nama`, `transaksi`.`alamat`, `transaksi`.`telp`, `transaksi`.`ongkir`, `transaksi`.`total_tagihan`, `transaksi`.`status_pembayaran`, `transaksi`.`no_resi`, `transaksi`.`status_pengiriman`, `pengembalian`.`id_transaksiFK`, `pengembalian`.`gambar`, `pengembalian`.`alasan`, `pengembalian`.`validasi`
FROM `transaksi`
JOIN `pengembalian` ON `pengembalian`.`id_transaksiFK` = `transaksi`.`id_transaksi`
WHERE `id_userFK` = :id_userFK:
AND `validasi` = :validasi:', [...], false)
 5 SYSTEMPATH\Model.php(805): CodeIgniter\Database\BaseBuilder->get()
 6 APPPATH\Controllers\Transaksi.php(80): CodeIgniter\Model->__call('get', [])
 7 SYSTEMPATH\CodeIgniter.php(925): App\Controllers\Transaksi->tampilanPengembalian()
 8 SYSTEMPATH\CodeIgniter.php(480): CodeIgniter\CodeIgniter->runController(Object(App\Controllers\Transaksi))
 9 SYSTEMPATH\CodeIgniter.php(349): CodeIgniter\CodeIgniter->handleRequest(null, Object(Config\Cache), false)
10 FCPATH\index.php(67): CodeIgniter\CodeIgniter->run()
11 SYSTEMPATH\Commands\Server\rewrite.php(47): require_once('FCPATH\\index.php')
ERROR - 2023-01-23 21:51:28 --> mysqli_sql_exception: Column 'validasi' in where clause is ambiguous in C:\xampp\htdocs\skripsi\Tokomjs\MJ\vendor\codeigniter4\framework\system\Database\MySQLi\Connection.php:292
Stack trace:
#0 C:\xampp\htdocs\skripsi\Tokomjs\MJ\vendor\codeigniter4\framework\system\Database\MySQLi\Connection.php(292): mysqli->query('SELECT `transak...', 0)
#1 C:\xampp\htdocs\skripsi\Tokomjs\MJ\vendor\codeigniter4\framework\system\Database\BaseConnection.php(666): CodeIgniter\Database\MySQLi\Connection->execute('SELECT `transak...')
#2 C:\xampp\htdocs\skripsi\Tokomjs\MJ\vendor\codeigniter4\framework\system\Database\BaseConnection.php(593): CodeIgniter\Database\BaseConnection->simpleQuery('SELECT `transak...')
#3 C:\xampp\htdocs\skripsi\Tokomjs\MJ\vendor\codeigniter4\framework\system\Database\BaseBuilder.php(1585): CodeIgniter\Database\BaseConnection->query('SELECT `transak...', Array, false)
#4 C:\xampp\htdocs\skripsi\Tokomjs\MJ\vendor\codeigniter4\framework\system\Model.php(805): CodeIgniter\Database\BaseBuilder->get()
#5 C:\xampp\htdocs\skripsi\Tokomjs\MJ\app\Controllers\Transaksi.php(80): CodeIgniter\Model->__call('get', Array)
#6 C:\xampp\htdocs\skripsi\Tokomjs\MJ\vendor\codeigniter4\framework\system\CodeIgniter.php(925): App\Controllers\Transaksi->tampilanPengembalian()
#7 C:\xampp\htdocs\skripsi\Tokomjs\MJ\vendor\codeigniter4\framework\system\CodeIgniter.php(480): CodeIgniter\CodeIgniter->runController(Object(App\Controllers\Transaksi))
#8 C:\xampp\htdocs\skripsi\Tokomjs\MJ\vendor\codeigniter4\framework\system\CodeIgniter.php(349): CodeIgniter\CodeIgniter->handleRequest(NULL, Object(Config\Cache), false)
#9 C:\xampp\htdocs\skripsi\Tokomjs\MJ\public\index.php(67): CodeIgniter\CodeIgniter->run()
#10 C:\xampp\htdocs\skripsi\Tokomjs\MJ\vendor\codeigniter4\framework\system\Commands\Server\rewrite.php(47): require_once('C:\\xampp\\htdocs...')
#11 {main}
CRITICAL - 2023-01-23 21:51:28 --> Column 'validasi' in where clause is ambiguous
in SYSTEMPATH\Database\MySQLi\Connection.php on line 292.
 1 SYSTEMPATH\Database\MySQLi\Connection.php(292): mysqli->query('SELECT `transaksi`.`id_transaksi`, `transaksi`.`id_userFK`, `transaksi`.`nama`, `transaksi`.`alamat`, `transaksi`.`telp`, `transaksi`.`ongkir`, `transaksi`.`total_tagihan`, `transaksi`.`status_pembayaran`, `transaksi`.`no_resi`, `transaksi`.`status_pengiriman`, `pengembalian`.`id_transaksiFK`, `pengembalian`.`gambar`, `pengembalian`.`alasan`, `pengembalian`.`validasi`
FROM `transaksi`
JOIN `pengembalian` ON `pengembalian`.`id_transaksiFK` = `transaksi`.`id_transaksi`
WHERE `id_userFK` = \'2\'
AND `validasi` = \'Valid\'', 0)
 2 SYSTEMPATH\Database\BaseConnection.php(666): CodeIgniter\Database\MySQLi\Connection->execute('SELECT `transaksi`.`id_transaksi`, `transaksi`.`id_userFK`, `transaksi`.`nama`, `transaksi`.`alamat`, `transaksi`.`telp`, `transaksi`.`ongkir`, `transaksi`.`total_tagihan`, `transaksi`.`status_pembayaran`, `transaksi`.`no_resi`, `transaksi`.`status_pengiriman`, `pengembalian`.`id_transaksiFK`, `pengembalian`.`gambar`, `pengembalian`.`alasan`, `pengembalian`.`validasi`
FROM `transaksi`
JOIN `pengembalian` ON `pengembalian`.`id_transaksiFK` = `transaksi`.`id_transaksi`
WHERE `id_userFK` = \'2\'
AND `validasi` = \'Valid\'')
 3 SYSTEMPATH\Database\BaseConnection.php(593): CodeIgniter\Database\BaseConnection->simpleQuery('SELECT `transaksi`.`id_transaksi`, `transaksi`.`id_userFK`, `transaksi`.`nama`, `transaksi`.`alamat`, `transaksi`.`telp`, `transaksi`.`ongkir`, `transaksi`.`total_tagihan`, `transaksi`.`status_pembayaran`, `transaksi`.`no_resi`, `transaksi`.`status_pengiriman`, `pengembalian`.`id_transaksiFK`, `pengembalian`.`gambar`, `pengembalian`.`alasan`, `pengembalian`.`validasi`
FROM `transaksi`
JOIN `pengembalian` ON `pengembalian`.`id_transaksiFK` = `transaksi`.`id_transaksi`
WHERE `id_userFK` = \'2\'
AND `validasi` = \'Valid\'')
 4 SYSTEMPATH\Database\BaseBuilder.php(1585): CodeIgniter\Database\BaseConnection->query('SELECT `transaksi`.`id_transaksi`, `transaksi`.`id_userFK`, `transaksi`.`nama`, `transaksi`.`alamat`, `transaksi`.`telp`, `transaksi`.`ongkir`, `transaksi`.`total_tagihan`, `transaksi`.`status_pembayaran`, `transaksi`.`no_resi`, `transaksi`.`status_pengiriman`, `pengembalian`.`id_transaksiFK`, `pengembalian`.`gambar`, `pengembalian`.`alasan`, `pengembalian`.`validasi`
FROM `transaksi`
JOIN `pengembalian` ON `pengembalian`.`id_transaksiFK` = `transaksi`.`id_transaksi`
WHERE `id_userFK` = :id_userFK:
AND `validasi` = :validasi:', [...], false)
 5 SYSTEMPATH\Model.php(805): CodeIgniter\Database\BaseBuilder->get()
 6 APPPATH\Controllers\Transaksi.php(80): CodeIgniter\Model->__call('get', [])
 7 SYSTEMPATH\CodeIgniter.php(925): App\Controllers\Transaksi->tampilanPengembalian()
 8 SYSTEMPATH\CodeIgniter.php(480): CodeIgniter\CodeIgniter->runController(Object(App\Controllers\Transaksi))
 9 SYSTEMPATH\CodeIgniter.php(349): CodeIgniter\CodeIgniter->handleRequest(null, Object(Config\Cache), false)
10 FCPATH\index.php(67): CodeIgniter\CodeIgniter->run()
11 SYSTEMPATH\Commands\Server\rewrite.php(47): require_once('FCPATH\\index.php')
CRITICAL - 2023-01-23 21:55:00 --> Undefined array key "id_transaksi"
in APPPATH\Views\transaksi\daftar_pengembalian.php on line 63.
 1 APPPATH\Views\transaksi\daftar_pengembalian.php(63): CodeIgniter\Debug\Exceptions->errorHandler(2, 'Undefined array key "id_transaksi"', 'APPPATH\\Views\\transaksi\\daftar_pengembalian.php', 63)
 2 SYSTEMPATH\View\View.php(213): include('APPPATH\\Views\\transaksi\\daftar_pengembalian.php')
 3 SYSTEMPATH\View\View.php(216): CodeIgniter\View\View->CodeIgniter\View\{closure}()
 4 SYSTEMPATH\Common.php(1135): CodeIgniter\View\View->render('transaksi/daftar_pengembalian', [], true)
 5 APPPATH\Controllers\Transaksi.php(82): view('transaksi/daftar_pengembalian', [...])
 6 SYSTEMPATH\CodeIgniter.php(925): App\Controllers\Transaksi->tampilanPengembalian()
 7 SYSTEMPATH\CodeIgniter.php(480): CodeIgniter\CodeIgniter->runController(Object(App\Controllers\Transaksi))
 8 SYSTEMPATH\CodeIgniter.php(349): CodeIgniter\CodeIgniter->handleRequest(null, Object(Config\Cache), false)
 9 FCPATH\index.php(67): CodeIgniter\CodeIgniter->run()
10 SYSTEMPATH\Commands\Server\rewrite.php(47): require_once('FCPATH\\index.php')
