CRITICAL - 2023-02-03 09:26:23 --> CodeIgniter\Database\BaseBuilder::like(): Argument #2 ($match) must be of type string, null given, called in C:\xampp\htdocs\skripsi\Tokomjs\MJ\vendor\codeigniter4\framework\system\Model.php on line 805
in SYSTEMPATH\Database\BaseBuilder.php on line 954.
 1 SYSTEMPATH\Model.php(805): CodeIgniter\Database\BaseBuilder->like('pertanyaan', null)
 2 APPPATH\Controllers\Chatbot.php(19): CodeIgniter\Model->__call('like', [...])
 3 SYSTEMPATH\CodeIgniter.php(925): App\Controllers\Chatbot->index()
 4 SYSTEMPATH\CodeIgniter.php(480): CodeIgniter\CodeIgniter->runController(Object(App\Controllers\Chatbot))
 5 SYSTEMPATH\CodeIgniter.php(349): CodeIgniter\CodeIgniter->handleRequest(null, Object(Config\Cache), false)
 6 FCPATH\index.php(67): CodeIgniter\CodeIgniter->run()
 7 SYSTEMPATH\Commands\Server\rewrite.php(47): require_once('FCPATH\\index.php')
CRITICAL - 2023-02-03 09:27:45 --> CodeIgniter\Database\BaseBuilder::like(): Argument #2 ($match) must be of type string, null given, called in C:\xampp\htdocs\skripsi\Tokomjs\MJ\vendor\codeigniter4\framework\system\Model.php on line 805
in SYSTEMPATH\Database\BaseBuilder.php on line 954.
 1 SYSTEMPATH\Model.php(805): CodeIgniter\Database\BaseBuilder->like('pertanyaan', null)
 2 APPPATH\Controllers\Chatbot.php(19): CodeIgniter\Model->__call('like', [...])
 3 SYSTEMPATH\CodeIgniter.php(925): App\Controllers\Chatbot->index()
 4 SYSTEMPATH\CodeIgniter.php(480): CodeIgniter\CodeIgniter->runController(Object(App\Controllers\Chatbot))
 5 SYSTEMPATH\CodeIgniter.php(349): CodeIgniter\CodeIgniter->handleRequest(null, Object(Config\Cache), false)
 6 FCPATH\index.php(67): CodeIgniter\CodeIgniter->run()
 7 SYSTEMPATH\Commands\Server\rewrite.php(47): require_once('FCPATH\\index.php')
CRITICAL - 2023-02-03 09:28:21 --> CodeIgniter\Database\BaseBuilder::like(): Argument #2 ($match) must be of type string, null given, called in C:\xampp\htdocs\skripsi\Tokomjs\MJ\vendor\codeigniter4\framework\system\Model.php on line 805
in SYSTEMPATH\Database\BaseBuilder.php on line 954.
 1 SYSTEMPATH\Model.php(805): CodeIgniter\Database\BaseBuilder->like('pertanyaan', null)
 2 APPPATH\Controllers\Chatbot.php(19): CodeIgniter\Model->__call('like', [...])
 3 SYSTEMPATH\CodeIgniter.php(925): App\Controllers\Chatbot->index()
 4 SYSTEMPATH\CodeIgniter.php(480): CodeIgniter\CodeIgniter->runController(Object(App\Controllers\Chatbot))
 5 SYSTEMPATH\CodeIgniter.php(349): CodeIgniter\CodeIgniter->handleRequest(null, Object(Config\Cache), false)
 6 FCPATH\index.php(67): CodeIgniter\CodeIgniter->run()
 7 SYSTEMPATH\Commands\Server\rewrite.php(47): require_once('FCPATH\\index.php')
CRITICAL - 2023-02-03 09:29:32 --> CodeIgniter\Database\BaseBuilder::like(): Argument #2 ($match) must be of type string, null given, called in C:\xampp\htdocs\skripsi\Tokomjs\MJ\vendor\codeigniter4\framework\system\Model.php on line 805
in SYSTEMPATH\Database\BaseBuilder.php on line 954.
 1 SYSTEMPATH\Model.php(805): CodeIgniter\Database\BaseBuilder->like('pertanyaan', null)
 2 APPPATH\Controllers\Chatbot.php(19): CodeIgniter\Model->__call('like', [...])
 3 SYSTEMPATH\CodeIgniter.php(925): App\Controllers\Chatbot->index()
 4 SYSTEMPATH\CodeIgniter.php(480): CodeIgniter\CodeIgniter->runController(Object(App\Controllers\Chatbot))
 5 SYSTEMPATH\CodeIgniter.php(349): CodeIgniter\CodeIgniter->handleRequest(null, Object(Config\Cache), false)
 6 FCPATH\index.php(67): CodeIgniter\CodeIgniter->run()
 7 SYSTEMPATH\Commands\Server\rewrite.php(47): require_once('FCPATH\\index.php')
CRITICAL - 2023-02-03 09:30:29 --> Undefined variable $cek_data
in APPPATH\Controllers\Chatbot.php on line 29.
 1 APPPATH\Controllers\Chatbot.php(29): CodeIgniter\Debug\Exceptions->errorHandler(2, 'Undefined variable $cek_data', 'APPPATH\\Controllers\\Chatbot.php', 29)
 2 SYSTEMPATH\CodeIgniter.php(925): App\Controllers\Chatbot->index()
 3 SYSTEMPATH\CodeIgniter.php(480): CodeIgniter\CodeIgniter->runController(Object(App\Controllers\Chatbot))
 4 SYSTEMPATH\CodeIgniter.php(349): CodeIgniter\CodeIgniter->handleRequest(null, Object(Config\Cache), false)
 5 FCPATH\index.php(67): CodeIgniter\CodeIgniter->run()
 6 SYSTEMPATH\Commands\Server\rewrite.php(47): require_once('FCPATH\\index.php')
CRITICAL - 2023-02-03 09:32:38 --> Undefined variable $chatbot
in APPPATH\Views\admin\chatbot\create.php on line 64.
 1 APPPATH\Views\admin\chatbot\create.php(64): CodeIgniter\Debug\Exceptions->errorHandler(2, 'Undefined variable $chatbot', 'APPPATH\\Views\\admin\\chatbot\\create.php', 64)
 2 SYSTEMPATH\View\View.php(213): include('APPPATH\\Views\\admin\\chatbot\\create.php')
 3 SYSTEMPATH\View\View.php(216): CodeIgniter\View\View->CodeIgniter\View\{closure}()
 4 SYSTEMPATH\Common.php(1135): CodeIgniter\View\View->render('admin/chatbot/create', [], true)
 5 APPPATH\Controllers\Admin\Chatbot.php(30): view('admin/chatbot/create', [...])
 6 SYSTEMPATH\CodeIgniter.php(925): App\Controllers\Admin\Chatbot->create()
 7 SYSTEMPATH\CodeIgniter.php(480): CodeIgniter\CodeIgniter->runController(Object(App\Controllers\Admin\Chatbot))
 8 SYSTEMPATH\CodeIgniter.php(349): CodeIgniter\CodeIgniter->handleRequest(null, Object(Config\Cache), false)
 9 FCPATH\index.php(67): CodeIgniter\CodeIgniter->run()
10 SYSTEMPATH\Commands\Server\rewrite.php(47): require_once('FCPATH\\index.php')
CRITICAL - 2023-02-03 09:55:06 --> Call to undefined method App\Models\ChatbotModel::getChatbot
in SYSTEMPATH\Model.php on line 807.
 1 APPPATH\Controllers\Admin\Chatbot.php(79): CodeIgniter\Model->__call('getChatbot', [...])
 2 SYSTEMPATH\CodeIgniter.php(925): App\Controllers\Admin\Chatbot->edit('1')
 3 SYSTEMPATH\CodeIgniter.php(480): CodeIgniter\CodeIgniter->runController(Object(App\Controllers\Admin\Chatbot))
 4 SYSTEMPATH\CodeIgniter.php(349): CodeIgniter\CodeIgniter->handleRequest(null, Object(Config\Cache), false)
 5 FCPATH\index.php(67): CodeIgniter\CodeIgniter->run()
 6 SYSTEMPATH\Commands\Server\rewrite.php(47): require_once('FCPATH\\index.php')
CRITICAL - 2023-02-03 10:39:06 --> CodeIgniter\Database\BaseBuilder::like(): Argument #2 ($match) must be of type string, null given, called in C:\xampp\htdocs\skripsi\Tokomjs\MJ\vendor\codeigniter4\framework\system\Model.php on line 805
in SYSTEMPATH\Database\BaseBuilder.php on line 954.
 1 SYSTEMPATH\Model.php(805): CodeIgniter\Database\BaseBuilder->like('pertanyaan', null)
 2 APPPATH\Controllers\Chatbot.php(19): CodeIgniter\Model->__call('like', [...])
 3 SYSTEMPATH\CodeIgniter.php(925): App\Controllers\Chatbot->index()
 4 SYSTEMPATH\CodeIgniter.php(480): CodeIgniter\CodeIgniter->runController(Object(App\Controllers\Chatbot))
 5 SYSTEMPATH\CodeIgniter.php(349): CodeIgniter\CodeIgniter->handleRequest(null, Object(Config\Cache), false)
 6 FCPATH\index.php(67): CodeIgniter\CodeIgniter->run()
 7 SYSTEMPATH\Commands\Server\rewrite.php(47): require_once('FCPATH\\index.php')
CRITICAL - 2023-02-03 10:39:43 --> CodeIgniter\Database\BaseBuilder::like(): Argument #2 ($match) must be of type string, null given, called in C:\xampp\htdocs\skripsi\Tokomjs\MJ\vendor\codeigniter4\framework\system\Model.php on line 805
in SYSTEMPATH\Database\BaseBuilder.php on line 954.
 1 SYSTEMPATH\Model.php(805): CodeIgniter\Database\BaseBuilder->like('pertanyaan', null)
 2 APPPATH\Controllers\Chatbot.php(19): CodeIgniter\Model->__call('like', [...])
 3 SYSTEMPATH\CodeIgniter.php(925): App\Controllers\Chatbot->index()
 4 SYSTEMPATH\CodeIgniter.php(480): CodeIgniter\CodeIgniter->runController(Object(App\Controllers\Chatbot))
 5 SYSTEMPATH\CodeIgniter.php(349): CodeIgniter\CodeIgniter->handleRequest(null, Object(Config\Cache), false)
 6 FCPATH\index.php(67): CodeIgniter\CodeIgniter->run()
 7 SYSTEMPATH\Commands\Server\rewrite.php(47): require_once('FCPATH\\index.php')
CRITICAL - 2023-02-03 10:41:07 --> CodeIgniter\Database\BaseBuilder::like(): Argument #2 ($match) must be of type string, null given, called in C:\xampp\htdocs\skripsi\Tokomjs\MJ\vendor\codeigniter4\framework\system\Model.php on line 805
in SYSTEMPATH\Database\BaseBuilder.php on line 954.
 1 SYSTEMPATH\Model.php(805): CodeIgniter\Database\BaseBuilder->like('pertanyaan', null)
 2 APPPATH\Controllers\Chatbot.php(19): CodeIgniter\Model->__call('like', [...])
 3 SYSTEMPATH\CodeIgniter.php(925): App\Controllers\Chatbot->index()
 4 SYSTEMPATH\CodeIgniter.php(480): CodeIgniter\CodeIgniter->runController(Object(App\Controllers\Chatbot))
 5 SYSTEMPATH\CodeIgniter.php(349): CodeIgniter\CodeIgniter->handleRequest(null, Object(Config\Cache), false)
 6 FCPATH\index.php(67): CodeIgniter\CodeIgniter->run()
 7 SYSTEMPATH\Commands\Server\rewrite.php(47): require_once('FCPATH\\index.php')
CRITICAL - 2023-02-03 10:42:17 --> CodeIgniter\Database\BaseBuilder::like(): Argument #2 ($match) must be of type string, null given, called in C:\xampp\htdocs\skripsi\Tokomjs\MJ\vendor\codeigniter4\framework\system\Model.php on line 805
in SYSTEMPATH\Database\BaseBuilder.php on line 954.
 1 SYSTEMPATH\Model.php(805): CodeIgniter\Database\BaseBuilder->like('pertanyaan', null)
 2 APPPATH\Controllers\Chatbot.php(19): CodeIgniter\Model->__call('like', [...])
 3 SYSTEMPATH\CodeIgniter.php(925): App\Controllers\Chatbot->index()
 4 SYSTEMPATH\CodeIgniter.php(480): CodeIgniter\CodeIgniter->runController(Object(App\Controllers\Chatbot))
 5 SYSTEMPATH\CodeIgniter.php(349): CodeIgniter\CodeIgniter->handleRequest(null, Object(Config\Cache), false)
 6 FCPATH\index.php(67): CodeIgniter\CodeIgniter->run()
 7 SYSTEMPATH\Commands\Server\rewrite.php(47): require_once('FCPATH\\index.php')
CRITICAL - 2023-02-03 10:50:00 --> CodeIgniter\Database\BaseBuilder::like(): Argument #2 ($match) must be of type string, null given, called in C:\xampp\htdocs\skripsi\Tokomjs\MJ\vendor\codeigniter4\framework\system\Model.php on line 805
in SYSTEMPATH\Database\BaseBuilder.php on line 954.
 1 SYSTEMPATH\Model.php(805): CodeIgniter\Database\BaseBuilder->like('pertanyaan', null)
 2 APPPATH\Controllers\Chatbot.php(19): CodeIgniter\Model->__call('like', [...])
 3 SYSTEMPATH\CodeIgniter.php(925): App\Controllers\Chatbot->index()
 4 SYSTEMPATH\CodeIgniter.php(480): CodeIgniter\CodeIgniter->runController(Object(App\Controllers\Chatbot))
 5 SYSTEMPATH\CodeIgniter.php(349): CodeIgniter\CodeIgniter->handleRequest(null, Object(Config\Cache), false)
 6 FCPATH\index.php(67): CodeIgniter\CodeIgniter->run()
 7 SYSTEMPATH\Commands\Server\rewrite.php(47): require_once('FCPATH\\index.php')
