CRITICAL - 2023-01-09 07:55:05 --> Undefined variable $konfirmasi
in APPPATH\Views\admin\transaksi\konfirmasi.php on line 55.
 1 APPPATH\Views\admin\transaksi\konfirmasi.php(55): CodeIgniter\Debug\Exceptions->errorHandler(2, 'Undefined variable $konfirmasi', 'APPPATH\\Views\\admin\\transaksi\\konfirmasi.php', 55)
 2 SYSTEMPATH\View\View.php(213): include('APPPATH\\Views\\admin\\transaksi\\konfirmasi.php')
 3 SYSTEMPATH\View\View.php(216): CodeIgniter\View\View->CodeIgniter\View\{closure}()
 4 SYSTEMPATH\Common.php(1135): CodeIgniter\View\View->render('admin/transaksi/konfirmasi', [], true)
 5 APPPATH\Controllers\Admin\Transaksi.php(101): view('admin/transaksi/konfirmasi', [...])
 6 SYSTEMPATH\CodeIgniter.php(925): App\Controllers\Admin\Transaksi->konfirmasi('5')
 7 SYSTEMPATH\CodeIgniter.php(480): CodeIgniter\CodeIgniter->runController(Object(App\Controllers\Admin\Transaksi))
 8 SYSTEMPATH\CodeIgniter.php(349): CodeIgniter\CodeIgniter->handleRequest(null, Object(Config\Cache), false)
 9 FCPATH\index.php(67): CodeIgniter\CodeIgniter->run()
10 SYSTEMPATH\Commands\Server\rewrite.php(47): require_once('FCPATH\\index.php')
CRITICAL - 2023-01-09 08:01:25 --> Undefined variable $jumlah_transaksi
in APPPATH\Views\admin\transaksi\index.php on line 60.
 1 APPPATH\Views\admin\transaksi\index.php(60): CodeIgniter\Debug\Exceptions->errorHandler(2, 'Undefined variable $jumlah_transaksi', 'APPPATH\\Views\\admin\\transaksi\\index.php', 60)
 2 SYSTEMPATH\View\View.php(213): include('APPPATH\\Views\\admin\\transaksi\\index.php')
 3 SYSTEMPATH\View\View.php(216): CodeIgniter\View\View->CodeIgniter\View\{closure}()
 4 SYSTEMPATH\Common.php(1135): CodeIgniter\View\View->render('admin/transaksi/index', [], true)
 5 APPPATH\Controllers\Admin\Transaksi.php(23): view('admin/transaksi/index', [...])
 6 SYSTEMPATH\CodeIgniter.php(925): App\Controllers\Admin\Transaksi->index()
 7 SYSTEMPATH\CodeIgniter.php(480): CodeIgniter\CodeIgniter->runController(Object(App\Controllers\Admin\Transaksi))
 8 SYSTEMPATH\CodeIgniter.php(349): CodeIgniter\CodeIgniter->handleRequest(null, Object(Config\Cache), false)
 9 FCPATH\index.php(67): CodeIgniter\CodeIgniter->run()
10 SYSTEMPATH\Commands\Server\rewrite.php(47): require_once('FCPATH\\index.php')
CRITICAL - 2023-01-09 08:03:46 --> Undefined variable $jumlah_transaksi
in APPPATH\Views\admin\transaksi\index.php on line 60.
 1 APPPATH\Views\admin\transaksi\index.php(60): CodeIgniter\Debug\Exceptions->errorHandler(2, 'Undefined variable $jumlah_transaksi', 'APPPATH\\Views\\admin\\transaksi\\index.php', 60)
 2 SYSTEMPATH\View\View.php(213): include('APPPATH\\Views\\admin\\transaksi\\index.php')
 3 SYSTEMPATH\View\View.php(216): CodeIgniter\View\View->CodeIgniter\View\{closure}()
 4 SYSTEMPATH\Common.php(1135): CodeIgniter\View\View->render('admin/transaksi/index', [], true)
 5 APPPATH\Controllers\Admin\Transaksi.php(23): view('admin/transaksi/index', [...])
 6 SYSTEMPATH\CodeIgniter.php(925): App\Controllers\Admin\Transaksi->index()
 7 SYSTEMPATH\CodeIgniter.php(480): CodeIgniter\CodeIgniter->runController(Object(App\Controllers\Admin\Transaksi))
 8 SYSTEMPATH\CodeIgniter.php(349): CodeIgniter\CodeIgniter->handleRequest(null, Object(Config\Cache), false)
 9 FCPATH\index.php(67): CodeIgniter\CodeIgniter->run()
10 SYSTEMPATH\Commands\Server\rewrite.php(47): require_once('FCPATH\\index.php')
CRITICAL - 2023-01-09 08:03:48 --> Undefined variable $jumlah_transaksi
in APPPATH\Views\admin\transaksi\index.php on line 60.
 1 APPPATH\Views\admin\transaksi\index.php(60): CodeIgniter\Debug\Exceptions->errorHandler(2, 'Undefined variable $jumlah_transaksi', 'APPPATH\\Views\\admin\\transaksi\\index.php', 60)
 2 SYSTEMPATH\View\View.php(213): include('APPPATH\\Views\\admin\\transaksi\\index.php')
 3 SYSTEMPATH\View\View.php(216): CodeIgniter\View\View->CodeIgniter\View\{closure}()
 4 SYSTEMPATH\Common.php(1135): CodeIgniter\View\View->render('admin/transaksi/index', [], true)
 5 APPPATH\Controllers\Admin\Transaksi.php(23): view('admin/transaksi/index', [...])
 6 SYSTEMPATH\CodeIgniter.php(925): App\Controllers\Admin\Transaksi->index()
 7 SYSTEMPATH\CodeIgniter.php(480): CodeIgniter\CodeIgniter->runController(Object(App\Controllers\Admin\Transaksi))
 8 SYSTEMPATH\CodeIgniter.php(349): CodeIgniter\CodeIgniter->handleRequest(null, Object(Config\Cache), false)
 9 FCPATH\index.php(67): CodeIgniter\CodeIgniter->run()
10 SYSTEMPATH\Commands\Server\rewrite.php(47): require_once('FCPATH\\index.php')
CRITICAL - 2023-01-09 08:04:29 --> Undefined variable $jumlah_transaksi
in APPPATH\Views\admin\transaksi\index.php on line 60.
 1 APPPATH\Views\admin\transaksi\index.php(60): CodeIgniter\Debug\Exceptions->errorHandler(2, 'Undefined variable $jumlah_transaksi', 'APPPATH\\Views\\admin\\transaksi\\index.php', 60)
 2 SYSTEMPATH\View\View.php(213): include('APPPATH\\Views\\admin\\transaksi\\index.php')
 3 SYSTEMPATH\View\View.php(216): CodeIgniter\View\View->CodeIgniter\View\{closure}()
 4 SYSTEMPATH\Common.php(1135): CodeIgniter\View\View->render('admin/transaksi/index', [], true)
 5 APPPATH\Controllers\Admin\Transaksi.php(23): view('admin/transaksi/index', [...])
 6 SYSTEMPATH\CodeIgniter.php(925): App\Controllers\Admin\Transaksi->index()
 7 SYSTEMPATH\CodeIgniter.php(480): CodeIgniter\CodeIgniter->runController(Object(App\Controllers\Admin\Transaksi))
 8 SYSTEMPATH\CodeIgniter.php(349): CodeIgniter\CodeIgniter->handleRequest(null, Object(Config\Cache), false)
 9 FCPATH\index.php(67): CodeIgniter\CodeIgniter->run()
10 SYSTEMPATH\Commands\Server\rewrite.php(47): require_once('FCPATH\\index.php')
CRITICAL - 2023-01-09 16:56:11 --> Undefined variable $listKategori
in APPPATH\Views\admin\home\index.php on line 93.
 1 APPPATH\Views\admin\home\index.php(93): CodeIgniter\Debug\Exceptions->errorHandler(2, 'Undefined variable $listKategori', 'APPPATH\\Views\\admin\\home\\index.php', 93)
 2 SYSTEMPATH\View\View.php(213): include('APPPATH\\Views\\admin\\home\\index.php')
 3 SYSTEMPATH\View\View.php(216): CodeIgniter\View\View->CodeIgniter\View\{closure}()
 4 SYSTEMPATH\Common.php(1135): CodeIgniter\View\View->render('admin/home/index', [], true)
 5 APPPATH\Controllers\Admin\Home.php(27): view('admin/home/index', [...])
 6 SYSTEMPATH\CodeIgniter.php(925): App\Controllers\Admin\Home->index()
 7 SYSTEMPATH\CodeIgniter.php(480): CodeIgniter\CodeIgniter->runController(Object(App\Controllers\Admin\Home))
 8 SYSTEMPATH\CodeIgniter.php(349): CodeIgniter\CodeIgniter->handleRequest(null, Object(Config\Cache), false)
 9 FCPATH\index.php(67): CodeIgniter\CodeIgniter->run()
10 SYSTEMPATH\Commands\Server\rewrite.php(47): require_once('FCPATH\\index.php')
