CRITICAL - 2023-02-08 18:22:42 --> Unclosed '{' on line 25 does not match ')'
in APPPATH\Controllers\Chatbot.php on line 29.
 1 SYSTEMPATH\Autoloader\Autoloader.php(260): CodeIgniter\Autoloader\Autoloader->includeFile('APPPATH\\Controllers\\Chatbot.php')
 2 SYSTEMPATH\Autoloader\Autoloader.php(238): CodeIgniter\Autoloader\Autoloader->loadInNamespace('App\\Controllers\\Chatbot')
 3 [internal function]: CodeIgniter\Autoloader\Autoloader->loadClass('App\\Controllers\\Chatbot')
 4 SYSTEMPATH\CodeIgniter.php(875): class_exists('\\App\\Controllers\\Chatbot', true)
 5 SYSTEMPATH\CodeIgniter.php(467): CodeIgniter\CodeIgniter->startController()
 6 SYSTEMPATH\CodeIgniter.php(349): CodeIgniter\CodeIgniter->handleRequest(null, Object(Config\Cache), false)
 7 FCPATH\index.php(67): CodeIgniter\CodeIgniter->run()
 8 SYSTEMPATH\Commands\Server\rewrite.php(47): require_once('FCPATH\\index.php')
CRITICAL - 2023-02-08 18:23:40 --> Call to undefined method App\Controllers\Chatbot::query()
in APPPATH\Controllers\Chatbot.php on line 29.
 1 SYSTEMPATH\CodeIgniter.php(925): App\Controllers\Chatbot->kirim()
 2 SYSTEMPATH\CodeIgniter.php(480): CodeIgniter\CodeIgniter->runController(Object(App\Controllers\Chatbot))
 3 SYSTEMPATH\CodeIgniter.php(349): CodeIgniter\CodeIgniter->handleRequest(null, Object(Config\Cache), false)
 4 FCPATH\index.php(67): CodeIgniter\CodeIgniter->run()
 5 SYSTEMPATH\Commands\Server\rewrite.php(47): require_once('FCPATH\\index.php')
CRITICAL - 2023-02-08 18:24:35 --> Call to undefined method App\Controllers\Chatbot::query()
in APPPATH\Controllers\Chatbot.php on line 29.
 1 SYSTEMPATH\CodeIgniter.php(925): App\Controllers\Chatbot->kirim()
 2 SYSTEMPATH\CodeIgniter.php(480): CodeIgniter\CodeIgniter->runController(Object(App\Controllers\Chatbot))
 3 SYSTEMPATH\CodeIgniter.php(349): CodeIgniter\CodeIgniter->handleRequest(null, Object(Config\Cache), false)
 4 FCPATH\index.php(67): CodeIgniter\CodeIgniter->run()
 5 SYSTEMPATH\Commands\Server\rewrite.php(47): require_once('FCPATH\\index.php')
CRITICAL - 2023-02-08 18:28:51 --> syntax error, unexpected variable "$cek_data2"
in APPPATH\Controllers\Chatbot.php on line 30.
 1 SYSTEMPATH\Autoloader\Autoloader.php(260): CodeIgniter\Autoloader\Autoloader->includeFile('APPPATH\\Controllers\\Chatbot.php')
 2 SYSTEMPATH\Autoloader\Autoloader.php(238): CodeIgniter\Autoloader\Autoloader->loadInNamespace('App\\Controllers\\Chatbot')
 3 [internal function]: CodeIgniter\Autoloader\Autoloader->loadClass('App\\Controllers\\Chatbot')
 4 SYSTEMPATH\CodeIgniter.php(875): class_exists('\\App\\Controllers\\Chatbot', true)
 5 SYSTEMPATH\CodeIgniter.php(467): CodeIgniter\CodeIgniter->startController()
 6 SYSTEMPATH\CodeIgniter.php(349): CodeIgniter\CodeIgniter->handleRequest(null, Object(Config\Cache), false)
 7 FCPATH\index.php(67): CodeIgniter\CodeIgniter->run()
 8 SYSTEMPATH\Commands\Server\rewrite.php(47): require_once('FCPATH\\index.php')
CRITICAL - 2023-02-08 18:29:19 --> Call to undefined method CodeIgniter\Database\MySQLi\Result::get()
in APPPATH\Controllers\Chatbot.php on line 30.
 1 SYSTEMPATH\CodeIgniter.php(925): App\Controllers\Chatbot->kirim()
 2 SYSTEMPATH\CodeIgniter.php(480): CodeIgniter\CodeIgniter->runController(Object(App\Controllers\Chatbot))
 3 SYSTEMPATH\CodeIgniter.php(349): CodeIgniter\CodeIgniter->handleRequest(null, Object(Config\Cache), false)
 4 FCPATH\index.php(67): CodeIgniter\CodeIgniter->run()
 5 SYSTEMPATH\Commands\Server\rewrite.php(47): require_once('FCPATH\\index.php')
CRITICAL - 2023-02-08 18:29:50 --> Call to undefined method App\Controllers\Chatbot::query()
in APPPATH\Controllers\Chatbot.php on line 30.
 1 SYSTEMPATH\CodeIgniter.php(925): App\Controllers\Chatbot->kirim()
 2 SYSTEMPATH\CodeIgniter.php(480): CodeIgniter\CodeIgniter->runController(Object(App\Controllers\Chatbot))
 3 SYSTEMPATH\CodeIgniter.php(349): CodeIgniter\CodeIgniter->handleRequest(null, Object(Config\Cache), false)
 4 FCPATH\index.php(67): CodeIgniter\CodeIgniter->run()
 5 SYSTEMPATH\Commands\Server\rewrite.php(47): require_once('FCPATH\\index.php')
CRITICAL - 2023-02-08 18:30:31 --> syntax error, unexpected token "(", expecting identifier or variable or "{" or "$"
in APPPATH\Controllers\Chatbot.php on line 30.
 1 SYSTEMPATH\Autoloader\Autoloader.php(260): CodeIgniter\Autoloader\Autoloader->includeFile('APPPATH\\Controllers\\Chatbot.php')
 2 SYSTEMPATH\Autoloader\Autoloader.php(238): CodeIgniter\Autoloader\Autoloader->loadInNamespace('App\\Controllers\\Chatbot')
 3 [internal function]: CodeIgniter\Autoloader\Autoloader->loadClass('App\\Controllers\\Chatbot')
 4 SYSTEMPATH\CodeIgniter.php(875): class_exists('\\App\\Controllers\\Chatbot', true)
 5 SYSTEMPATH\CodeIgniter.php(467): CodeIgniter\CodeIgniter->startController()
 6 SYSTEMPATH\CodeIgniter.php(349): CodeIgniter\CodeIgniter->handleRequest(null, Object(Config\Cache), false)
 7 FCPATH\index.php(67): CodeIgniter\CodeIgniter->run()
 8 SYSTEMPATH\Commands\Server\rewrite.php(47): require_once('FCPATH\\index.php')
CRITICAL - 2023-02-08 21:20:35 --> Call to a member function getNumRows() on array
in APPPATH\Controllers\Chatbot.php on line 32.
 1 SYSTEMPATH\CodeIgniter.php(925): App\Controllers\Chatbot->kirim()
 2 SYSTEMPATH\CodeIgniter.php(480): CodeIgniter\CodeIgniter->runController(Object(App\Controllers\Chatbot))
 3 SYSTEMPATH\CodeIgniter.php(349): CodeIgniter\CodeIgniter->handleRequest(null, Object(Config\Cache), false)
 4 FCPATH\index.php(67): CodeIgniter\CodeIgniter->run()
 5 SYSTEMPATH\Commands\Server\rewrite.php(47): require_once('FCPATH\\index.php')
CRITICAL - 2023-02-08 21:20:40 --> Call to a member function getNumRows() on array
in APPPATH\Controllers\Chatbot.php on line 32.
 1 SYSTEMPATH\CodeIgniter.php(925): App\Controllers\Chatbot->kirim()
 2 SYSTEMPATH\CodeIgniter.php(480): CodeIgniter\CodeIgniter->runController(Object(App\Controllers\Chatbot))
 3 SYSTEMPATH\CodeIgniter.php(349): CodeIgniter\CodeIgniter->handleRequest(null, Object(Config\Cache), false)
 4 FCPATH\index.php(67): CodeIgniter\CodeIgniter->run()
 5 SYSTEMPATH\Commands\Server\rewrite.php(47): require_once('FCPATH\\index.php')
CRITICAL - 2023-02-08 21:22:42 --> Undefined array key "jawaban"
in APPPATH\Controllers\Chatbot.php on line 36.
 1 APPPATH\Controllers\Chatbot.php(36): CodeIgniter\Debug\Exceptions->errorHandler(2, 'Undefined array key "jawaban"', 'APPPATH\\Controllers\\Chatbot.php', 36)
 2 SYSTEMPATH\CodeIgniter.php(925): App\Controllers\Chatbot->kirim()
 3 SYSTEMPATH\CodeIgniter.php(480): CodeIgniter\CodeIgniter->runController(Object(App\Controllers\Chatbot))
 4 SYSTEMPATH\CodeIgniter.php(349): CodeIgniter\CodeIgniter->handleRequest(null, Object(Config\Cache), false)
 5 FCPATH\index.php(67): CodeIgniter\CodeIgniter->run()
 6 SYSTEMPATH\Commands\Server\rewrite.php(47): require_once('FCPATH\\index.php')
CRITICAL - 2023-02-08 21:24:10 --> Undefined array key "jawaban"
in APPPATH\Controllers\Chatbot.php on line 36.
 1 APPPATH\Controllers\Chatbot.php(36): CodeIgniter\Debug\Exceptions->errorHandler(2, 'Undefined array key "jawaban"', 'APPPATH\\Controllers\\Chatbot.php', 36)
 2 SYSTEMPATH\CodeIgniter.php(925): App\Controllers\Chatbot->kirim()
 3 SYSTEMPATH\CodeIgniter.php(480): CodeIgniter\CodeIgniter->runController(Object(App\Controllers\Chatbot))
 4 SYSTEMPATH\CodeIgniter.php(349): CodeIgniter\CodeIgniter->handleRequest(null, Object(Config\Cache), false)
 5 FCPATH\index.php(67): CodeIgniter\CodeIgniter->run()
 6 SYSTEMPATH\Commands\Server\rewrite.php(47): require_once('FCPATH\\index.php')
CRITICAL - 2023-02-08 21:41:26 --> Unsupported operand types: string + string
in APPPATH\Controllers\Chatbot.php on line 31.
 1 SYSTEMPATH\CodeIgniter.php(925): App\Controllers\Chatbot->kirim()
 2 SYSTEMPATH\CodeIgniter.php(480): CodeIgniter\CodeIgniter->runController(Object(App\Controllers\Chatbot))
 3 SYSTEMPATH\CodeIgniter.php(349): CodeIgniter\CodeIgniter->handleRequest(null, Object(Config\Cache), false)
 4 FCPATH\index.php(67): CodeIgniter\CodeIgniter->run()
 5 SYSTEMPATH\Commands\Server\rewrite.php(47): require_once('FCPATH\\index.php')
CRITICAL - 2023-02-08 21:42:03 --> Unsupported operand types: string + string
in APPPATH\Controllers\Chatbot.php on line 31.
 1 SYSTEMPATH\CodeIgniter.php(925): App\Controllers\Chatbot->kirim()
 2 SYSTEMPATH\CodeIgniter.php(480): CodeIgniter\CodeIgniter->runController(Object(App\Controllers\Chatbot))
 3 SYSTEMPATH\CodeIgniter.php(349): CodeIgniter\CodeIgniter->handleRequest(null, Object(Config\Cache), false)
 4 FCPATH\index.php(67): CodeIgniter\CodeIgniter->run()
 5 SYSTEMPATH\Commands\Server\rewrite.php(47): require_once('FCPATH\\index.php')
CRITICAL - 2023-02-08 21:43:42 --> Unsupported operand types: string + string
in APPPATH\Controllers\Chatbot.php on line 31.
 1 SYSTEMPATH\CodeIgniter.php(925): App\Controllers\Chatbot->kirim()
 2 SYSTEMPATH\CodeIgniter.php(480): CodeIgniter\CodeIgniter->runController(Object(App\Controllers\Chatbot))
 3 SYSTEMPATH\CodeIgniter.php(349): CodeIgniter\CodeIgniter->handleRequest(null, Object(Config\Cache), false)
 4 FCPATH\index.php(67): CodeIgniter\CodeIgniter->run()
 5 SYSTEMPATH\Commands\Server\rewrite.php(47): require_once('FCPATH\\index.php')
ERROR - 2023-02-08 21:46:01 --> mysqli_sql_exception: Unknown column 'pertanyaaan' in 'where clause' in C:\xampp\htdocs\skripsi\Tokomjs\MJ\vendor\codeigniter4\framework\system\Database\MySQLi\Connection.php:292
Stack trace:
#0 C:\xampp\htdocs\skripsi\Tokomjs\MJ\vendor\codeigniter4\framework\system\Database\MySQLi\Connection.php(292): mysqli->query('SELECT pertanya...', 0)
#1 C:\xampp\htdocs\skripsi\Tokomjs\MJ\vendor\codeigniter4\framework\system\Database\BaseConnection.php(666): CodeIgniter\Database\MySQLi\Connection->execute('SELECT pertanya...')
#2 C:\xampp\htdocs\skripsi\Tokomjs\MJ\vendor\codeigniter4\framework\system\Database\BaseConnection.php(593): CodeIgniter\Database\BaseConnection->simpleQuery('SELECT pertanya...')
#3 C:\xampp\htdocs\skripsi\Tokomjs\MJ\app\Controllers\Chatbot.php(31): CodeIgniter\Database\BaseConnection->query('SELECT pertanya...')
#4 C:\xampp\htdocs\skripsi\Tokomjs\MJ\vendor\codeigniter4\framework\system\CodeIgniter.php(925): App\Controllers\Chatbot->kirim()
#5 C:\xampp\htdocs\skripsi\Tokomjs\MJ\vendor\codeigniter4\framework\system\CodeIgniter.php(480): CodeIgniter\CodeIgniter->runController(Object(App\Controllers\Chatbot))
#6 C:\xampp\htdocs\skripsi\Tokomjs\MJ\vendor\codeigniter4\framework\system\CodeIgniter.php(349): CodeIgniter\CodeIgniter->handleRequest(NULL, Object(Config\Cache), false)
#7 C:\xampp\htdocs\skripsi\Tokomjs\MJ\public\index.php(67): CodeIgniter\CodeIgniter->run()
#8 C:\xampp\htdocs\skripsi\Tokomjs\MJ\vendor\codeigniter4\framework\system\Commands\Server\rewrite.php(47): require_once('C:\\xampp\\htdocs...')
#9 {main}
CRITICAL - 2023-02-08 21:46:01 --> Unknown column 'pertanyaaan' in 'where clause'
in SYSTEMPATH\Database\MySQLi\Connection.php on line 292.
 1 SYSTEMPATH\Database\MySQLi\Connection.php(292): mysqli->query('SELECT pertanyaan,jawaban FROM chatbot WHERE pertanyaaan LIKE "%tes%"', 0)
 2 SYSTEMPATH\Database\BaseConnection.php(666): CodeIgniter\Database\MySQLi\Connection->execute('SELECT pertanyaan,jawaban FROM chatbot WHERE pertanyaaan LIKE "%tes%"')
 3 SYSTEMPATH\Database\BaseConnection.php(593): CodeIgniter\Database\BaseConnection->simpleQuery('SELECT pertanyaan,jawaban FROM chatbot WHERE pertanyaaan LIKE "%tes%"')
 4 APPPATH\Controllers\Chatbot.php(31): CodeIgniter\Database\BaseConnection->query('SELECT pertanyaan,jawaban FROM chatbot WHERE pertanyaaan LIKE "%tes%"')
 5 SYSTEMPATH\CodeIgniter.php(925): App\Controllers\Chatbot->kirim()
 6 SYSTEMPATH\CodeIgniter.php(480): CodeIgniter\CodeIgniter->runController(Object(App\Controllers\Chatbot))
 7 SYSTEMPATH\CodeIgniter.php(349): CodeIgniter\CodeIgniter->handleRequest(null, Object(Config\Cache), false)
 8 FCPATH\index.php(67): CodeIgniter\CodeIgniter->run()
 9 SYSTEMPATH\Commands\Server\rewrite.php(47): require_once('FCPATH\\index.php')
CRITICAL - 2023-02-08 21:46:30 --> syntax error, unexpected token "(", expecting identifier or variable or "{" or "$"
in APPPATH\Controllers\Chatbot.php on line 31.
 1 SYSTEMPATH\Autoloader\Autoloader.php(260): CodeIgniter\Autoloader\Autoloader->includeFile('APPPATH\\Controllers\\Chatbot.php')
 2 SYSTEMPATH\Autoloader\Autoloader.php(238): CodeIgniter\Autoloader\Autoloader->loadInNamespace('App\\Controllers\\Chatbot')
 3 [internal function]: CodeIgniter\Autoloader\Autoloader->loadClass('App\\Controllers\\Chatbot')
 4 SYSTEMPATH\CodeIgniter.php(875): class_exists('\\App\\Controllers\\Chatbot', true)
 5 SYSTEMPATH\CodeIgniter.php(467): CodeIgniter\CodeIgniter->startController()
 6 SYSTEMPATH\CodeIgniter.php(349): CodeIgniter\CodeIgniter->handleRequest(null, Object(Config\Cache), false)
 7 FCPATH\index.php(67): CodeIgniter\CodeIgniter->run()
 8 SYSTEMPATH\Commands\Server\rewrite.php(47): require_once('FCPATH\\index.php')
CRITICAL - 2023-02-08 21:48:00 --> Call to undefined function App\Controllers\like()
in APPPATH\Controllers\Chatbot.php on line 31.
 1 SYSTEMPATH\CodeIgniter.php(925): App\Controllers\Chatbot->kirim()
 2 SYSTEMPATH\CodeIgniter.php(480): CodeIgniter\CodeIgniter->runController(Object(App\Controllers\Chatbot))
 3 SYSTEMPATH\CodeIgniter.php(349): CodeIgniter\CodeIgniter->handleRequest(null, Object(Config\Cache), false)
 4 FCPATH\index.php(67): CodeIgniter\CodeIgniter->run()
 5 SYSTEMPATH\Commands\Server\rewrite.php(47): require_once('FCPATH\\index.php')
CRITICAL - 2023-02-08 21:50:28 --> Undefined array key "jawaban"
in APPPATH\Controllers\Chatbot.php on line 39.
 1 APPPATH\Controllers\Chatbot.php(39): CodeIgniter\Debug\Exceptions->errorHandler(2, 'Undefined array key "jawaban"', 'APPPATH\\Controllers\\Chatbot.php', 39)
 2 SYSTEMPATH\CodeIgniter.php(925): App\Controllers\Chatbot->kirim()
 3 SYSTEMPATH\CodeIgniter.php(480): CodeIgniter\CodeIgniter->runController(Object(App\Controllers\Chatbot))
 4 SYSTEMPATH\CodeIgniter.php(349): CodeIgniter\CodeIgniter->handleRequest(null, Object(Config\Cache), false)
 5 FCPATH\index.php(67): CodeIgniter\CodeIgniter->run()
 6 SYSTEMPATH\Commands\Server\rewrite.php(47): require_once('FCPATH\\index.php')
CRITICAL - 2023-02-08 21:51:55 --> Undefined array key "jawaban"
in APPPATH\Controllers\Chatbot.php on line 39.
 1 APPPATH\Controllers\Chatbot.php(39): CodeIgniter\Debug\Exceptions->errorHandler(2, 'Undefined array key "jawaban"', 'APPPATH\\Controllers\\Chatbot.php', 39)
 2 SYSTEMPATH\CodeIgniter.php(925): App\Controllers\Chatbot->kirim()
 3 SYSTEMPATH\CodeIgniter.php(480): CodeIgniter\CodeIgniter->runController(Object(App\Controllers\Chatbot))
 4 SYSTEMPATH\CodeIgniter.php(349): CodeIgniter\CodeIgniter->handleRequest(null, Object(Config\Cache), false)
 5 FCPATH\index.php(67): CodeIgniter\CodeIgniter->run()
 6 SYSTEMPATH\Commands\Server\rewrite.php(47): require_once('FCPATH\\index.php')
CRITICAL - 2023-02-08 21:52:29 --> Undefined array key "jawaban"
in APPPATH\Controllers\Chatbot.php on line 39.
 1 APPPATH\Controllers\Chatbot.php(39): CodeIgniter\Debug\Exceptions->errorHandler(2, 'Undefined array key "jawaban"', 'APPPATH\\Controllers\\Chatbot.php', 39)
 2 SYSTEMPATH\CodeIgniter.php(925): App\Controllers\Chatbot->kirim()
 3 SYSTEMPATH\CodeIgniter.php(480): CodeIgniter\CodeIgniter->runController(Object(App\Controllers\Chatbot))
 4 SYSTEMPATH\CodeIgniter.php(349): CodeIgniter\CodeIgniter->handleRequest(null, Object(Config\Cache), false)
 5 FCPATH\index.php(67): CodeIgniter\CodeIgniter->run()
 6 SYSTEMPATH\Commands\Server\rewrite.php(47): require_once('FCPATH\\index.php')
CRITICAL - 2023-02-08 21:54:29 --> syntax error, unexpected token "%", expecting ")"
in APPPATH\Controllers\Chatbot.php on line 31.
 1 SYSTEMPATH\Autoloader\Autoloader.php(260): CodeIgniter\Autoloader\Autoloader->includeFile('APPPATH\\Controllers\\Chatbot.php')
 2 SYSTEMPATH\Autoloader\Autoloader.php(238): CodeIgniter\Autoloader\Autoloader->loadInNamespace('App\\Controllers\\Chatbot')
 3 [internal function]: CodeIgniter\Autoloader\Autoloader->loadClass('App\\Controllers\\Chatbot')
 4 SYSTEMPATH\CodeIgniter.php(875): class_exists('\\App\\Controllers\\Chatbot', true)
 5 SYSTEMPATH\CodeIgniter.php(467): CodeIgniter\CodeIgniter->startController()
 6 SYSTEMPATH\CodeIgniter.php(349): CodeIgniter\CodeIgniter->handleRequest(null, Object(Config\Cache), false)
 7 FCPATH\index.php(67): CodeIgniter\CodeIgniter->run()
 8 SYSTEMPATH\Commands\Server\rewrite.php(47): require_once('FCPATH\\index.php')
CRITICAL - 2023-02-08 21:57:54 --> Cannot use object of type stdClass as array
in APPPATH\Controllers\Chatbot.php on line 39.
 1 SYSTEMPATH\CodeIgniter.php(925): App\Controllers\Chatbot->kirim()
 2 SYSTEMPATH\CodeIgniter.php(480): CodeIgniter\CodeIgniter->runController(Object(App\Controllers\Chatbot))
 3 SYSTEMPATH\CodeIgniter.php(349): CodeIgniter\CodeIgniter->handleRequest(null, Object(Config\Cache), false)
 4 FCPATH\index.php(67): CodeIgniter\CodeIgniter->run()
 5 SYSTEMPATH\Commands\Server\rewrite.php(47): require_once('FCPATH\\index.php')
CRITICAL - 2023-02-08 22:00:08 --> Undefined array key "jawaban"
in APPPATH\Controllers\Chatbot.php on line 39.
 1 APPPATH\Controllers\Chatbot.php(39): CodeIgniter\Debug\Exceptions->errorHandler(2, 'Undefined array key "jawaban"', 'APPPATH\\Controllers\\Chatbot.php', 39)
 2 SYSTEMPATH\CodeIgniter.php(925): App\Controllers\Chatbot->kirim()
 3 SYSTEMPATH\CodeIgniter.php(480): CodeIgniter\CodeIgniter->runController(Object(App\Controllers\Chatbot))
 4 SYSTEMPATH\CodeIgniter.php(349): CodeIgniter\CodeIgniter->handleRequest(null, Object(Config\Cache), false)
 5 FCPATH\index.php(67): CodeIgniter\CodeIgniter->run()
 6 SYSTEMPATH\Commands\Server\rewrite.php(47): require_once('FCPATH\\index.php')
