CRITICAL - 2023-03-10 08:22:33 --> A non-numeric value encountered
in APPPATH\Controllers\Admin\Home.php on line 129.
 1 APPPATH\Controllers\Admin\Home.php(129): CodeIgniter\Debug\Exceptions->errorHandler(2, 'A non-numeric value encountered', 'APPPATH\\Controllers\\Admin\\Home.php', 129)
 2 SYSTEMPATH\CodeIgniter.php(934): App\Controllers\Admin\Home->index()
 3 SYSTEMPATH\CodeIgniter.php(499): CodeIgniter\CodeIgniter->runController(Object(App\Controllers\Admin\Home))
 4 SYSTEMPATH\CodeIgniter.php(368): CodeIgniter\CodeIgniter->handleRequest(null, Object(Config\Cache), false)
 5 FCPATH\index.php(67): CodeIgniter\CodeIgniter->run()
 6 SYSTEMPATH\Commands\Server\rewrite.php(47): require_once('FCPATH\\index.php')
ERROR - 2023-03-10 08:33:38 --> mysqli_sql_exception: You have an error in your SQL syntax; check the manual that corresponds to your MariaDB server version for the right syntax to use near 'IS NULL
AND YEAR(transaksi_detail.created_at) < IS NULL' at line 6 in C:\xampp\htdocs\skripsi\Tokomjs\MJ\vendor\codeigniter4\framework\system\Database\MySQLi\Connection.php:295
Stack trace:
#0 C:\xampp\htdocs\skripsi\Tokomjs\MJ\vendor\codeigniter4\framework\system\Database\MySQLi\Connection.php(295): mysqli->query('SELECT (SUM((tr...', 0)
#1 C:\xampp\htdocs\skripsi\Tokomjs\MJ\vendor\codeigniter4\framework\system\Database\BaseConnection.php(691): CodeIgniter\Database\MySQLi\Connection->execute('SELECT (SUM((tr...')
#2 C:\xampp\htdocs\skripsi\Tokomjs\MJ\vendor\codeigniter4\framework\system\Database\BaseConnection.php(605): CodeIgniter\Database\BaseConnection->simpleQuery('SELECT (SUM((tr...')
#3 C:\xampp\htdocs\skripsi\Tokomjs\MJ\vendor\codeigniter4\framework\system\Database\BaseBuilder.php(1616): CodeIgniter\Database\BaseConnection->query('SELECT (SUM((tr...', Array, false)
#4 C:\xampp\htdocs\skripsi\Tokomjs\MJ\vendor\codeigniter4\framework\system\Model.php(840): CodeIgniter\Database\BaseBuilder->get()
#5 C:\xampp\htdocs\skripsi\Tokomjs\MJ\app\Controllers\Admin\Home.php(138): CodeIgniter\Model->__call('get', Array)
#6 C:\xampp\htdocs\skripsi\Tokomjs\MJ\vendor\codeigniter4\framework\system\CodeIgniter.php(934): App\Controllers\Admin\Home->index()
#7 C:\xampp\htdocs\skripsi\Tokomjs\MJ\vendor\codeigniter4\framework\system\CodeIgniter.php(499): CodeIgniter\CodeIgniter->runController(Object(App\Controllers\Admin\Home))
#8 C:\xampp\htdocs\skripsi\Tokomjs\MJ\vendor\codeigniter4\framework\system\CodeIgniter.php(368): CodeIgniter\CodeIgniter->handleRequest(NULL, Object(Config\Cache), false)
#9 C:\xampp\htdocs\skripsi\Tokomjs\MJ\public\index.php(67): CodeIgniter\CodeIgniter->run()
#10 C:\xampp\htdocs\skripsi\Tokomjs\MJ\vendor\codeigniter4\framework\system\Commands\Server\rewrite.php(47): require_once('C:\\xampp\\htdocs...')
#11 {main}
CRITICAL - 2023-03-10 08:33:38 --> You have an error in your SQL syntax; check the manual that corresponds to your MariaDB server version for the right syntax to use near 'IS NULL
AND YEAR(transaksi_detail.created_at) < IS NULL' at line 6
in SYSTEMPATH\Database\BaseConnection.php on line 645.
 1 SYSTEMPATH\Database\BaseBuilder.php(1616): CodeIgniter\Database\BaseConnection->query('SELECT (SUM((transaksi_detail.total_harga) * transaksi_detail.qty)) as pendapatan, (SUM(produk.modal_produk * transaksi_detail.qty)) as pengeluaran
FROM `transaksi_detail`
LEFT JOIN `transaksi` ON `transaksi`.`id_transaksi` = `transaksi_detail`.`id_transaksiFK`
LEFT JOIN `produk` ON `produk`.`id_produk` = `transaksi_detail`.`id_produkFK`
WHERE `transaksi`.`status_pengiriman` = :transaksi.status_pengiriman:
AND YEAR(transaksi_detail.created_at) > IS NULL
AND YEAR(transaksi_detail.created_at) < IS NULL', [...], false)
 2 SYSTEMPATH\Model.php(840): CodeIgniter\Database\BaseBuilder->get()
 3 APPPATH\Controllers\Admin\Home.php(138): CodeIgniter\Model->__call('get', [])
 4 SYSTEMPATH\CodeIgniter.php(934): App\Controllers\Admin\Home->index()
 5 SYSTEMPATH\CodeIgniter.php(499): CodeIgniter\CodeIgniter->runController(Object(App\Controllers\Admin\Home))
 6 SYSTEMPATH\CodeIgniter.php(368): CodeIgniter\CodeIgniter->handleRequest(null, Object(Config\Cache), false)
 7 FCPATH\index.php(67): CodeIgniter\CodeIgniter->run()
 8 SYSTEMPATH\Commands\Server\rewrite.php(47): require_once('FCPATH\\index.php')
ERROR - 2023-03-10 08:55:46 --> mysqli_sql_exception: Illegal parameter data types int and row for operation '=' in C:\xampp\htdocs\skripsi\Tokomjs\MJ\vendor\codeigniter4\framework\system\Database\MySQLi\Connection.php:295
Stack trace:
#0 C:\xampp\htdocs\skripsi\Tokomjs\MJ\vendor\codeigniter4\framework\system\Database\MySQLi\Connection.php(295): mysqli->query('SELECT (SUM((tr...', 0)
#1 C:\xampp\htdocs\skripsi\Tokomjs\MJ\vendor\codeigniter4\framework\system\Database\BaseConnection.php(691): CodeIgniter\Database\MySQLi\Connection->execute('SELECT (SUM((tr...')
#2 C:\xampp\htdocs\skripsi\Tokomjs\MJ\vendor\codeigniter4\framework\system\Database\BaseConnection.php(605): CodeIgniter\Database\BaseConnection->simpleQuery('SELECT (SUM((tr...')
#3 C:\xampp\htdocs\skripsi\Tokomjs\MJ\vendor\codeigniter4\framework\system\Database\BaseBuilder.php(1616): CodeIgniter\Database\BaseConnection->query('SELECT (SUM((tr...', Array, false)
#4 C:\xampp\htdocs\skripsi\Tokomjs\MJ\vendor\codeigniter4\framework\system\Model.php(840): CodeIgniter\Database\BaseBuilder->get()
#5 C:\xampp\htdocs\skripsi\Tokomjs\MJ\app\Controllers\Admin\Home.php(138): CodeIgniter\Model->__call('get', Array)
#6 C:\xampp\htdocs\skripsi\Tokomjs\MJ\vendor\codeigniter4\framework\system\CodeIgniter.php(934): App\Controllers\Admin\Home->index()
#7 C:\xampp\htdocs\skripsi\Tokomjs\MJ\vendor\codeigniter4\framework\system\CodeIgniter.php(499): CodeIgniter\CodeIgniter->runController(Object(App\Controllers\Admin\Home))
#8 C:\xampp\htdocs\skripsi\Tokomjs\MJ\vendor\codeigniter4\framework\system\CodeIgniter.php(368): CodeIgniter\CodeIgniter->handleRequest(NULL, Object(Config\Cache), false)
#9 C:\xampp\htdocs\skripsi\Tokomjs\MJ\public\index.php(67): CodeIgniter\CodeIgniter->run()
#10 C:\xampp\htdocs\skripsi\Tokomjs\MJ\vendor\codeigniter4\framework\system\Commands\Server\rewrite.php(47): require_once('C:\\xampp\\htdocs...')
#11 {main}
CRITICAL - 2023-03-10 08:55:46 --> Illegal parameter data types int and row for operation '='
in SYSTEMPATH\Database\BaseConnection.php on line 645.
 1 SYSTEMPATH\Database\BaseBuilder.php(1616): CodeIgniter\Database\BaseConnection->query('SELECT (SUM((transaksi_detail.total_harga) * transaksi_detail.qty)) as pendapatan, (SUM(produk.modal_produk * transaksi_detail.qty)) as pengeluaran
FROM `transaksi_detail`
LEFT JOIN `transaksi` ON `transaksi`.`id_transaksi` = `transaksi_detail`.`id_transaksiFK`
LEFT JOIN `produk` ON `produk`.`id_produk` = `transaksi_detail`.`id_produkFK`
WHERE `transaksi`.`status_pengiriman` = :transaksi.status_pengiriman:
AND YEAR(transaksi_detail.created_at) = :YEAR(transaksi_detail.created_at):', [...], false)
 2 SYSTEMPATH\Model.php(840): CodeIgniter\Database\BaseBuilder->get()
 3 APPPATH\Controllers\Admin\Home.php(138): CodeIgniter\Model->__call('get', [])
 4 SYSTEMPATH\CodeIgniter.php(934): App\Controllers\Admin\Home->index()
 5 SYSTEMPATH\CodeIgniter.php(499): CodeIgniter\CodeIgniter->runController(Object(App\Controllers\Admin\Home))
 6 SYSTEMPATH\CodeIgniter.php(368): CodeIgniter\CodeIgniter->handleRequest(null, Object(Config\Cache), false)
 7 FCPATH\index.php(67): CodeIgniter\CodeIgniter->run()
 8 SYSTEMPATH\Commands\Server\rewrite.php(47): require_once('FCPATH\\index.php')
ERROR - 2023-03-10 08:55:55 --> mysqli_sql_exception: Illegal parameter data types int and row for operation '=' in C:\xampp\htdocs\skripsi\Tokomjs\MJ\vendor\codeigniter4\framework\system\Database\MySQLi\Connection.php:295
Stack trace:
#0 C:\xampp\htdocs\skripsi\Tokomjs\MJ\vendor\codeigniter4\framework\system\Database\MySQLi\Connection.php(295): mysqli->query('SELECT (SUM((tr...', 0)
#1 C:\xampp\htdocs\skripsi\Tokomjs\MJ\vendor\codeigniter4\framework\system\Database\BaseConnection.php(691): CodeIgniter\Database\MySQLi\Connection->execute('SELECT (SUM((tr...')
#2 C:\xampp\htdocs\skripsi\Tokomjs\MJ\vendor\codeigniter4\framework\system\Database\BaseConnection.php(605): CodeIgniter\Database\BaseConnection->simpleQuery('SELECT (SUM((tr...')
#3 C:\xampp\htdocs\skripsi\Tokomjs\MJ\vendor\codeigniter4\framework\system\Database\BaseBuilder.php(1616): CodeIgniter\Database\BaseConnection->query('SELECT (SUM((tr...', Array, false)
#4 C:\xampp\htdocs\skripsi\Tokomjs\MJ\vendor\codeigniter4\framework\system\Model.php(840): CodeIgniter\Database\BaseBuilder->get()
#5 C:\xampp\htdocs\skripsi\Tokomjs\MJ\app\Controllers\Admin\Home.php(138): CodeIgniter\Model->__call('get', Array)
#6 C:\xampp\htdocs\skripsi\Tokomjs\MJ\vendor\codeigniter4\framework\system\CodeIgniter.php(934): App\Controllers\Admin\Home->index()
#7 C:\xampp\htdocs\skripsi\Tokomjs\MJ\vendor\codeigniter4\framework\system\CodeIgniter.php(499): CodeIgniter\CodeIgniter->runController(Object(App\Controllers\Admin\Home))
#8 C:\xampp\htdocs\skripsi\Tokomjs\MJ\vendor\codeigniter4\framework\system\CodeIgniter.php(368): CodeIgniter\CodeIgniter->handleRequest(NULL, Object(Config\Cache), false)
#9 C:\xampp\htdocs\skripsi\Tokomjs\MJ\public\index.php(67): CodeIgniter\CodeIgniter->run()
#10 C:\xampp\htdocs\skripsi\Tokomjs\MJ\vendor\codeigniter4\framework\system\Commands\Server\rewrite.php(47): require_once('C:\\xampp\\htdocs...')
#11 {main}
CRITICAL - 2023-03-10 08:55:55 --> Illegal parameter data types int and row for operation '='
in SYSTEMPATH\Database\BaseConnection.php on line 645.
 1 SYSTEMPATH\Database\BaseBuilder.php(1616): CodeIgniter\Database\BaseConnection->query('SELECT (SUM((transaksi_detail.total_harga) * transaksi_detail.qty)) as pendapatan, (SUM(produk.modal_produk * transaksi_detail.qty)) as pengeluaran
FROM `transaksi_detail`
LEFT JOIN `transaksi` ON `transaksi`.`id_transaksi` = `transaksi_detail`.`id_transaksiFK`
LEFT JOIN `produk` ON `produk`.`id_produk` = `transaksi_detail`.`id_produkFK`
WHERE `transaksi`.`status_pengiriman` = :transaksi.status_pengiriman:
AND YEAR(transaksi_detail.created_at) = :YEAR(transaksi_detail.created_at):', [...], false)
 2 SYSTEMPATH\Model.php(840): CodeIgniter\Database\BaseBuilder->get()
 3 APPPATH\Controllers\Admin\Home.php(138): CodeIgniter\Model->__call('get', [])
 4 SYSTEMPATH\CodeIgniter.php(934): App\Controllers\Admin\Home->index()
 5 SYSTEMPATH\CodeIgniter.php(499): CodeIgniter\CodeIgniter->runController(Object(App\Controllers\Admin\Home))
 6 SYSTEMPATH\CodeIgniter.php(368): CodeIgniter\CodeIgniter->handleRequest(null, Object(Config\Cache), false)
 7 FCPATH\index.php(67): CodeIgniter\CodeIgniter->run()
 8 SYSTEMPATH\Commands\Server\rewrite.php(47): require_once('FCPATH\\index.php')
CRITICAL - 2023-03-10 08:59:45 --> Undefined constant "App\Controllers\Admin\tahun_p1"
in APPPATH\Controllers\Admin\Home.php on line 135.
 1 SYSTEMPATH\CodeIgniter.php(934): App\Controllers\Admin\Home->index()
 2 SYSTEMPATH\CodeIgniter.php(499): CodeIgniter\CodeIgniter->runController(Object(App\Controllers\Admin\Home))
 3 SYSTEMPATH\CodeIgniter.php(368): CodeIgniter\CodeIgniter->handleRequest(null, Object(Config\Cache), false)
 4 FCPATH\index.php(67): CodeIgniter\CodeIgniter->run()
 5 SYSTEMPATH\Commands\Server\rewrite.php(47): require_once('FCPATH\\index.php')
ERROR - 2023-03-10 09:01:28 --> mysqli_sql_exception: Illegal parameter data types int and row for operation '=' in C:\xampp\htdocs\skripsi\Tokomjs\MJ\vendor\codeigniter4\framework\system\Database\MySQLi\Connection.php:295
Stack trace:
#0 C:\xampp\htdocs\skripsi\Tokomjs\MJ\vendor\codeigniter4\framework\system\Database\MySQLi\Connection.php(295): mysqli->query('SELECT (SUM((tr...', 0)
#1 C:\xampp\htdocs\skripsi\Tokomjs\MJ\vendor\codeigniter4\framework\system\Database\BaseConnection.php(691): CodeIgniter\Database\MySQLi\Connection->execute('SELECT (SUM((tr...')
#2 C:\xampp\htdocs\skripsi\Tokomjs\MJ\vendor\codeigniter4\framework\system\Database\BaseConnection.php(605): CodeIgniter\Database\BaseConnection->simpleQuery('SELECT (SUM((tr...')
#3 C:\xampp\htdocs\skripsi\Tokomjs\MJ\vendor\codeigniter4\framework\system\Database\BaseBuilder.php(1616): CodeIgniter\Database\BaseConnection->query('SELECT (SUM((tr...', Array, false)
#4 C:\xampp\htdocs\skripsi\Tokomjs\MJ\vendor\codeigniter4\framework\system\Model.php(840): CodeIgniter\Database\BaseBuilder->get()
#5 C:\xampp\htdocs\skripsi\Tokomjs\MJ\app\Controllers\Admin\Home.php(138): CodeIgniter\Model->__call('get', Array)
#6 C:\xampp\htdocs\skripsi\Tokomjs\MJ\vendor\codeigniter4\framework\system\CodeIgniter.php(934): App\Controllers\Admin\Home->index()
#7 C:\xampp\htdocs\skripsi\Tokomjs\MJ\vendor\codeigniter4\framework\system\CodeIgniter.php(499): CodeIgniter\CodeIgniter->runController(Object(App\Controllers\Admin\Home))
#8 C:\xampp\htdocs\skripsi\Tokomjs\MJ\vendor\codeigniter4\framework\system\CodeIgniter.php(368): CodeIgniter\CodeIgniter->handleRequest(NULL, Object(Config\Cache), false)
#9 C:\xampp\htdocs\skripsi\Tokomjs\MJ\public\index.php(67): CodeIgniter\CodeIgniter->run()
#10 C:\xampp\htdocs\skripsi\Tokomjs\MJ\vendor\codeigniter4\framework\system\Commands\Server\rewrite.php(47): require_once('C:\\xampp\\htdocs...')
#11 {main}
CRITICAL - 2023-03-10 09:01:28 --> Illegal parameter data types int and row for operation '='
in SYSTEMPATH\Database\BaseConnection.php on line 645.
 1 SYSTEMPATH\Database\BaseBuilder.php(1616): CodeIgniter\Database\BaseConnection->query('SELECT (SUM((transaksi_detail.total_harga) * transaksi_detail.qty)) as pendapatan, (SUM(produk.modal_produk * transaksi_detail.qty)) as pengeluaran
FROM `transaksi_detail`
LEFT JOIN `transaksi` ON `transaksi`.`id_transaksi` = `transaksi_detail`.`id_transaksiFK`
LEFT JOIN `produk` ON `produk`.`id_produk` = `transaksi_detail`.`id_produkFK`
WHERE `transaksi`.`status_pengiriman` = :transaksi.status_pengiriman:
AND YEAR(transaksi_detail.created_at) = :YEAR(transaksi_detail.created_at):', [...], false)
 2 SYSTEMPATH\Model.php(840): CodeIgniter\Database\BaseBuilder->get()
 3 APPPATH\Controllers\Admin\Home.php(138): CodeIgniter\Model->__call('get', [])
 4 SYSTEMPATH\CodeIgniter.php(934): App\Controllers\Admin\Home->index()
 5 SYSTEMPATH\CodeIgniter.php(499): CodeIgniter\CodeIgniter->runController(Object(App\Controllers\Admin\Home))
 6 SYSTEMPATH\CodeIgniter.php(368): CodeIgniter\CodeIgniter->handleRequest(null, Object(Config\Cache), false)
 7 FCPATH\index.php(67): CodeIgniter\CodeIgniter->run()
 8 SYSTEMPATH\Commands\Server\rewrite.php(47): require_once('FCPATH\\index.php')
CRITICAL - 2023-03-10 09:18:10 --> Call to undefined method App\Models\TransaksiDetailModel::getResultArray
in SYSTEMPATH\Model.php on line 842.
 1 APPPATH\Controllers\Admin\Home.php(138): CodeIgniter\Model->__call('getResultArray', [])
 2 SYSTEMPATH\CodeIgniter.php(934): App\Controllers\Admin\Home->index()
 3 SYSTEMPATH\CodeIgniter.php(499): CodeIgniter\CodeIgniter->runController(Object(App\Controllers\Admin\Home))
 4 SYSTEMPATH\CodeIgniter.php(368): CodeIgniter\CodeIgniter->handleRequest(null, Object(Config\Cache), false)
 5 FCPATH\index.php(67): CodeIgniter\CodeIgniter->run()
 6 SYSTEMPATH\Commands\Server\rewrite.php(47): require_once('FCPATH\\index.php')
ERROR - 2023-03-10 09:19:46 --> mysqli_sql_exception: Illegal parameter data types int and row for operation '=' in C:\xampp\htdocs\skripsi\Tokomjs\MJ\vendor\codeigniter4\framework\system\Database\MySQLi\Connection.php:295
Stack trace:
#0 C:\xampp\htdocs\skripsi\Tokomjs\MJ\vendor\codeigniter4\framework\system\Database\MySQLi\Connection.php(295): mysqli->query('SELECT (SUM((tr...', 0)
#1 C:\xampp\htdocs\skripsi\Tokomjs\MJ\vendor\codeigniter4\framework\system\Database\BaseConnection.php(691): CodeIgniter\Database\MySQLi\Connection->execute('SELECT (SUM((tr...')
#2 C:\xampp\htdocs\skripsi\Tokomjs\MJ\vendor\codeigniter4\framework\system\Database\BaseConnection.php(605): CodeIgniter\Database\BaseConnection->simpleQuery('SELECT (SUM((tr...')
#3 C:\xampp\htdocs\skripsi\Tokomjs\MJ\vendor\codeigniter4\framework\system\Database\BaseBuilder.php(1616): CodeIgniter\Database\BaseConnection->query('SELECT (SUM((tr...', Array, false)
#4 C:\xampp\htdocs\skripsi\Tokomjs\MJ\vendor\codeigniter4\framework\system\Model.php(840): CodeIgniter\Database\BaseBuilder->get()
#5 C:\xampp\htdocs\skripsi\Tokomjs\MJ\app\Controllers\Admin\Home.php(138): CodeIgniter\Model->__call('get', Array)
#6 C:\xampp\htdocs\skripsi\Tokomjs\MJ\vendor\codeigniter4\framework\system\CodeIgniter.php(934): App\Controllers\Admin\Home->index()
#7 C:\xampp\htdocs\skripsi\Tokomjs\MJ\vendor\codeigniter4\framework\system\CodeIgniter.php(499): CodeIgniter\CodeIgniter->runController(Object(App\Controllers\Admin\Home))
#8 C:\xampp\htdocs\skripsi\Tokomjs\MJ\vendor\codeigniter4\framework\system\CodeIgniter.php(368): CodeIgniter\CodeIgniter->handleRequest(NULL, Object(Config\Cache), false)
#9 C:\xampp\htdocs\skripsi\Tokomjs\MJ\public\index.php(67): CodeIgniter\CodeIgniter->run()
#10 C:\xampp\htdocs\skripsi\Tokomjs\MJ\vendor\codeigniter4\framework\system\Commands\Server\rewrite.php(47): require_once('C:\\xampp\\htdocs...')
#11 {main}
CRITICAL - 2023-03-10 09:19:46 --> Illegal parameter data types int and row for operation '='
in SYSTEMPATH\Database\BaseConnection.php on line 645.
 1 SYSTEMPATH\Database\BaseBuilder.php(1616): CodeIgniter\Database\BaseConnection->query('SELECT (SUM((transaksi_detail.total_harga) * transaksi_detail.qty)) as pendapatan, (SUM(produk.modal_produk * transaksi_detail.qty)) as pengeluaran
FROM `transaksi_detail`
LEFT JOIN `transaksi` ON `transaksi`.`id_transaksi` = `transaksi_detail`.`id_transaksiFK`
LEFT JOIN `produk` ON `produk`.`id_produk` = `transaksi_detail`.`id_produkFK`
WHERE `transaksi`.`status_pengiriman` = :transaksi.status_pengiriman:
AND YEAR(transaksi_detail.created_at) = :YEAR(transaksi_detail.created_at):', [...], false)
 2 SYSTEMPATH\Model.php(840): CodeIgniter\Database\BaseBuilder->get()
 3 APPPATH\Controllers\Admin\Home.php(138): CodeIgniter\Model->__call('get', [])
 4 SYSTEMPATH\CodeIgniter.php(934): App\Controllers\Admin\Home->index()
 5 SYSTEMPATH\CodeIgniter.php(499): CodeIgniter\CodeIgniter->runController(Object(App\Controllers\Admin\Home))
 6 SYSTEMPATH\CodeIgniter.php(368): CodeIgniter\CodeIgniter->handleRequest(null, Object(Config\Cache), false)
 7 FCPATH\index.php(67): CodeIgniter\CodeIgniter->run()
 8 SYSTEMPATH\Commands\Server\rewrite.php(47): require_once('FCPATH\\index.php')
ERROR - 2023-03-10 09:32:38 --> mysqli_sql_exception: You have an error in your SQL syntax; check the manual that corresponds to your MariaDB server version for the right syntax to use near '= '2020'' at line 6 in C:\xampp\htdocs\skripsi\Tokomjs\MJ\vendor\codeigniter4\framework\system\Database\MySQLi\Connection.php:295
Stack trace:
#0 C:\xampp\htdocs\skripsi\Tokomjs\MJ\vendor\codeigniter4\framework\system\Database\MySQLi\Connection.php(295): mysqli->query('SELECT (SUM((tr...', 0)
#1 C:\xampp\htdocs\skripsi\Tokomjs\MJ\vendor\codeigniter4\framework\system\Database\BaseConnection.php(691): CodeIgniter\Database\MySQLi\Connection->execute('SELECT (SUM((tr...')
#2 C:\xampp\htdocs\skripsi\Tokomjs\MJ\vendor\codeigniter4\framework\system\Database\BaseConnection.php(605): CodeIgniter\Database\BaseConnection->simpleQuery('SELECT (SUM((tr...')
#3 C:\xampp\htdocs\skripsi\Tokomjs\MJ\vendor\codeigniter4\framework\system\Database\BaseBuilder.php(1616): CodeIgniter\Database\BaseConnection->query('SELECT (SUM((tr...', Array, false)
#4 C:\xampp\htdocs\skripsi\Tokomjs\MJ\vendor\codeigniter4\framework\system\Model.php(840): CodeIgniter\Database\BaseBuilder->get()
#5 C:\xampp\htdocs\skripsi\Tokomjs\MJ\app\Controllers\Admin\Home.php(138): CodeIgniter\Model->__call('get', Array)
#6 C:\xampp\htdocs\skripsi\Tokomjs\MJ\vendor\codeigniter4\framework\system\CodeIgniter.php(934): App\Controllers\Admin\Home->index()
#7 C:\xampp\htdocs\skripsi\Tokomjs\MJ\vendor\codeigniter4\framework\system\CodeIgniter.php(499): CodeIgniter\CodeIgniter->runController(Object(App\Controllers\Admin\Home))
#8 C:\xampp\htdocs\skripsi\Tokomjs\MJ\vendor\codeigniter4\framework\system\CodeIgniter.php(368): CodeIgniter\CodeIgniter->handleRequest(NULL, Object(Config\Cache), false)
#9 C:\xampp\htdocs\skripsi\Tokomjs\MJ\public\index.php(67): CodeIgniter\CodeIgniter->run()
#10 C:\xampp\htdocs\skripsi\Tokomjs\MJ\vendor\codeigniter4\framework\system\Commands\Server\rewrite.php(47): require_once('C:\\xampp\\htdocs...')
#11 {main}
CRITICAL - 2023-03-10 09:32:38 --> You have an error in your SQL syntax; check the manual that corresponds to your MariaDB server version for the right syntax to use near '= '2020'' at line 6
in SYSTEMPATH\Database\BaseConnection.php on line 645.
 1 SYSTEMPATH\Database\BaseBuilder.php(1616): CodeIgniter\Database\BaseConnection->query('SELECT (SUM((transaksi_detail.total_harga) * transaksi_detail.qty)) as pendapatan, (SUM(produk.modal_produk * transaksi_detail.qty)) as pengeluaran
FROM `transaksi_detail`
LEFT JOIN `transaksi` ON `transaksi`.`id_transaksi` = `transaksi_detail`.`id_transaksiFK`
LEFT JOIN `produk` ON `produk`.`id_produk` = `transaksi_detail`.`id_produkFK`
WHERE `transaksi`.`status_pengiriman` = :transaksi.status_pengiriman:
AND YEAR(transaksi_detail.created_at) BETWEEN = :YEAR(transaksi_detail.created_at) BETWEEN:', [...], false)
 2 SYSTEMPATH\Model.php(840): CodeIgniter\Database\BaseBuilder->get()
 3 APPPATH\Controllers\Admin\Home.php(138): CodeIgniter\Model->__call('get', [])
 4 SYSTEMPATH\CodeIgniter.php(934): App\Controllers\Admin\Home->index()
 5 SYSTEMPATH\CodeIgniter.php(499): CodeIgniter\CodeIgniter->runController(Object(App\Controllers\Admin\Home))
 6 SYSTEMPATH\CodeIgniter.php(368): CodeIgniter\CodeIgniter->handleRequest(null, Object(Config\Cache), false)
 7 FCPATH\index.php(67): CodeIgniter\CodeIgniter->run()
 8 SYSTEMPATH\Commands\Server\rewrite.php(47): require_once('FCPATH\\index.php')
ERROR - 2023-03-10 09:33:27 --> mysqli_sql_exception: You have an error in your SQL syntax; check the manual that corresponds to your MariaDB server version for the right syntax to use near '= '2020'' at line 6 in C:\xampp\htdocs\skripsi\Tokomjs\MJ\vendor\codeigniter4\framework\system\Database\MySQLi\Connection.php:295
Stack trace:
#0 C:\xampp\htdocs\skripsi\Tokomjs\MJ\vendor\codeigniter4\framework\system\Database\MySQLi\Connection.php(295): mysqli->query('SELECT (SUM((tr...', 0)
#1 C:\xampp\htdocs\skripsi\Tokomjs\MJ\vendor\codeigniter4\framework\system\Database\BaseConnection.php(691): CodeIgniter\Database\MySQLi\Connection->execute('SELECT (SUM((tr...')
#2 C:\xampp\htdocs\skripsi\Tokomjs\MJ\vendor\codeigniter4\framework\system\Database\BaseConnection.php(605): CodeIgniter\Database\BaseConnection->simpleQuery('SELECT (SUM((tr...')
#3 C:\xampp\htdocs\skripsi\Tokomjs\MJ\vendor\codeigniter4\framework\system\Database\BaseBuilder.php(1616): CodeIgniter\Database\BaseConnection->query('SELECT (SUM((tr...', Array, false)
#4 C:\xampp\htdocs\skripsi\Tokomjs\MJ\vendor\codeigniter4\framework\system\Model.php(840): CodeIgniter\Database\BaseBuilder->get()
#5 C:\xampp\htdocs\skripsi\Tokomjs\MJ\app\Controllers\Admin\Home.php(138): CodeIgniter\Model->__call('get', Array)
#6 C:\xampp\htdocs\skripsi\Tokomjs\MJ\vendor\codeigniter4\framework\system\CodeIgniter.php(934): App\Controllers\Admin\Home->index()
#7 C:\xampp\htdocs\skripsi\Tokomjs\MJ\vendor\codeigniter4\framework\system\CodeIgniter.php(499): CodeIgniter\CodeIgniter->runController(Object(App\Controllers\Admin\Home))
#8 C:\xampp\htdocs\skripsi\Tokomjs\MJ\vendor\codeigniter4\framework\system\CodeIgniter.php(368): CodeIgniter\CodeIgniter->handleRequest(NULL, Object(Config\Cache), false)
#9 C:\xampp\htdocs\skripsi\Tokomjs\MJ\public\index.php(67): CodeIgniter\CodeIgniter->run()
#10 C:\xampp\htdocs\skripsi\Tokomjs\MJ\vendor\codeigniter4\framework\system\Commands\Server\rewrite.php(47): require_once('C:\\xampp\\htdocs...')
#11 {main}
CRITICAL - 2023-03-10 09:33:27 --> You have an error in your SQL syntax; check the manual that corresponds to your MariaDB server version for the right syntax to use near '= '2020'' at line 6
in SYSTEMPATH\Database\BaseConnection.php on line 645.
 1 SYSTEMPATH\Database\BaseBuilder.php(1616): CodeIgniter\Database\BaseConnection->query('SELECT (SUM((transaksi_detail.total_harga) * transaksi_detail.qty)) as pendapatan, (SUM(produk.modal_produk * transaksi_detail.qty)) as pengeluaran
FROM `transaksi_detail`
LEFT JOIN `transaksi` ON `transaksi`.`id_transaksi` = `transaksi_detail`.`id_transaksiFK`
LEFT JOIN `produk` ON `produk`.`id_produk` = `transaksi_detail`.`id_produkFK`
WHERE `transaksi`.`status_pengiriman` = :transaksi.status_pengiriman:
AND YEAR(transaksi_detail.created_at) BETWEEN = :YEAR(transaksi_detail.created_at) BETWEEN:', [...], false)
 2 SYSTEMPATH\Model.php(840): CodeIgniter\Database\BaseBuilder->get()
 3 APPPATH\Controllers\Admin\Home.php(138): CodeIgniter\Model->__call('get', [])
 4 SYSTEMPATH\CodeIgniter.php(934): App\Controllers\Admin\Home->index()
 5 SYSTEMPATH\CodeIgniter.php(499): CodeIgniter\CodeIgniter->runController(Object(App\Controllers\Admin\Home))
 6 SYSTEMPATH\CodeIgniter.php(368): CodeIgniter\CodeIgniter->handleRequest(null, Object(Config\Cache), false)
 7 FCPATH\index.php(67): CodeIgniter\CodeIgniter->run()
 8 SYSTEMPATH\Commands\Server\rewrite.php(47): require_once('FCPATH\\index.php')
CRITICAL - 2023-03-10 11:27:06 --> Call to undefined method App\Models\TransaksiDetailModel::andWhere
in SYSTEMPATH\Model.php on line 842.
 1 APPPATH\Controllers\Admin\Home.php(135): CodeIgniter\Model->__call('andWhere', [...])
 2 SYSTEMPATH\CodeIgniter.php(934): App\Controllers\Admin\Home->index()
 3 SYSTEMPATH\CodeIgniter.php(499): CodeIgniter\CodeIgniter->runController(Object(App\Controllers\Admin\Home))
 4 SYSTEMPATH\CodeIgniter.php(368): CodeIgniter\CodeIgniter->handleRequest(null, Object(Config\Cache), false)
 5 FCPATH\index.php(67): CodeIgniter\CodeIgniter->run()
 6 SYSTEMPATH\Commands\Server\rewrite.php(47): require_once('FCPATH\\index.php')
