CRITICAL - 2023-01-02 18:37:10 --> Call to undefined method App\Models\TransaksiModel::getTransaksi
in SYSTEMPATH\Model.php on line 807.
 1 APPPATH\Controllers\Transaksi.php(18): CodeIgniter\Model->__call('getTransaksi', [])
 2 SYSTEMPATH\CodeIgniter.php(925): App\Controllers\Transaksi->index()
 3 SYSTEMPATH\CodeIgniter.php(480): CodeIgniter\CodeIgniter->runController(Object(App\Controllers\Transaksi))
 4 SYSTEMPATH\CodeIgniter.php(349): CodeIgniter\CodeIgniter->handleRequest(null, Object(Config\Cache), false)
 5 FCPATH\index.php(67): CodeIgniter\CodeIgniter->run()
 6 SYSTEMPATH\Commands\Server\rewrite.php(47): require_once('FCPATH\\index.php')
ERROR - 2023-01-02 18:58:41 --> mysqli_sql_exception: You have an error in your SQL syntax; check the manual that corresponds to your MariaDB server version for the right syntax to use near 'UNSIGNED AFTER `id_ongkirFK`' at line 2 in C:\xampp\htdocs\skripsi\TokoMJSport\vendor\codeigniter4\framework\system\Database\MySQLi\Connection.php:292
Stack trace:
#0 C:\xampp\htdocs\skripsi\TokoMJSport\vendor\codeigniter4\framework\system\Database\MySQLi\Connection.php(292): mysqli->query('ALTER TABLE `tr...', 0)
#1 C:\xampp\htdocs\skripsi\TokoMJSport\vendor\codeigniter4\framework\system\Database\BaseConnection.php(666): CodeIgniter\Database\MySQLi\Connection->execute('ALTER TABLE `tr...')
#2 C:\xampp\htdocs\skripsi\TokoMJSport\vendor\codeigniter4\framework\system\Database\BaseConnection.php(593): CodeIgniter\Database\BaseConnection->simpleQuery('ALTER TABLE `tr...')
#3 C:\xampp\htdocs\skripsi\TokoMJSport\vendor\codeigniter4\framework\system\Database\Forge.php(708): CodeIgniter\Database\BaseConnection->query('ALTER TABLE `tr...')
#4 C:\xampp\htdocs\skripsi\TokoMJSport\app\Database\Migrations\2023-01-03-005602_AddNamaTransaksi.php(13): CodeIgniter\Database\Forge->addColumn('transaksi', Array)
#5 C:\xampp\htdocs\skripsi\TokoMJSport\vendor\codeigniter4\framework\system\Database\MigrationRunner.php(869): App\Database\Migrations\AddNamaTransaksi->up()
#6 C:\xampp\htdocs\skripsi\TokoMJSport\vendor\codeigniter4\framework\system\Database\MigrationRunner.php(188): CodeIgniter\Database\MigrationRunner->migrate('up', Object(stdClass))
#7 C:\xampp\htdocs\skripsi\TokoMJSport\vendor\codeigniter4\framework\system\Commands\Database\Migrate.php(84): CodeIgniter\Database\MigrationRunner->latest(NULL)
#8 C:\xampp\htdocs\skripsi\TokoMJSport\vendor\codeigniter4\framework\system\CLI\Commands.php(63): CodeIgniter\Commands\Database\Migrate->run(Array)
#9 C:\xampp\htdocs\skripsi\TokoMJSport\vendor\codeigniter4\framework\system\CLI\CommandRunner.php(65): CodeIgniter\CLI\Commands->run('migrate', Array)
#10 C:\xampp\htdocs\skripsi\TokoMJSport\vendor\codeigniter4\framework\system\CLI\CommandRunner.php(51): CodeIgniter\CLI\CommandRunner->index(Array)
#11 C:\xampp\htdocs\skripsi\TokoMJSport\vendor\codeigniter4\framework\system\CodeIgniter.php(918): CodeIgniter\CLI\CommandRunner->_remap('index', Array)
#12 C:\xampp\htdocs\skripsi\TokoMJSport\vendor\codeigniter4\framework\system\CodeIgniter.php(480): CodeIgniter\CodeIgniter->runController(Object(CodeIgniter\CLI\CommandRunner))
#13 C:\xampp\htdocs\skripsi\TokoMJSport\vendor\codeigniter4\framework\system\CodeIgniter.php(345): CodeIgniter\CodeIgniter->handleRequest(NULL, Object(Config\Cache), false)
#14 C:\xampp\htdocs\skripsi\TokoMJSport\vendor\codeigniter4\framework\system\CLI\Console.php(48): CodeIgniter\CodeIgniter->run()
#15 C:\xampp\htdocs\skripsi\TokoMJSport\spark(98): CodeIgniter\CLI\Console->run()
#16 {main}
CRITICAL - 2023-01-02 22:23:54 --> Undefined variable $validation
in APPPATH\Views\transaksi\index.php on line 96.
 1 APPPATH\Views\transaksi\index.php(96): CodeIgniter\Debug\Exceptions->errorHandler(2, 'Undefined variable $validation', 'APPPATH\\Views\\transaksi\\index.php', 96)
 2 SYSTEMPATH\View\View.php(213): include('APPPATH\\Views\\transaksi\\index.php')
 3 SYSTEMPATH\View\View.php(216): CodeIgniter\View\View->CodeIgniter\View\{closure}()
 4 SYSTEMPATH\Common.php(1135): CodeIgniter\View\View->render('transaksi/index', [], true)
 5 APPPATH\Controllers\Transaksi.php(20): view('transaksi/index', [...])
 6 SYSTEMPATH\CodeIgniter.php(925): App\Controllers\Transaksi->index()
 7 SYSTEMPATH\CodeIgniter.php(480): CodeIgniter\CodeIgniter->runController(Object(App\Controllers\Transaksi))
 8 SYSTEMPATH\CodeIgniter.php(349): CodeIgniter\CodeIgniter->handleRequest(null, Object(Config\Cache), false)
 9 FCPATH\index.php(67): CodeIgniter\CodeIgniter->run()
10 SYSTEMPATH\Commands\Server\rewrite.php(47): require_once('FCPATH\\index.php')
CRITICAL - 2023-01-02 22:36:33 --> Call to undefined method App\Models\TransaksiModel::get_listKota
in SYSTEMPATH\Model.php on line 807.
 1 APPPATH\Controllers\Transaksi.php(19): CodeIgniter\Model->__call('get_listKota', [])
 2 SYSTEMPATH\CodeIgniter.php(925): App\Controllers\Transaksi->index()
 3 SYSTEMPATH\CodeIgniter.php(480): CodeIgniter\CodeIgniter->runController(Object(App\Controllers\Transaksi))
 4 SYSTEMPATH\CodeIgniter.php(349): CodeIgniter\CodeIgniter->handleRequest(null, Object(Config\Cache), false)
 5 FCPATH\index.php(67): CodeIgniter\CodeIgniter->run()
 6 SYSTEMPATH\Commands\Server\rewrite.php(47): require_once('FCPATH\\index.php')
CRITICAL - 2023-01-02 22:37:53 --> Undefined variable $listKota
in APPPATH\Views\transaksi\index.php on line 98.
 1 APPPATH\Views\transaksi\index.php(98): CodeIgniter\Debug\Exceptions->errorHandler(2, 'Undefined variable $listKota', 'APPPATH\\Views\\transaksi\\index.php', 98)
 2 SYSTEMPATH\View\View.php(213): include('APPPATH\\Views\\transaksi\\index.php')
 3 SYSTEMPATH\View\View.php(216): CodeIgniter\View\View->CodeIgniter\View\{closure}()
 4 SYSTEMPATH\Common.php(1135): CodeIgniter\View\View->render('transaksi/index', [], true)
 5 APPPATH\Controllers\Transaksi.php(22): view('transaksi/index', [...])
 6 SYSTEMPATH\CodeIgniter.php(925): App\Controllers\Transaksi->index()
 7 SYSTEMPATH\CodeIgniter.php(480): CodeIgniter\CodeIgniter->runController(Object(App\Controllers\Transaksi))
 8 SYSTEMPATH\CodeIgniter.php(349): CodeIgniter\CodeIgniter->handleRequest(null, Object(Config\Cache), false)
 9 FCPATH\index.php(67): CodeIgniter\CodeIgniter->run()
10 SYSTEMPATH\Commands\Server\rewrite.php(47): require_once('FCPATH\\index.php')
