CRITICAL - 2023-03-11 07:32:08 --> Call to undefined function App\Controllers\Admin\where()
in APPPATH\Controllers\Admin\Home.php on line 132.
 1 SYSTEMPATH\CodeIgniter.php(934): App\Controllers\Admin\Home->index()
 2 SYSTEMPATH\CodeIgniter.php(499): CodeIgniter\CodeIgniter->runController(Object(App\Controllers\Admin\Home))
 3 SYSTEMPATH\CodeIgniter.php(368): CodeIgniter\CodeIgniter->handleRequest(null, Object(Config\Cache), false)
 4 FCPATH\index.php(67): CodeIgniter\CodeIgniter->run()
 5 SYSTEMPATH\Commands\Server\rewrite.php(47): require_once('FCPATH\\index.php')
CRITICAL - 2023-03-11 07:32:21 --> Call to undefined function App\Controllers\Admin\where()
in APPPATH\Controllers\Admin\Home.php on line 132.
 1 SYSTEMPATH\CodeIgniter.php(934): App\Controllers\Admin\Home->index()
 2 SYSTEMPATH\CodeIgniter.php(499): CodeIgniter\CodeIgniter->runController(Object(App\Controllers\Admin\Home))
 3 SYSTEMPATH\CodeIgniter.php(368): CodeIgniter\CodeIgniter->handleRequest(null, Object(Config\Cache), false)
 4 FCPATH\index.php(67): CodeIgniter\CodeIgniter->run()
 5 SYSTEMPATH\Commands\Server\rewrite.php(47): require_once('FCPATH\\index.php')
CRITICAL - 2023-03-11 07:33:08 --> Call to undefined function App\Controllers\Admin\where()
in APPPATH\Controllers\Admin\Home.php on line 132.
 1 SYSTEMPATH\CodeIgniter.php(934): App\Controllers\Admin\Home->index()
 2 SYSTEMPATH\CodeIgniter.php(499): CodeIgniter\CodeIgniter->runController(Object(App\Controllers\Admin\Home))
 3 SYSTEMPATH\CodeIgniter.php(368): CodeIgniter\CodeIgniter->handleRequest(null, Object(Config\Cache), false)
 4 FCPATH\index.php(67): CodeIgniter\CodeIgniter->run()
 5 SYSTEMPATH\Commands\Server\rewrite.php(47): require_once('FCPATH\\index.php')
CRITICAL - 2023-03-11 07:38:40 --> Call to undefined method CodeIgniter\Database\MySQLi\Result::getArray()
in APPPATH\Controllers\Admin\Home.php on line 134.
 1 SYSTEMPATH\CodeIgniter.php(934): App\Controllers\Admin\Home->index()
 2 SYSTEMPATH\CodeIgniter.php(499): CodeIgniter\CodeIgniter->runController(Object(App\Controllers\Admin\Home))
 3 SYSTEMPATH\CodeIgniter.php(368): CodeIgniter\CodeIgniter->handleRequest(null, Object(Config\Cache), false)
 4 FCPATH\index.php(67): CodeIgniter\CodeIgniter->run()
 5 SYSTEMPATH\Commands\Server\rewrite.php(47): require_once('FCPATH\\index.php')
CRITICAL - 2023-03-11 07:54:58 --> syntax error, unexpected token "->", expecting identifier or variable or "{" or "$"
in APPPATH\Controllers\Admin\Home.php on line 137.
 1 SYSTEMPATH\Autoloader\Autoloader.php(289): CodeIgniter\Autoloader\Autoloader->includeFile('APPPATH\\Controllers\\Admin\\Home.php')
 2 SYSTEMPATH\Autoloader\Autoloader.php(267): CodeIgniter\Autoloader\Autoloader->loadInNamespace('App\\Controllers\\Admin\\Home')
 3 [internal function]: CodeIgniter\Autoloader\Autoloader->loadClass('App\\Controllers\\Admin\\Home')
 4 SYSTEMPATH\CodeIgniter.php(892): class_exists('\\App\\Controllers\\Admin\\Home', true)
 5 SYSTEMPATH\CodeIgniter.php(486): CodeIgniter\CodeIgniter->startController()
 6 SYSTEMPATH\CodeIgniter.php(368): CodeIgniter\CodeIgniter->handleRequest(null, Object(Config\Cache), false)
 7 FCPATH\index.php(67): CodeIgniter\CodeIgniter->run()
 8 SYSTEMPATH\Commands\Server\rewrite.php(47): require_once('FCPATH\\index.php')
CRITICAL - 2023-03-11 07:59:29 --> strtotime(): Argument #1 ($datetime) must be of type string, array given
in APPPATH\Controllers\Admin\Home.php on line 139.
 1 APPPATH\Controllers\Admin\Home.php(139): strtotime([...])
 2 SYSTEMPATH\CodeIgniter.php(934): App\Controllers\Admin\Home->index()
 3 SYSTEMPATH\CodeIgniter.php(499): CodeIgniter\CodeIgniter->runController(Object(App\Controllers\Admin\Home))
 4 SYSTEMPATH\CodeIgniter.php(368): CodeIgniter\CodeIgniter->handleRequest(null, Object(Config\Cache), false)
 5 FCPATH\index.php(67): CodeIgniter\CodeIgniter->run()
 6 SYSTEMPATH\Commands\Server\rewrite.php(47): require_once('FCPATH\\index.php')
CRITICAL - 2023-03-11 08:03:42 --> Undefined array key "tahun"
in APPPATH\Controllers\Admin\Home.php on line 137.
 1 APPPATH\Controllers\Admin\Home.php(137): CodeIgniter\Debug\Exceptions->errorHandler(2, 'Undefined array key "tahun"', 'APPPATH\\Controllers\\Admin\\Home.php', 137)
 2 SYSTEMPATH\CodeIgniter.php(934): App\Controllers\Admin\Home->index()
 3 SYSTEMPATH\CodeIgniter.php(499): CodeIgniter\CodeIgniter->runController(Object(App\Controllers\Admin\Home))
 4 SYSTEMPATH\CodeIgniter.php(368): CodeIgniter\CodeIgniter->handleRequest(null, Object(Config\Cache), false)
 5 FCPATH\index.php(67): CodeIgniter\CodeIgniter->run()
 6 SYSTEMPATH\Commands\Server\rewrite.php(47): require_once('FCPATH\\index.php')
CRITICAL - 2023-03-11 08:09:38 --> Undefined array key "pendapatan"
in APPPATH\Controllers\Admin\Home.php on line 153.
 1 APPPATH\Controllers\Admin\Home.php(153): CodeIgniter\Debug\Exceptions->errorHandler(2, 'Undefined array key "pendapatan"', 'APPPATH\\Controllers\\Admin\\Home.php', 153)
 2 SYSTEMPATH\CodeIgniter.php(934): App\Controllers\Admin\Home->index()
 3 SYSTEMPATH\CodeIgniter.php(499): CodeIgniter\CodeIgniter->runController(Object(App\Controllers\Admin\Home))
 4 SYSTEMPATH\CodeIgniter.php(368): CodeIgniter\CodeIgniter->handleRequest(null, Object(Config\Cache), false)
 5 FCPATH\index.php(67): CodeIgniter\CodeIgniter->run()
 6 SYSTEMPATH\Commands\Server\rewrite.php(47): require_once('FCPATH\\index.php')
CRITICAL - 2023-03-11 08:10:24 --> Undefined array key "pendapatan"
in APPPATH\Controllers\Admin\Home.php on line 153.
 1 APPPATH\Controllers\Admin\Home.php(153): CodeIgniter\Debug\Exceptions->errorHandler(2, 'Undefined array key "pendapatan"', 'APPPATH\\Controllers\\Admin\\Home.php', 153)
 2 SYSTEMPATH\CodeIgniter.php(934): App\Controllers\Admin\Home->index()
 3 SYSTEMPATH\CodeIgniter.php(499): CodeIgniter\CodeIgniter->runController(Object(App\Controllers\Admin\Home))
 4 SYSTEMPATH\CodeIgniter.php(368): CodeIgniter\CodeIgniter->handleRequest(null, Object(Config\Cache), false)
 5 FCPATH\index.php(67): CodeIgniter\CodeIgniter->run()
 6 SYSTEMPATH\Commands\Server\rewrite.php(47): require_once('FCPATH\\index.php')
CRITICAL - 2023-03-11 08:11:19 --> Undefined array key "pendapatan"
in APPPATH\Controllers\Admin\Home.php on line 150.
 1 APPPATH\Controllers\Admin\Home.php(150): CodeIgniter\Debug\Exceptions->errorHandler(2, 'Undefined array key "pendapatan"', 'APPPATH\\Controllers\\Admin\\Home.php', 150)
 2 SYSTEMPATH\CodeIgniter.php(934): App\Controllers\Admin\Home->index()
 3 SYSTEMPATH\CodeIgniter.php(499): CodeIgniter\CodeIgniter->runController(Object(App\Controllers\Admin\Home))
 4 SYSTEMPATH\CodeIgniter.php(368): CodeIgniter\CodeIgniter->handleRequest(null, Object(Config\Cache), false)
 5 FCPATH\index.php(67): CodeIgniter\CodeIgniter->run()
 6 SYSTEMPATH\Commands\Server\rewrite.php(47): require_once('FCPATH\\index.php')
CRITICAL - 2023-03-11 08:47:34 --> Undefined variable $namaBulanPendapatan
in APPPATH\Controllers\Admin\Home.php on line 362.
 1 APPPATH\Controllers\Admin\Home.php(362): CodeIgniter\Debug\Exceptions->errorHandler(2, 'Undefined variable $namaBulanPendapatan', 'APPPATH\\Controllers\\Admin\\Home.php', 362)
 2 SYSTEMPATH\CodeIgniter.php(934): App\Controllers\Admin\Home->index()
 3 SYSTEMPATH\CodeIgniter.php(499): CodeIgniter\CodeIgniter->runController(Object(App\Controllers\Admin\Home))
 4 SYSTEMPATH\CodeIgniter.php(368): CodeIgniter\CodeIgniter->handleRequest(null, Object(Config\Cache), false)
 5 FCPATH\index.php(67): CodeIgniter\CodeIgniter->run()
 6 SYSTEMPATH\Commands\Server\rewrite.php(47): require_once('FCPATH\\index.php')
ERROR - 2023-03-11 08:53:15 --> mysqli_sql_exception: Column 'created_at' in group statement is ambiguous in C:\xampp\htdocs\skripsi\Tokomjs\MJ\vendor\codeigniter4\framework\system\Database\MySQLi\Connection.php:295
Stack trace:
#0 C:\xampp\htdocs\skripsi\Tokomjs\MJ\vendor\codeigniter4\framework\system\Database\MySQLi\Connection.php(295): mysqli->query('SELECT DATE(tra...', 0)
#1 C:\xampp\htdocs\skripsi\Tokomjs\MJ\vendor\codeigniter4\framework\system\Database\BaseConnection.php(691): CodeIgniter\Database\MySQLi\Connection->execute('SELECT DATE(tra...')
#2 C:\xampp\htdocs\skripsi\Tokomjs\MJ\vendor\codeigniter4\framework\system\Database\BaseConnection.php(605): CodeIgniter\Database\BaseConnection->simpleQuery('SELECT DATE(tra...')
#3 C:\xampp\htdocs\skripsi\Tokomjs\MJ\vendor\codeigniter4\framework\system\Database\BaseBuilder.php(1616): CodeIgniter\Database\BaseConnection->query('SELECT DATE(tra...', Array, false)
#4 C:\xampp\htdocs\skripsi\Tokomjs\MJ\vendor\codeigniter4\framework\system\Model.php(840): CodeIgniter\Database\BaseBuilder->get()
#5 C:\xampp\htdocs\skripsi\Tokomjs\MJ\app\Controllers\Admin\Home.php(172): CodeIgniter\Model->__call('get', Array)
#6 C:\xampp\htdocs\skripsi\Tokomjs\MJ\vendor\codeigniter4\framework\system\CodeIgniter.php(934): App\Controllers\Admin\Home->index()
#7 C:\xampp\htdocs\skripsi\Tokomjs\MJ\vendor\codeigniter4\framework\system\CodeIgniter.php(499): CodeIgniter\CodeIgniter->runController(Object(App\Controllers\Admin\Home))
#8 C:\xampp\htdocs\skripsi\Tokomjs\MJ\vendor\codeigniter4\framework\system\CodeIgniter.php(368): CodeIgniter\CodeIgniter->handleRequest(NULL, Object(Config\Cache), false)
#9 C:\xampp\htdocs\skripsi\Tokomjs\MJ\public\index.php(67): CodeIgniter\CodeIgniter->run()
#10 C:\xampp\htdocs\skripsi\Tokomjs\MJ\vendor\codeigniter4\framework\system\Commands\Server\rewrite.php(47): require_once('C:\\xampp\\htdocs...')
#11 {main}
CRITICAL - 2023-03-11 08:53:15 --> Column 'created_at' in group statement is ambiguous
in SYSTEMPATH\Database\BaseConnection.php on line 645.
 1 SYSTEMPATH\Database\BaseBuilder.php(1616): CodeIgniter\Database\BaseConnection->query('SELECT DATE(transaksi_detail.created_at) as bulan, `transaksi`.`status_pengiriman` as `status`
FROM `transaksi_detail`
LEFT JOIN `transaksi` ON `transaksi`.`id_transaksi` = `transaksi_detail`.`id_transaksiFK`
WHERE `transaksi`.`status_pengiriman` = :transaksi.status_pengiriman:
AND MONTH(transaksi_detail.created_at) >= :MONTH(transaksi_detail.created_at):
AND YEAR(transaksi_detail.created_at) >= :YEAR(transaksi_detail.created_at):
AND MONTH(transaksi_detail.created_at) <= :MONTH(transaksi_detail.created_at).1:
AND YEAR(transaksi_detail.created_at) <= :YEAR(transaksi_detail.created_at).1:
GROUP BY MONTH(created_at)', [...], false)
 2 SYSTEMPATH\Model.php(840): CodeIgniter\Database\BaseBuilder->get()
 3 APPPATH\Controllers\Admin\Home.php(172): CodeIgniter\Model->__call('get', [])
 4 SYSTEMPATH\CodeIgniter.php(934): App\Controllers\Admin\Home->index()
 5 SYSTEMPATH\CodeIgniter.php(499): CodeIgniter\CodeIgniter->runController(Object(App\Controllers\Admin\Home))
 6 SYSTEMPATH\CodeIgniter.php(368): CodeIgniter\CodeIgniter->handleRequest(null, Object(Config\Cache), false)
 7 FCPATH\index.php(67): CodeIgniter\CodeIgniter->run()
 8 SYSTEMPATH\Commands\Server\rewrite.php(47): require_once('FCPATH\\index.php')
CRITICAL - 2023-03-11 08:54:37 --> Undefined variable $namaBulanPendapatan
in APPPATH\Controllers\Admin\Home.php on line 366.
 1 APPPATH\Controllers\Admin\Home.php(366): CodeIgniter\Debug\Exceptions->errorHandler(2, 'Undefined variable $namaBulanPendapatan', 'APPPATH\\Controllers\\Admin\\Home.php', 366)
 2 SYSTEMPATH\CodeIgniter.php(934): App\Controllers\Admin\Home->index()
 3 SYSTEMPATH\CodeIgniter.php(499): CodeIgniter\CodeIgniter->runController(Object(App\Controllers\Admin\Home))
 4 SYSTEMPATH\CodeIgniter.php(368): CodeIgniter\CodeIgniter->handleRequest(null, Object(Config\Cache), false)
 5 FCPATH\index.php(67): CodeIgniter\CodeIgniter->run()
 6 SYSTEMPATH\Commands\Server\rewrite.php(47): require_once('FCPATH\\index.php')
CRITICAL - 2023-03-11 08:57:21 --> Undefined variable $namaBulanPendapatan
in APPPATH\Controllers\Admin\Home.php on line 367.
 1 APPPATH\Controllers\Admin\Home.php(367): CodeIgniter\Debug\Exceptions->errorHandler(2, 'Undefined variable $namaBulanPendapatan', 'APPPATH\\Controllers\\Admin\\Home.php', 367)
 2 SYSTEMPATH\CodeIgniter.php(934): App\Controllers\Admin\Home->index()
 3 SYSTEMPATH\CodeIgniter.php(499): CodeIgniter\CodeIgniter->runController(Object(App\Controllers\Admin\Home))
 4 SYSTEMPATH\CodeIgniter.php(368): CodeIgniter\CodeIgniter->handleRequest(null, Object(Config\Cache), false)
 5 FCPATH\index.php(67): CodeIgniter\CodeIgniter->run()
 6 SYSTEMPATH\Commands\Server\rewrite.php(47): require_once('FCPATH\\index.php')
CRITICAL - 2023-03-11 08:59:09 --> Undefined variable $namaBulanPendapatan
in APPPATH\Controllers\Admin\Home.php on line 367.
 1 APPPATH\Controllers\Admin\Home.php(367): CodeIgniter\Debug\Exceptions->errorHandler(2, 'Undefined variable $namaBulanPendapatan', 'APPPATH\\Controllers\\Admin\\Home.php', 367)
 2 SYSTEMPATH\CodeIgniter.php(934): App\Controllers\Admin\Home->index()
 3 SYSTEMPATH\CodeIgniter.php(499): CodeIgniter\CodeIgniter->runController(Object(App\Controllers\Admin\Home))
 4 SYSTEMPATH\CodeIgniter.php(368): CodeIgniter\CodeIgniter->handleRequest(null, Object(Config\Cache), false)
 5 FCPATH\index.php(67): CodeIgniter\CodeIgniter->run()
 6 SYSTEMPATH\Commands\Server\rewrite.php(47): require_once('FCPATH\\index.php')
CRITICAL - 2023-03-11 08:59:28 --> Undefined variable $namaBulanPendapatan
in APPPATH\Controllers\Admin\Home.php on line 367.
 1 APPPATH\Controllers\Admin\Home.php(367): CodeIgniter\Debug\Exceptions->errorHandler(2, 'Undefined variable $namaBulanPendapatan', 'APPPATH\\Controllers\\Admin\\Home.php', 367)
 2 SYSTEMPATH\CodeIgniter.php(934): App\Controllers\Admin\Home->index()
 3 SYSTEMPATH\CodeIgniter.php(499): CodeIgniter\CodeIgniter->runController(Object(App\Controllers\Admin\Home))
 4 SYSTEMPATH\CodeIgniter.php(368): CodeIgniter\CodeIgniter->handleRequest(null, Object(Config\Cache), false)
 5 FCPATH\index.php(67): CodeIgniter\CodeIgniter->run()
 6 SYSTEMPATH\Commands\Server\rewrite.php(47): require_once('FCPATH\\index.php')
ERROR - 2023-03-11 09:26:32 --> mysqli_sql_exception: Unknown column 'transaksi_detail.created_at' in 'group statement' in C:\xampp\htdocs\skripsi\Tokomjs\MJ\vendor\codeigniter4\framework\system\Database\MySQLi\Connection.php:295
Stack trace:
#0 C:\xampp\htdocs\skripsi\Tokomjs\MJ\vendor\codeigniter4\framework\system\Database\MySQLi\Connection.php(295): mysqli->query('SELECT COUNT(*)...', 0)
#1 C:\xampp\htdocs\skripsi\Tokomjs\MJ\vendor\codeigniter4\framework\system\Database\BaseConnection.php(691): CodeIgniter\Database\MySQLi\Connection->execute('SELECT COUNT(*)...')
#2 C:\xampp\htdocs\skripsi\Tokomjs\MJ\vendor\codeigniter4\framework\system\Database\BaseConnection.php(605): CodeIgniter\Database\BaseConnection->simpleQuery('SELECT COUNT(*)...')
#3 C:\xampp\htdocs\skripsi\Tokomjs\MJ\vendor\codeigniter4\framework\system\Database\BaseBuilder.php(1700): CodeIgniter\Database\BaseConnection->query('SELECT COUNT(*)...', Array, false)
#4 C:\xampp\htdocs\skripsi\Tokomjs\MJ\vendor\codeigniter4\framework\system\Model.php(606): CodeIgniter\Database\BaseBuilder->countAllResults(true)
#5 C:\xampp\htdocs\skripsi\Tokomjs\MJ\app\Controllers\Admin\Home.php(465): CodeIgniter\Model->countAllResults()
#6 C:\xampp\htdocs\skripsi\Tokomjs\MJ\vendor\codeigniter4\framework\system\CodeIgniter.php(934): App\Controllers\Admin\Home->index()
#7 C:\xampp\htdocs\skripsi\Tokomjs\MJ\vendor\codeigniter4\framework\system\CodeIgniter.php(499): CodeIgniter\CodeIgniter->runController(Object(App\Controllers\Admin\Home))
#8 C:\xampp\htdocs\skripsi\Tokomjs\MJ\vendor\codeigniter4\framework\system\CodeIgniter.php(368): CodeIgniter\CodeIgniter->handleRequest(NULL, Object(Config\Cache), false)
#9 C:\xampp\htdocs\skripsi\Tokomjs\MJ\public\index.php(67): CodeIgniter\CodeIgniter->run()
#10 C:\xampp\htdocs\skripsi\Tokomjs\MJ\vendor\codeigniter4\framework\system\Commands\Server\rewrite.php(47): require_once('C:\\xampp\\htdocs...')
#11 {main}
CRITICAL - 2023-03-11 09:26:32 --> Unknown column 'transaksi_detail.created_at' in 'group statement'
in SYSTEMPATH\Database\BaseConnection.php on line 645.
 1 SYSTEMPATH\Database\BaseBuilder.php(1700): CodeIgniter\Database\BaseConnection->query('SELECT COUNT(*) AS `numrows`
FROM (
SELECT DATE(created_at) as tanggal
FROM `pengembalian`
WHERE `validasi` = :validasi:
AND DATE(created_at) >= :DATE(created_at):
AND DATE(created_at) <= :DATE(created_at).2:
GROUP BY DATE(transaksi_detail.created_at)
) CI_count_all_results', [...], false)
 2 SYSTEMPATH\Model.php(606): CodeIgniter\Database\BaseBuilder->countAllResults(true)
 3 APPPATH\Controllers\Admin\Home.php(465): CodeIgniter\Model->countAllResults()
 4 SYSTEMPATH\CodeIgniter.php(934): App\Controllers\Admin\Home->index()
 5 SYSTEMPATH\CodeIgniter.php(499): CodeIgniter\CodeIgniter->runController(Object(App\Controllers\Admin\Home))
 6 SYSTEMPATH\CodeIgniter.php(368): CodeIgniter\CodeIgniter->handleRequest(null, Object(Config\Cache), false)
 7 FCPATH\index.php(67): CodeIgniter\CodeIgniter->run()
 8 SYSTEMPATH\Commands\Server\rewrite.php(47): require_once('FCPATH\\index.php')
CRITICAL - 2023-03-11 09:27:25 --> foreach() argument must be of type array|object, int given
in APPPATH\Controllers\Admin\Home.php on line 469.
 1 APPPATH\Controllers\Admin\Home.php(469): CodeIgniter\Debug\Exceptions->errorHandler(2, 'foreach() argument must be of type array|object, int given', 'APPPATH\\Controllers\\Admin\\Home.php', 469)
 2 SYSTEMPATH\CodeIgniter.php(934): App\Controllers\Admin\Home->index()
 3 SYSTEMPATH\CodeIgniter.php(499): CodeIgniter\CodeIgniter->runController(Object(App\Controllers\Admin\Home))
 4 SYSTEMPATH\CodeIgniter.php(368): CodeIgniter\CodeIgniter->handleRequest(null, Object(Config\Cache), false)
 5 FCPATH\index.php(67): CodeIgniter\CodeIgniter->run()
 6 SYSTEMPATH\Commands\Server\rewrite.php(47): require_once('FCPATH\\index.php')
CRITICAL - 2023-03-11 09:29:24 --> Undefined variable $pengembalian_chart
in APPPATH\Controllers\Admin\Home.php on line 568.
 1 APPPATH\Controllers\Admin\Home.php(568): CodeIgniter\Debug\Exceptions->errorHandler(2, 'Undefined variable $pengembalian_chart', 'APPPATH\\Controllers\\Admin\\Home.php', 568)
 2 SYSTEMPATH\CodeIgniter.php(934): App\Controllers\Admin\Home->index()
 3 SYSTEMPATH\CodeIgniter.php(499): CodeIgniter\CodeIgniter->runController(Object(App\Controllers\Admin\Home))
 4 SYSTEMPATH\CodeIgniter.php(368): CodeIgniter\CodeIgniter->handleRequest(null, Object(Config\Cache), false)
 5 FCPATH\index.php(67): CodeIgniter\CodeIgniter->run()
 6 SYSTEMPATH\Commands\Server\rewrite.php(47): require_once('FCPATH\\index.php')
CRITICAL - 2023-03-11 09:31:38 --> Undefined variable $pengembalian_chart
in APPPATH\Controllers\Admin\Home.php on line 568.
 1 APPPATH\Controllers\Admin\Home.php(568): CodeIgniter\Debug\Exceptions->errorHandler(2, 'Undefined variable $pengembalian_chart', 'APPPATH\\Controllers\\Admin\\Home.php', 568)
 2 SYSTEMPATH\CodeIgniter.php(934): App\Controllers\Admin\Home->index()
 3 SYSTEMPATH\CodeIgniter.php(499): CodeIgniter\CodeIgniter->runController(Object(App\Controllers\Admin\Home))
 4 SYSTEMPATH\CodeIgniter.php(368): CodeIgniter\CodeIgniter->handleRequest(null, Object(Config\Cache), false)
 5 FCPATH\index.php(67): CodeIgniter\CodeIgniter->run()
 6 SYSTEMPATH\Commands\Server\rewrite.php(47): require_once('FCPATH\\index.php')
CRITICAL - 2023-03-11 09:32:32 --> Undefined variable $pengembalian_chart
in APPPATH\Controllers\Admin\Home.php on line 568.
 1 APPPATH\Controllers\Admin\Home.php(568): CodeIgniter\Debug\Exceptions->errorHandler(2, 'Undefined variable $pengembalian_chart', 'APPPATH\\Controllers\\Admin\\Home.php', 568)
 2 SYSTEMPATH\CodeIgniter.php(934): App\Controllers\Admin\Home->index()
 3 SYSTEMPATH\CodeIgniter.php(499): CodeIgniter\CodeIgniter->runController(Object(App\Controllers\Admin\Home))
 4 SYSTEMPATH\CodeIgniter.php(368): CodeIgniter\CodeIgniter->handleRequest(null, Object(Config\Cache), false)
 5 FCPATH\index.php(67): CodeIgniter\CodeIgniter->run()
 6 SYSTEMPATH\Commands\Server\rewrite.php(47): require_once('FCPATH\\index.php')
CRITICAL - 2023-03-11 09:40:10 --> Call to undefined method CodeIgniter\Database\MySQLi\Result::countAllResult()
in APPPATH\Controllers\Admin\Home.php on line 465.
 1 SYSTEMPATH\CodeIgniter.php(934): App\Controllers\Admin\Home->index()
 2 SYSTEMPATH\CodeIgniter.php(499): CodeIgniter\CodeIgniter->runController(Object(App\Controllers\Admin\Home))
 3 SYSTEMPATH\CodeIgniter.php(368): CodeIgniter\CodeIgniter->handleRequest(null, Object(Config\Cache), false)
 4 FCPATH\index.php(67): CodeIgniter\CodeIgniter->run()
 5 SYSTEMPATH\Commands\Server\rewrite.php(47): require_once('FCPATH\\index.php')
CRITICAL - 2023-03-11 09:41:30 --> Call to a member function countAllResults() on array
in APPPATH\Controllers\Admin\Home.php on line 465.
 1 SYSTEMPATH\CodeIgniter.php(934): App\Controllers\Admin\Home->index()
 2 SYSTEMPATH\CodeIgniter.php(499): CodeIgniter\CodeIgniter->runController(Object(App\Controllers\Admin\Home))
 3 SYSTEMPATH\CodeIgniter.php(368): CodeIgniter\CodeIgniter->handleRequest(null, Object(Config\Cache), false)
 4 FCPATH\index.php(67): CodeIgniter\CodeIgniter->run()
 5 SYSTEMPATH\Commands\Server\rewrite.php(47): require_once('FCPATH\\index.php')
CRITICAL - 2023-03-11 09:42:10 --> Call to undefined method CodeIgniter\Database\MySQLi\Result::countAllResults()
in APPPATH\Controllers\Admin\Home.php on line 465.
 1 SYSTEMPATH\CodeIgniter.php(934): App\Controllers\Admin\Home->index()
 2 SYSTEMPATH\CodeIgniter.php(499): CodeIgniter\CodeIgniter->runController(Object(App\Controllers\Admin\Home))
 3 SYSTEMPATH\CodeIgniter.php(368): CodeIgniter\CodeIgniter->handleRequest(null, Object(Config\Cache), false)
 4 FCPATH\index.php(67): CodeIgniter\CodeIgniter->run()
 5 SYSTEMPATH\Commands\Server\rewrite.php(47): require_once('FCPATH\\index.php')
CRITICAL - 2023-03-11 09:45:10 --> Call to undefined method CodeIgniter\Database\MySQLi\Result::countAll()
in APPPATH\Controllers\Admin\Home.php on line 465.
 1 SYSTEMPATH\CodeIgniter.php(934): App\Controllers\Admin\Home->index()
 2 SYSTEMPATH\CodeIgniter.php(499): CodeIgniter\CodeIgniter->runController(Object(App\Controllers\Admin\Home))
 3 SYSTEMPATH\CodeIgniter.php(368): CodeIgniter\CodeIgniter->handleRequest(null, Object(Config\Cache), false)
 4 FCPATH\index.php(67): CodeIgniter\CodeIgniter->run()
 5 SYSTEMPATH\Commands\Server\rewrite.php(47): require_once('FCPATH\\index.php')
CRITICAL - 2023-03-11 09:54:02 --> Call to undefined method App\Models\PengembalianModel::getResultArray
in SYSTEMPATH\Model.php on line 842.
 1 APPPATH\Controllers\Admin\Home.php(466): CodeIgniter\Model->__call('getResultArray', [])
 2 SYSTEMPATH\CodeIgniter.php(934): App\Controllers\Admin\Home->index()
 3 SYSTEMPATH\CodeIgniter.php(499): CodeIgniter\CodeIgniter->runController(Object(App\Controllers\Admin\Home))
 4 SYSTEMPATH\CodeIgniter.php(368): CodeIgniter\CodeIgniter->handleRequest(null, Object(Config\Cache), false)
 5 FCPATH\index.php(67): CodeIgniter\CodeIgniter->run()
 6 SYSTEMPATH\Commands\Server\rewrite.php(47): require_once('FCPATH\\index.php')
CRITICAL - 2023-03-11 09:54:23 --> Call to a member function groupBy() on array
in APPPATH\Controllers\Admin\Home.php on line 467.
 1 SYSTEMPATH\CodeIgniter.php(934): App\Controllers\Admin\Home->index()
 2 SYSTEMPATH\CodeIgniter.php(499): CodeIgniter\CodeIgniter->runController(Object(App\Controllers\Admin\Home))
 3 SYSTEMPATH\CodeIgniter.php(368): CodeIgniter\CodeIgniter->handleRequest(null, Object(Config\Cache), false)
 4 FCPATH\index.php(67): CodeIgniter\CodeIgniter->run()
 5 SYSTEMPATH\Commands\Server\rewrite.php(47): require_once('FCPATH\\index.php')
CRITICAL - 2023-03-11 09:54:47 --> Call to a member function get() on array
in APPPATH\Controllers\Admin\Home.php on line 467.
 1 SYSTEMPATH\CodeIgniter.php(934): App\Controllers\Admin\Home->index()
 2 SYSTEMPATH\CodeIgniter.php(499): CodeIgniter\CodeIgniter->runController(Object(App\Controllers\Admin\Home))
 3 SYSTEMPATH\CodeIgniter.php(368): CodeIgniter\CodeIgniter->handleRequest(null, Object(Config\Cache), false)
 4 FCPATH\index.php(67): CodeIgniter\CodeIgniter->run()
 5 SYSTEMPATH\Commands\Server\rewrite.php(47): require_once('FCPATH\\index.php')
CRITICAL - 2023-03-11 09:55:03 --> Call to a member function countAllResults() on array
in APPPATH\Controllers\Admin\Home.php on line 466.
 1 SYSTEMPATH\CodeIgniter.php(934): App\Controllers\Admin\Home->index()
 2 SYSTEMPATH\CodeIgniter.php(499): CodeIgniter\CodeIgniter->runController(Object(App\Controllers\Admin\Home))
 3 SYSTEMPATH\CodeIgniter.php(368): CodeIgniter\CodeIgniter->handleRequest(null, Object(Config\Cache), false)
 4 FCPATH\index.php(67): CodeIgniter\CodeIgniter->run()
 5 SYSTEMPATH\Commands\Server\rewrite.php(47): require_once('FCPATH\\index.php')
CRITICAL - 2023-03-11 10:30:42 --> Call to undefined method CodeIgniter\Database\MySQLi\Result::countAllResults()
in APPPATH\Controllers\Admin\Home.php on line 466.
 1 SYSTEMPATH\CodeIgniter.php(934): App\Controllers\Admin\Home->index()
 2 SYSTEMPATH\CodeIgniter.php(499): CodeIgniter\CodeIgniter->runController(Object(App\Controllers\Admin\Home))
 3 SYSTEMPATH\CodeIgniter.php(368): CodeIgniter\CodeIgniter->handleRequest(null, Object(Config\Cache), false)
 4 FCPATH\index.php(67): CodeIgniter\CodeIgniter->run()
 5 SYSTEMPATH\Commands\Server\rewrite.php(47): require_once('FCPATH\\index.php')
CRITICAL - 2023-03-11 10:32:23 --> Call to undefined method CodeIgniter\Database\MySQLi\Result::countAllResults()
in APPPATH\Controllers\Admin\Home.php on line 466.
 1 SYSTEMPATH\CodeIgniter.php(934): App\Controllers\Admin\Home->index()
 2 SYSTEMPATH\CodeIgniter.php(499): CodeIgniter\CodeIgniter->runController(Object(App\Controllers\Admin\Home))
 3 SYSTEMPATH\CodeIgniter.php(368): CodeIgniter\CodeIgniter->handleRequest(null, Object(Config\Cache), false)
 4 FCPATH\index.php(67): CodeIgniter\CodeIgniter->run()
 5 SYSTEMPATH\Commands\Server\rewrite.php(47): require_once('FCPATH\\index.php')
CRITICAL - 2023-03-11 10:34:43 --> foreach() argument must be of type array|object, int given
in APPPATH\Controllers\Admin\Home.php on line 468.
 1 APPPATH\Controllers\Admin\Home.php(468): CodeIgniter\Debug\Exceptions->errorHandler(2, 'foreach() argument must be of type array|object, int given', 'APPPATH\\Controllers\\Admin\\Home.php', 468)
 2 SYSTEMPATH\CodeIgniter.php(934): App\Controllers\Admin\Home->index()
 3 SYSTEMPATH\CodeIgniter.php(499): CodeIgniter\CodeIgniter->runController(Object(App\Controllers\Admin\Home))
 4 SYSTEMPATH\CodeIgniter.php(368): CodeIgniter\CodeIgniter->handleRequest(null, Object(Config\Cache), false)
 5 FCPATH\index.php(67): CodeIgniter\CodeIgniter->run()
 6 SYSTEMPATH\Commands\Server\rewrite.php(47): require_once('FCPATH\\index.php')
CRITICAL - 2023-03-11 10:35:10 --> foreach() argument must be of type array|object, int given
in APPPATH\Controllers\Admin\Home.php on line 468.
 1 APPPATH\Controllers\Admin\Home.php(468): CodeIgniter\Debug\Exceptions->errorHandler(2, 'foreach() argument must be of type array|object, int given', 'APPPATH\\Controllers\\Admin\\Home.php', 468)
 2 SYSTEMPATH\CodeIgniter.php(934): App\Controllers\Admin\Home->index()
 3 SYSTEMPATH\CodeIgniter.php(499): CodeIgniter\CodeIgniter->runController(Object(App\Controllers\Admin\Home))
 4 SYSTEMPATH\CodeIgniter.php(368): CodeIgniter\CodeIgniter->handleRequest(null, Object(Config\Cache), false)
 5 FCPATH\index.php(67): CodeIgniter\CodeIgniter->run()
 6 SYSTEMPATH\Commands\Server\rewrite.php(47): require_once('FCPATH\\index.php')
CRITICAL - 2023-03-11 10:52:42 --> Cannot use object of type mysqli as array
in APPPATH\Controllers\Admin\Home.php on line 469.
 1 SYSTEMPATH\CodeIgniter.php(934): App\Controllers\Admin\Home->index()
 2 SYSTEMPATH\CodeIgniter.php(499): CodeIgniter\CodeIgniter->runController(Object(App\Controllers\Admin\Home))
 3 SYSTEMPATH\CodeIgniter.php(368): CodeIgniter\CodeIgniter->handleRequest(null, Object(Config\Cache), false)
 4 FCPATH\index.php(67): CodeIgniter\CodeIgniter->run()
 5 SYSTEMPATH\Commands\Server\rewrite.php(47): require_once('FCPATH\\index.php')
CRITICAL - 2023-03-11 10:53:15 --> Cannot use object of type mysqli as array
in APPPATH\Controllers\Admin\Home.php on line 469.
 1 SYSTEMPATH\CodeIgniter.php(934): App\Controllers\Admin\Home->index()
 2 SYSTEMPATH\CodeIgniter.php(499): CodeIgniter\CodeIgniter->runController(Object(App\Controllers\Admin\Home))
 3 SYSTEMPATH\CodeIgniter.php(368): CodeIgniter\CodeIgniter->handleRequest(null, Object(Config\Cache), false)
 4 FCPATH\index.php(67): CodeIgniter\CodeIgniter->run()
 5 SYSTEMPATH\Commands\Server\rewrite.php(47): require_once('FCPATH\\index.php')
