CRITICAL - 2023-01-10 09:53:46 --> Undefined variable $id
in APPPATH\Controllers\Admin\Transaksi.php on line 148.
 1 APPPATH\Controllers\Admin\Transaksi.php(148): CodeIgniter\Debug\Exceptions->errorHandler(2, 'Undefined variable $id', 'APPPATH\\Controllers\\Admin\\Transaksi.php', 148)
 2 SYSTEMPATH\CodeIgniter.php(925): App\Controllers\Admin\Transaksi->printdetail('3')
 3 SYSTEMPATH\CodeIgniter.php(480): CodeIgniter\CodeIgniter->runController(Object(App\Controllers\Admin\Transaksi))
 4 SYSTEMPATH\CodeIgniter.php(349): CodeIgniter\CodeIgniter->handleRequest(null, Object(Config\Cache), false)
 5 FCPATH\index.php(67): CodeIgniter\CodeIgniter->run()
 6 SYSTEMPATH\Commands\Server\rewrite.php(47): require_once('FCPATH\\index.php')
CRITICAL - 2023-01-10 09:54:26 --> Invalid file: admin/transaksi/detail/print.php
in SYSTEMPATH\Exceptions\FrameworkException.php on line 33.
 1 SYSTEMPATH\View\View.php(201): CodeIgniter\Exceptions\FrameworkException::forInvalidFile('admin/transaksi/detail/print.php')
 2 SYSTEMPATH\Common.php(1135): CodeIgniter\View\View->render('admin/transaksi/detail/print', [], true)
 3 APPPATH\Controllers\Admin\Transaksi.php(151): view('admin/transaksi/detail/print', [...])
 4 SYSTEMPATH\CodeIgniter.php(925): App\Controllers\Admin\Transaksi->printdetail('3')
 5 SYSTEMPATH\CodeIgniter.php(480): CodeIgniter\CodeIgniter->runController(Object(App\Controllers\Admin\Transaksi))
 6 SYSTEMPATH\CodeIgniter.php(349): CodeIgniter\CodeIgniter->handleRequest(null, Object(Config\Cache), false)
 7 FCPATH\index.php(67): CodeIgniter\CodeIgniter->run()
 8 SYSTEMPATH\Commands\Server\rewrite.php(47): require_once('FCPATH\\index.php')
ERROR - 2023-01-10 10:01:49 --> Error connecting to the database: mysqli_sql_exception: No connection could be made because the target machine actively refused it in C:\xampp\htdocs\skripsi\TokoMJSport\vendor\codeigniter4\framework\system\Database\MySQLi\Connection.php:171
Stack trace:
#0 C:\xampp\htdocs\skripsi\TokoMJSport\vendor\codeigniter4\framework\system\Database\MySQLi\Connection.php(171): mysqli->real_connect('localhost', 'root', '', 'tokomj', 3306, '', 0)
#1 C:\xampp\htdocs\skripsi\TokoMJSport\vendor\codeigniter4\framework\system\Database\BaseConnection.php(382): CodeIgniter\Database\MySQLi\Connection->connect(false)
#2 C:\xampp\htdocs\skripsi\TokoMJSport\vendor\codeigniter4\framework\system\Database\BaseConnection.php(561): CodeIgniter\Database\BaseConnection->initialize()
#3 C:\xampp\htdocs\skripsi\TokoMJSport\vendor\codeigniter4\framework\system\Database\BaseBuilder.php(1585): CodeIgniter\Database\BaseConnection->query('SELECT *\nFROM `...', Array, false)
#4 C:\xampp\htdocs\skripsi\TokoMJSport\vendor\codeigniter4\framework\system\Model.php(199): CodeIgniter\Database\BaseBuilder->get()
#5 C:\xampp\htdocs\skripsi\TokoMJSport\vendor\codeigniter4\framework\system\BaseModel.php(525): CodeIgniter\Model->doFind(true, '1')
#6 C:\xampp\htdocs\skripsi\TokoMJSport\vendor\myth\auth\src\Authentication\AuthenticationBase.php(130): CodeIgniter\BaseModel->find('1')
#7 C:\xampp\htdocs\skripsi\TokoMJSport\vendor\myth\auth\src\Authentication\LocalAuthenticator.php(67): Myth\Auth\Authentication\AuthenticationBase->isLoggedIn()
#8 C:\xampp\htdocs\skripsi\TokoMJSport\vendor\myth\auth\src\Controllers\AuthController.php(107): Myth\Auth\Authentication\LocalAuthenticator->check()
#9 C:\xampp\htdocs\skripsi\TokoMJSport\vendor\codeigniter4\framework\system\CodeIgniter.php(925): Myth\Auth\Controllers\AuthController->logout()
#10 C:\xampp\htdocs\skripsi\TokoMJSport\vendor\codeigniter4\framework\system\CodeIgniter.php(480): CodeIgniter\CodeIgniter->runController(Object(Myth\Auth\Controllers\AuthController))
#11 C:\xampp\htdocs\skripsi\TokoMJSport\vendor\codeigniter4\framework\system\CodeIgniter.php(349): CodeIgniter\CodeIgniter->handleRequest(NULL, Object(Config\Cache), false)
#12 C:\xampp\htdocs\skripsi\TokoMJSport\public\index.php(67): CodeIgniter\CodeIgniter->run()
#13 C:\xampp\htdocs\skripsi\TokoMJSport\vendor\codeigniter4\framework\system\Commands\Server\rewrite.php(47): require_once('C:\\xampp\\htdocs...')
#14 {main}

Next CodeIgniter\Database\Exceptions\DatabaseException: No connection could be made because the target machine actively refused it in C:\xampp\htdocs\skripsi\TokoMJSport\vendor\codeigniter4\framework\system\Database\MySQLi\Connection.php:215
Stack trace:
#0 C:\xampp\htdocs\skripsi\TokoMJSport\vendor\codeigniter4\framework\system\Database\BaseConnection.php(382): CodeIgniter\Database\MySQLi\Connection->connect(false)
#1 C:\xampp\htdocs\skripsi\TokoMJSport\vendor\codeigniter4\framework\system\Database\BaseConnection.php(561): CodeIgniter\Database\BaseConnection->initialize()
#2 C:\xampp\htdocs\skripsi\TokoMJSport\vendor\codeigniter4\framework\system\Database\BaseBuilder.php(1585): CodeIgniter\Database\BaseConnection->query('SELECT *\nFROM `...', Array, false)
#3 C:\xampp\htdocs\skripsi\TokoMJSport\vendor\codeigniter4\framework\system\Model.php(199): CodeIgniter\Database\BaseBuilder->get()
#4 C:\xampp\htdocs\skripsi\TokoMJSport\vendor\codeigniter4\framework\system\BaseModel.php(525): CodeIgniter\Model->doFind(true, '1')
#5 C:\xampp\htdocs\skripsi\TokoMJSport\vendor\myth\auth\src\Authentication\AuthenticationBase.php(130): CodeIgniter\BaseModel->find('1')
#6 C:\xampp\htdocs\skripsi\TokoMJSport\vendor\myth\auth\src\Authentication\LocalAuthenticator.php(67): Myth\Auth\Authentication\AuthenticationBase->isLoggedIn()
#7 C:\xampp\htdocs\skripsi\TokoMJSport\vendor\myth\auth\src\Controllers\AuthController.php(107): Myth\Auth\Authentication\LocalAuthenticator->check()
#8 C:\xampp\htdocs\skripsi\TokoMJSport\vendor\codeigniter4\framework\system\CodeIgniter.php(925): Myth\Auth\Controllers\AuthController->logout()
#9 C:\xampp\htdocs\skripsi\TokoMJSport\vendor\codeigniter4\framework\system\CodeIgniter.php(480): CodeIgniter\CodeIgniter->runController(Object(Myth\Auth\Controllers\AuthController))
#10 C:\xampp\htdocs\skripsi\TokoMJSport\vendor\codeigniter4\framework\system\CodeIgniter.php(349): CodeIgniter\CodeIgniter->handleRequest(NULL, Object(Config\Cache), false)
#11 C:\xampp\htdocs\skripsi\TokoMJSport\public\index.php(67): CodeIgniter\CodeIgniter->run()
#12 C:\xampp\htdocs\skripsi\TokoMJSport\vendor\codeigniter4\framework\system\Commands\Server\rewrite.php(47): require_once('C:\\xampp\\htdocs...')
#13 {main}
CRITICAL - 2023-01-10 10:01:49 --> Unable to connect to the database.
Main connection [MySQLi]: No connection could be made because the target machine actively refused it
in SYSTEMPATH\Database\BaseConnection.php on line 418.
 1 SYSTEMPATH\Database\BaseConnection.php(561): CodeIgniter\Database\BaseConnection->initialize()
 2 SYSTEMPATH\Database\BaseBuilder.php(1585): CodeIgniter\Database\BaseConnection->query('SELECT *
FROM `users`
WHERE `users`.`deleted_at` IS NULL
AND `users`.`id` = :users.id:', [...], false)
 3 SYSTEMPATH\Model.php(199): CodeIgniter\Database\BaseBuilder->get()
 4 SYSTEMPATH\BaseModel.php(525): CodeIgniter\Model->doFind(true, '1')
 5 VENDORPATH\myth\auth\src\Authentication\AuthenticationBase.php(130): CodeIgniter\BaseModel->find('1')
 6 VENDORPATH\myth\auth\src\Authentication\LocalAuthenticator.php(67): Myth\Auth\Authentication\AuthenticationBase->isLoggedIn()
 7 VENDORPATH\myth\auth\src\Controllers\AuthController.php(107): Myth\Auth\Authentication\LocalAuthenticator->check()
 8 SYSTEMPATH\CodeIgniter.php(925): Myth\Auth\Controllers\AuthController->logout()
 9 SYSTEMPATH\CodeIgniter.php(480): CodeIgniter\CodeIgniter->runController(Object(Myth\Auth\Controllers\AuthController))
10 SYSTEMPATH\CodeIgniter.php(349): CodeIgniter\CodeIgniter->handleRequest(null, Object(Config\Cache), false)
11 FCPATH\index.php(67): CodeIgniter\CodeIgniter->run()
12 SYSTEMPATH\Commands\Server\rewrite.php(47): require_once('FCPATH\\index.php')
ERROR - 2023-01-10 11:03:36 --> mysqli_sql_exception: Too big precision 100 specified for 'tgl_konfirmasi'. Maximum is 6 in C:\xampp\htdocs\MJ\vendor\codeigniter4\framework\system\Database\MySQLi\Connection.php:292
Stack trace:
#0 C:\xampp\htdocs\MJ\vendor\codeigniter4\framework\system\Database\MySQLi\Connection.php(292): mysqli->query('ALTER TABLE `tr...', 0)
#1 C:\xampp\htdocs\MJ\vendor\codeigniter4\framework\system\Database\BaseConnection.php(666): CodeIgniter\Database\MySQLi\Connection->execute('ALTER TABLE `tr...')
#2 C:\xampp\htdocs\MJ\vendor\codeigniter4\framework\system\Database\BaseConnection.php(593): CodeIgniter\Database\BaseConnection->simpleQuery('ALTER TABLE `tr...')
#3 C:\xampp\htdocs\MJ\vendor\codeigniter4\framework\system\Database\Forge.php(708): CodeIgniter\Database\BaseConnection->query('ALTER TABLE `tr...')
#4 C:\xampp\htdocs\MJ\app\Database\Migrations\2023-01-10-040002_AddKonfirmasiTransaksi.php(13): CodeIgniter\Database\Forge->addColumn('transaksi', Array)
#5 C:\xampp\htdocs\MJ\vendor\codeigniter4\framework\system\Database\MigrationRunner.php(869): App\Database\Migrations\AddKonfirmasiTransaksi->up()
#6 C:\xampp\htdocs\MJ\vendor\codeigniter4\framework\system\Database\MigrationRunner.php(188): CodeIgniter\Database\MigrationRunner->migrate('up', Object(stdClass))
#7 C:\xampp\htdocs\MJ\vendor\codeigniter4\framework\system\Commands\Database\Migrate.php(84): CodeIgniter\Database\MigrationRunner->latest(NULL)
#8 C:\xampp\htdocs\MJ\vendor\codeigniter4\framework\system\CLI\Commands.php(63): CodeIgniter\Commands\Database\Migrate->run(Array)
#9 C:\xampp\htdocs\MJ\vendor\codeigniter4\framework\system\CLI\CommandRunner.php(65): CodeIgniter\CLI\Commands->run('migrate', Array)
#10 C:\xampp\htdocs\MJ\vendor\codeigniter4\framework\system\CLI\CommandRunner.php(51): CodeIgniter\CLI\CommandRunner->index(Array)
#11 C:\xampp\htdocs\MJ\vendor\codeigniter4\framework\system\CodeIgniter.php(918): CodeIgniter\CLI\CommandRunner->_remap('index', Array)
#12 C:\xampp\htdocs\MJ\vendor\codeigniter4\framework\system\CodeIgniter.php(480): CodeIgniter\CodeIgniter->runController(Object(CodeIgniter\CLI\CommandRunner))
#13 C:\xampp\htdocs\MJ\vendor\codeigniter4\framework\system\CodeIgniter.php(345): CodeIgniter\CodeIgniter->handleRequest(NULL, Object(Config\Cache), false)
#14 C:\xampp\htdocs\MJ\vendor\codeigniter4\framework\system\CLI\Console.php(48): CodeIgniter\CodeIgniter->run()
#15 C:\xampp\htdocs\MJ\spark(98): CodeIgniter\CLI\Console->run()
#16 {main}
CRITICAL - 2023-01-10 13:17:52 --> Invalid file: konfirmasi/index.php
in SYSTEMPATH\Exceptions\FrameworkException.php on line 33.
 1 SYSTEMPATH\View\View.php(201): CodeIgniter\Exceptions\FrameworkException::forInvalidFile('konfirmasi/index.php')
 2 SYSTEMPATH\Common.php(1135): CodeIgniter\View\View->render('konfirmasi/index', [], true)
 3 APPPATH\Controllers\Transaksi.php(119): view('konfirmasi/index', [...])
 4 SYSTEMPATH\CodeIgniter.php(925): App\Controllers\Transaksi->konfirmasi('13')
 5 SYSTEMPATH\CodeIgniter.php(480): CodeIgniter\CodeIgniter->runController(Object(App\Controllers\Transaksi))
 6 SYSTEMPATH\CodeIgniter.php(349): CodeIgniter\CodeIgniter->handleRequest(null, Object(Config\Cache), false)
 7 FCPATH\index.php(67): CodeIgniter\CodeIgniter->run()
 8 SYSTEMPATH\Commands\Server\rewrite.php(47): require_once('FCPATH\\index.php')
CRITICAL - 2023-01-10 13:18:40 --> Invalid file: konfirmasi/index.php
in SYSTEMPATH\Exceptions\FrameworkException.php on line 33.
 1 SYSTEMPATH\View\View.php(201): CodeIgniter\Exceptions\FrameworkException::forInvalidFile('konfirmasi/index.php')
 2 SYSTEMPATH\Common.php(1135): CodeIgniter\View\View->render('konfirmasi/index', [], true)
 3 APPPATH\Controllers\Transaksi.php(119): view('konfirmasi/index', [...])
 4 SYSTEMPATH\CodeIgniter.php(925): App\Controllers\Transaksi->konfirmasi('13')
 5 SYSTEMPATH\CodeIgniter.php(480): CodeIgniter\CodeIgniter->runController(Object(App\Controllers\Transaksi))
 6 SYSTEMPATH\CodeIgniter.php(349): CodeIgniter\CodeIgniter->handleRequest(null, Object(Config\Cache), false)
 7 FCPATH\index.php(67): CodeIgniter\CodeIgniter->run()
 8 SYSTEMPATH\Commands\Server\rewrite.php(47): require_once('FCPATH\\index.php')
CRITICAL - 2023-01-10 13:21:26 --> There is no data to update.
in SYSTEMPATH\BaseModel.php on line 868.
 1 SYSTEMPATH\BaseModel.php(868): CodeIgniter\Database\Exceptions\DataException::forEmptyDataset('update')
 2 SYSTEMPATH\Model.php(721): CodeIgniter\BaseModel->update([...], [])
 3 APPPATH\Controllers\Transaksi.php(156): CodeIgniter\Model->update('13', [...])
 4 SYSTEMPATH\CodeIgniter.php(925): App\Controllers\Transaksi->save_konfirmasi()
 5 SYSTEMPATH\CodeIgniter.php(480): CodeIgniter\CodeIgniter->runController(Object(App\Controllers\Transaksi))
 6 SYSTEMPATH\CodeIgniter.php(349): CodeIgniter\CodeIgniter->handleRequest(null, Object(Config\Cache), false)
 7 FCPATH\index.php(67): CodeIgniter\CodeIgniter->run()
 8 SYSTEMPATH\Commands\Server\rewrite.php(47): require_once('FCPATH\\index.php')
CRITICAL - 2023-01-10 13:38:42 --> Undefined variable: konfirmasi
in APPPATH\Views\admin\transaksi\konfirmasi.php on line 55.
 1 APPPATH\Views\admin\transaksi\konfirmasi.php(55): CodeIgniter\Debug\Exceptions->errorHandler(8, 'Undefined variable: konfirmasi', 'APPPATH\\Views\\admin\\transaksi\\konfirmasi.php', 55, [...])
 2 SYSTEMPATH\View\View.php(213): include('APPPATH\\Views\\admin\\transaksi\\konfirmasi.php')
 3 SYSTEMPATH\View\View.php(216): CodeIgniter\View\View->CodeIgniter\View\{closure}()
 4 SYSTEMPATH\Common.php(1135): CodeIgniter\View\View->render('admin/transaksi/konfirmasi', [], true)
 5 APPPATH\Controllers\Admin\Transaksi.php(103): view('admin/transaksi/konfirmasi', [...])
 6 SYSTEMPATH\CodeIgniter.php(925): App\Controllers\Admin\Transaksi->konfirmasi('13')
 7 SYSTEMPATH\CodeIgniter.php(480): CodeIgniter\CodeIgniter->runController(Object(App\Controllers\Admin\Transaksi))
 8 SYSTEMPATH\CodeIgniter.php(349): CodeIgniter\CodeIgniter->handleRequest(null, Object(Config\Cache), false)
 9 FCPATH\index.php(67): CodeIgniter\CodeIgniter->run()
10 SYSTEMPATH\Commands\Server\rewrite.php(47): require_once('FCPATH\\index.php')
CRITICAL - 2023-01-10 13:40:44 --> Undefined variable: konfirmasi
in APPPATH\Views\admin\transaksi\konfirmasi.php on line 55.
 1 APPPATH\Views\admin\transaksi\konfirmasi.php(55): CodeIgniter\Debug\Exceptions->errorHandler(8, 'Undefined variable: konfirmasi', 'APPPATH\\Views\\admin\\transaksi\\konfirmasi.php', 55, [...])
 2 SYSTEMPATH\View\View.php(213): include('APPPATH\\Views\\admin\\transaksi\\konfirmasi.php')
 3 SYSTEMPATH\View\View.php(216): CodeIgniter\View\View->CodeIgniter\View\{closure}()
 4 SYSTEMPATH\Common.php(1135): CodeIgniter\View\View->render('admin/transaksi/konfirmasi', [], true)
 5 APPPATH\Controllers\Admin\Transaksi.php(103): view('admin/transaksi/konfirmasi', [...])
 6 SYSTEMPATH\CodeIgniter.php(925): App\Controllers\Admin\Transaksi->konfirmasi('13')
 7 SYSTEMPATH\CodeIgniter.php(480): CodeIgniter\CodeIgniter->runController(Object(App\Controllers\Admin\Transaksi))
 8 SYSTEMPATH\CodeIgniter.php(349): CodeIgniter\CodeIgniter->handleRequest(null, Object(Config\Cache), false)
 9 FCPATH\index.php(67): CodeIgniter\CodeIgniter->run()
10 SYSTEMPATH\Commands\Server\rewrite.php(47): require_once('FCPATH\\index.php')
CRITICAL - 2023-01-10 13:42:38 --> Trying to access array offset on value of type null
in APPPATH\Views\admin\transaksi\konfirmasi.php on line 55.
 1 APPPATH\Views\admin\transaksi\konfirmasi.php(55): CodeIgniter\Debug\Exceptions->errorHandler(8, 'Trying to access array offset on value of type null', 'APPPATH\\Views\\admin\\transaksi\\konfirmasi.php', 55, [...])
 2 SYSTEMPATH\View\View.php(213): include('APPPATH\\Views\\admin\\transaksi\\konfirmasi.php')
 3 SYSTEMPATH\View\View.php(216): CodeIgniter\View\View->CodeIgniter\View\{closure}()
 4 SYSTEMPATH\Common.php(1135): CodeIgniter\View\View->render('admin/transaksi/konfirmasi', [], true)
 5 APPPATH\Controllers\Admin\Transaksi.php(103): view('admin/transaksi/konfirmasi', [...])
 6 SYSTEMPATH\CodeIgniter.php(925): App\Controllers\Admin\Transaksi->konfirmasi('13')
 7 SYSTEMPATH\CodeIgniter.php(480): CodeIgniter\CodeIgniter->runController(Object(App\Controllers\Admin\Transaksi))
 8 SYSTEMPATH\CodeIgniter.php(349): CodeIgniter\CodeIgniter->handleRequest(null, Object(Config\Cache), false)
 9 FCPATH\index.php(67): CodeIgniter\CodeIgniter->run()
10 SYSTEMPATH\Commands\Server\rewrite.php(47): require_once('FCPATH\\index.php')
CRITICAL - 2023-01-10 13:49:07 --> Trying to access array offset on value of type null
in APPPATH\Views\admin\transaksi\konfirmasi.php on line 59.
 1 APPPATH\Views\admin\transaksi\konfirmasi.php(59): CodeIgniter\Debug\Exceptions->errorHandler(8, 'Trying to access array offset on value of type null', 'APPPATH\\Views\\admin\\transaksi\\konfirmasi.php', 59, [...])
 2 SYSTEMPATH\View\View.php(213): include('APPPATH\\Views\\admin\\transaksi\\konfirmasi.php')
 3 SYSTEMPATH\View\View.php(216): CodeIgniter\View\View->CodeIgniter\View\{closure}()
 4 SYSTEMPATH\Common.php(1135): CodeIgniter\View\View->render('admin/transaksi/konfirmasi', [], true)
 5 APPPATH\Controllers\Admin\Transaksi.php(103): view('admin/transaksi/konfirmasi', [...])
 6 SYSTEMPATH\CodeIgniter.php(925): App\Controllers\Admin\Transaksi->konfirmasi('13')
 7 SYSTEMPATH\CodeIgniter.php(480): CodeIgniter\CodeIgniter->runController(Object(App\Controllers\Admin\Transaksi))
 8 SYSTEMPATH\CodeIgniter.php(349): CodeIgniter\CodeIgniter->handleRequest(null, Object(Config\Cache), false)
 9 FCPATH\index.php(67): CodeIgniter\CodeIgniter->run()
10 SYSTEMPATH\Commands\Server\rewrite.php(47): require_once('FCPATH\\index.php')
CRITICAL - 2023-01-10 13:49:48 --> Undefined variable: konfirmasi
in APPPATH\Views\admin\transaksi\konfirmasi.php on line 95.
 1 APPPATH\Views\admin\transaksi\konfirmasi.php(95): CodeIgniter\Debug\Exceptions->errorHandler(8, 'Undefined variable: konfirmasi', 'APPPATH\\Views\\admin\\transaksi\\konfirmasi.php', 95, [...])
 2 SYSTEMPATH\View\View.php(213): include('APPPATH\\Views\\admin\\transaksi\\konfirmasi.php')
 3 SYSTEMPATH\View\View.php(216): CodeIgniter\View\View->CodeIgniter\View\{closure}()
 4 SYSTEMPATH\Common.php(1135): CodeIgniter\View\View->render('admin/transaksi/konfirmasi', [], true)
 5 APPPATH\Controllers\Admin\Transaksi.php(103): view('admin/transaksi/konfirmasi', [...])
 6 SYSTEMPATH\CodeIgniter.php(925): App\Controllers\Admin\Transaksi->konfirmasi('13')
 7 SYSTEMPATH\CodeIgniter.php(480): CodeIgniter\CodeIgniter->runController(Object(App\Controllers\Admin\Transaksi))
 8 SYSTEMPATH\CodeIgniter.php(349): CodeIgniter\CodeIgniter->handleRequest(null, Object(Config\Cache), false)
 9 FCPATH\index.php(67): CodeIgniter\CodeIgniter->run()
10 SYSTEMPATH\Commands\Server\rewrite.php(47): require_once('FCPATH\\index.php')
CRITICAL - 2023-01-10 14:48:50 --> syntax error, unexpected ''tahun'' (T_CONSTANT_ENCAPSED_STRING), expecting ']'
in APPPATH\Controllers\Admin\Transaksi.php on line 24.
 1 SYSTEMPATH\Autoloader\Autoloader.php(260): CodeIgniter\Autoloader\Autoloader->includeFile('APPPATH\\Controllers\\Admin\\Transaksi.php')
 2 SYSTEMPATH\Autoloader\Autoloader.php(238): CodeIgniter\Autoloader\Autoloader->loadInNamespace('App\\Controllers\\Admin\\transaksi')
 3 [internal function]: CodeIgniter\Autoloader\Autoloader->loadClass('App\\Controllers\\Admin\\transaksi')
 4 [internal function]: spl_autoload_call('App\\Controllers\\Admin\\transaksi')
 5 SYSTEMPATH\CodeIgniter.php(875): class_exists('\\App\\Controllers\\Admin\\transaksi', true)
 6 SYSTEMPATH\CodeIgniter.php(467): CodeIgniter\CodeIgniter->startController()
 7 SYSTEMPATH\CodeIgniter.php(349): CodeIgniter\CodeIgniter->handleRequest(null, Object(Config\Cache), false)
 8 FCPATH\index.php(67): CodeIgniter\CodeIgniter->run()
 9 SYSTEMPATH\Commands\Server\rewrite.php(47): require_once('FCPATH\\index.php')
CRITICAL - 2023-01-10 15:17:47 --> Undefined variable: transaksi
in APPPATH\Controllers\Admin\Transaksi.php on line 140.
 1 APPPATH\Controllers\Admin\Transaksi.php(140): CodeIgniter\Debug\Exceptions->errorHandler(8, 'Undefined variable: transaksi', 'APPPATH\\Controllers\\Admin\\Transaksi.php', 140, [...])
 2 SYSTEMPATH\CodeIgniter.php(925): App\Controllers\Admin\Transaksi->proses()
 3 SYSTEMPATH\CodeIgniter.php(480): CodeIgniter\CodeIgniter->runController(Object(App\Controllers\Admin\Transaksi))
 4 SYSTEMPATH\CodeIgniter.php(349): CodeIgniter\CodeIgniter->handleRequest(null, Object(Config\Cache), false)
 5 FCPATH\index.php(67): CodeIgniter\CodeIgniter->run()
 6 SYSTEMPATH\Commands\Server\rewrite.php(47): require_once('FCPATH\\index.php')
CRITICAL - 2023-01-10 15:18:27 --> Undefined variable: transaksi
in APPPATH\Controllers\Admin\Transaksi.php on line 140.
 1 APPPATH\Controllers\Admin\Transaksi.php(140): CodeIgniter\Debug\Exceptions->errorHandler(8, 'Undefined variable: transaksi', 'APPPATH\\Controllers\\Admin\\Transaksi.php', 140, [...])
 2 SYSTEMPATH\CodeIgniter.php(925): App\Controllers\Admin\Transaksi->proses()
 3 SYSTEMPATH\CodeIgniter.php(480): CodeIgniter\CodeIgniter->runController(Object(App\Controllers\Admin\Transaksi))
 4 SYSTEMPATH\CodeIgniter.php(349): CodeIgniter\CodeIgniter->handleRequest(null, Object(Config\Cache), false)
 5 FCPATH\index.php(67): CodeIgniter\CodeIgniter->run()
 6 SYSTEMPATH\Commands\Server\rewrite.php(47): require_once('FCPATH\\index.php')
CRITICAL - 2023-01-10 15:36:47 --> Undefined variable: transaksi
in APPPATH\Views\admin\transaksi\export-pdf.php on line 30.
 1 APPPATH\Views\admin\transaksi\export-pdf.php(30): CodeIgniter\Debug\Exceptions->errorHandler(8, 'Undefined variable: transaksi', 'APPPATH\\Views\\admin\\transaksi\\export-pdf.php', 30, [...])
 2 SYSTEMPATH\View\View.php(213): include('APPPATH\\Views\\admin\\transaksi\\export-pdf.php')
 3 SYSTEMPATH\View\View.php(216): CodeIgniter\View\View->CodeIgniter\View\{closure}()
 4 SYSTEMPATH\Common.php(1135): CodeIgniter\View\View->render('admin/transaksi/export-pdf', [], true)
 5 APPPATH\Controllers\Admin\Transaksi.php(145): view('admin/transaksi/export-pdf', [...])
 6 SYSTEMPATH\CodeIgniter.php(925): App\Controllers\Admin\Transaksi->proses()
 7 SYSTEMPATH\CodeIgniter.php(480): CodeIgniter\CodeIgniter->runController(Object(App\Controllers\Admin\Transaksi))
 8 SYSTEMPATH\CodeIgniter.php(349): CodeIgniter\CodeIgniter->handleRequest(null, Object(Config\Cache), false)
 9 FCPATH\index.php(67): CodeIgniter\CodeIgniter->run()
10 SYSTEMPATH\Commands\Server\rewrite.php(47): require_once('FCPATH\\index.php')
CRITICAL - 2023-01-10 16:33:18 --> syntax error, unexpected '->' (T_OBJECT_OPERATOR)
in APPPATH\Controllers\Admin\Transaksi.php on line 182.
 1 SYSTEMPATH\Autoloader\Autoloader.php(260): CodeIgniter\Autoloader\Autoloader->includeFile('APPPATH\\Controllers\\Admin\\Transaksi.php')
 2 SYSTEMPATH\Autoloader\Autoloader.php(238): CodeIgniter\Autoloader\Autoloader->loadInNamespace('App\\Controllers\\Admin\\transaksi')
 3 [internal function]: CodeIgniter\Autoloader\Autoloader->loadClass('App\\Controllers\\Admin\\transaksi')
 4 [internal function]: spl_autoload_call('App\\Controllers\\Admin\\transaksi')
 5 SYSTEMPATH\CodeIgniter.php(875): class_exists('\\App\\Controllers\\Admin\\transaksi', true)
 6 SYSTEMPATH\CodeIgniter.php(467): CodeIgniter\CodeIgniter->startController()
 7 SYSTEMPATH\CodeIgniter.php(349): CodeIgniter\CodeIgniter->handleRequest(null, Object(Config\Cache), false)
 8 FCPATH\index.php(67): CodeIgniter\CodeIgniter->run()
 9 SYSTEMPATH\Commands\Server\rewrite.php(47): require_once('FCPATH\\index.php')
CRITICAL - 2023-01-10 16:52:22 --> Call to undefined method PhpOffice\PhpSpreadsheet\Spreadsheet::setCellValue()
in APPPATH\Controllers\Admin\Transaksi.php on line 178.
 1 SYSTEMPATH\CodeIgniter.php(925): App\Controllers\Admin\Transaksi->proses()
 2 SYSTEMPATH\CodeIgniter.php(480): CodeIgniter\CodeIgniter->runController(Object(App\Controllers\Admin\Transaksi))
 3 SYSTEMPATH\CodeIgniter.php(349): CodeIgniter\CodeIgniter->handleRequest(null, Object(Config\Cache), false)
 4 FCPATH\index.php(67): CodeIgniter\CodeIgniter->run()
 5 SYSTEMPATH\Commands\Server\rewrite.php(47): require_once('FCPATH\\index.php')
CRITICAL - 2023-01-10 16:53:02 --> syntax error, unexpected 'setCellValue' (T_STRING)
in APPPATH\Controllers\Admin\Transaksi.php on line 179.
 1 SYSTEMPATH\Autoloader\Autoloader.php(260): CodeIgniter\Autoloader\Autoloader->includeFile('APPPATH\\Controllers\\Admin\\Transaksi.php')
 2 SYSTEMPATH\Autoloader\Autoloader.php(238): CodeIgniter\Autoloader\Autoloader->loadInNamespace('App\\Controllers\\Admin\\transaksi')
 3 [internal function]: CodeIgniter\Autoloader\Autoloader->loadClass('App\\Controllers\\Admin\\transaksi')
 4 [internal function]: spl_autoload_call('App\\Controllers\\Admin\\transaksi')
 5 SYSTEMPATH\CodeIgniter.php(875): class_exists('\\App\\Controllers\\Admin\\transaksi', true)
 6 SYSTEMPATH\CodeIgniter.php(467): CodeIgniter\CodeIgniter->startController()
 7 SYSTEMPATH\CodeIgniter.php(349): CodeIgniter\CodeIgniter->handleRequest(null, Object(Config\Cache), false)
 8 FCPATH\index.php(67): CodeIgniter\CodeIgniter->run()
 9 SYSTEMPATH\Commands\Server\rewrite.php(47): require_once('FCPATH\\index.php')
CRITICAL - 2023-01-10 16:53:20 --> You tried to set a sheet active by the out of bounds index: 1. The actual number of sheets is 1.
in VENDORPATH\phpoffice\phpspreadsheet\src\PhpSpreadsheet\Spreadsheet.php on line 813.
 1 APPPATH\Controllers\Admin\Transaksi.php(182): PhpOffice\PhpSpreadsheet\Spreadsheet->setActiveSheetIndex(1)
 2 SYSTEMPATH\CodeIgniter.php(925): App\Controllers\Admin\Transaksi->proses()
 3 SYSTEMPATH\CodeIgniter.php(480): CodeIgniter\CodeIgniter->runController(Object(App\Controllers\Admin\Transaksi))
 4 SYSTEMPATH\CodeIgniter.php(349): CodeIgniter\CodeIgniter->handleRequest(null, Object(Config\Cache), false)
 5 FCPATH\index.php(67): CodeIgniter\CodeIgniter->run()
 6 SYSTEMPATH\Commands\Server\rewrite.php(47): require_once('FCPATH\\index.php')
CRITICAL - 2023-01-10 17:12:40 --> Undefined variable: tahun
in APPPATH\Views\admin\transaksi\index.php on line 86.
 1 APPPATH\Views\admin\transaksi\index.php(86): CodeIgniter\Debug\Exceptions->errorHandler(8, 'Undefined variable: tahun', 'APPPATH\\Views\\admin\\transaksi\\index.php', 86, [...])
 2 SYSTEMPATH\View\View.php(213): include('APPPATH\\Views\\admin\\transaksi\\index.php')
 3 SYSTEMPATH\View\View.php(216): CodeIgniter\View\View->CodeIgniter\View\{closure}()
 4 SYSTEMPATH\Common.php(1135): CodeIgniter\View\View->render('admin/transaksi/index', [], true)
 5 APPPATH\Controllers\Admin\Transaksi.php(229): view('admin/transaksi/index', [...])
 6 SYSTEMPATH\CodeIgniter.php(925): App\Controllers\Admin\Transaksi->cari()
 7 SYSTEMPATH\CodeIgniter.php(480): CodeIgniter\CodeIgniter->runController(Object(App\Controllers\Admin\Transaksi))
 8 SYSTEMPATH\CodeIgniter.php(349): CodeIgniter\CodeIgniter->handleRequest(null, Object(Config\Cache), false)
 9 FCPATH\index.php(67): CodeIgniter\CodeIgniter->run()
10 SYSTEMPATH\Commands\Server\rewrite.php(47): require_once('FCPATH\\index.php')
