CRITICAL - 2023-01-19 05:55:29 --> Undefined array key "nama"
in APPPATH\Views\home\detail.php on line 55.
 1 APPPATH\Views\home\detail.php(55): CodeIgniter\Debug\Exceptions->errorHandler(2, 'Undefined array key "nama"', 'APPPATH\\Views\\home\\detail.php', 55)
 2 SYSTEMPATH\View\View.php(213): include('APPPATH\\Views\\home\\detail.php')
 3 SYSTEMPATH\View\View.php(216): CodeIgniter\View\View->CodeIgniter\View\{closure}()
 4 SYSTEMPATH\Common.php(1135): CodeIgniter\View\View->render('home/detail', [], true)
 5 APPPATH\Controllers\Home.php(36): view('home/detail', [...])
 6 SYSTEMPATH\CodeIgniter.php(925): App\Controllers\Home->detail('jersey-mizuno-motif-1-merah-size-m')
 7 SYSTEMPATH\CodeIgniter.php(480): CodeIgniter\CodeIgniter->runController(Object(App\Controllers\Home))
 8 SYSTEMPATH\CodeIgniter.php(349): CodeIgniter\CodeIgniter->handleRequest(null, Object(Config\Cache), false)
 9 FCPATH\index.php(67): CodeIgniter\CodeIgniter->run()
10 SYSTEMPATH\Commands\Server\rewrite.php(47): require_once('FCPATH\\index.php')
CRITICAL - 2023-01-19 06:00:33 --> Undefined variable $id
in APPPATH\Controllers\Home.php on line 35.
 1 APPPATH\Controllers\Home.php(35): CodeIgniter\Debug\Exceptions->errorHandler(2, 'Undefined variable $id', 'APPPATH\\Controllers\\Home.php', 35)
 2 SYSTEMPATH\CodeIgniter.php(925): App\Controllers\Home->detail('jersey-mizuno-motif-1-merah-size-m')
 3 SYSTEMPATH\CodeIgniter.php(480): CodeIgniter\CodeIgniter->runController(Object(App\Controllers\Home))
 4 SYSTEMPATH\CodeIgniter.php(349): CodeIgniter\CodeIgniter->handleRequest(null, Object(Config\Cache), false)
 5 FCPATH\index.php(67): CodeIgniter\CodeIgniter->run()
 6 SYSTEMPATH\Commands\Server\rewrite.php(47): require_once('FCPATH\\index.php')
CRITICAL - 2023-01-19 06:01:09 --> Undefined array key "nama"
in APPPATH\Views\home\detail.php on line 55.
 1 APPPATH\Views\home\detail.php(55): CodeIgniter\Debug\Exceptions->errorHandler(2, 'Undefined array key "nama"', 'APPPATH\\Views\\home\\detail.php', 55)
 2 SYSTEMPATH\View\View.php(213): include('APPPATH\\Views\\home\\detail.php')
 3 SYSTEMPATH\View\View.php(216): CodeIgniter\View\View->CodeIgniter\View\{closure}()
 4 SYSTEMPATH\Common.php(1135): CodeIgniter\View\View->render('home/detail', [], true)
 5 APPPATH\Controllers\Home.php(37): view('home/detail', [...])
 6 SYSTEMPATH\CodeIgniter.php(925): App\Controllers\Home->detail('jersey-mizuno-motif-1-merah-size-m')
 7 SYSTEMPATH\CodeIgniter.php(480): CodeIgniter\CodeIgniter->runController(Object(App\Controllers\Home))
 8 SYSTEMPATH\CodeIgniter.php(349): CodeIgniter\CodeIgniter->handleRequest(null, Object(Config\Cache), false)
 9 FCPATH\index.php(67): CodeIgniter\CodeIgniter->run()
10 SYSTEMPATH\Commands\Server\rewrite.php(47): require_once('FCPATH\\index.php')
CRITICAL - 2023-01-19 06:02:39 --> Undefined array key "nama"
in APPPATH\Views\home\detail.php on line 55.
 1 APPPATH\Views\home\detail.php(55): CodeIgniter\Debug\Exceptions->errorHandler(2, 'Undefined array key "nama"', 'APPPATH\\Views\\home\\detail.php', 55)
 2 SYSTEMPATH\View\View.php(213): include('APPPATH\\Views\\home\\detail.php')
 3 SYSTEMPATH\View\View.php(216): CodeIgniter\View\View->CodeIgniter\View\{closure}()
 4 SYSTEMPATH\Common.php(1135): CodeIgniter\View\View->render('home/detail', [], true)
 5 APPPATH\Controllers\Home.php(38): view('home/detail', [...])
 6 SYSTEMPATH\CodeIgniter.php(925): App\Controllers\Home->detail('jersey-mizuno-motif-1-merah-size-m')
 7 SYSTEMPATH\CodeIgniter.php(480): CodeIgniter\CodeIgniter->runController(Object(App\Controllers\Home))
 8 SYSTEMPATH\CodeIgniter.php(349): CodeIgniter\CodeIgniter->handleRequest(null, Object(Config\Cache), false)
 9 FCPATH\index.php(67): CodeIgniter\CodeIgniter->run()
10 SYSTEMPATH\Commands\Server\rewrite.php(47): require_once('FCPATH\\index.php')
CRITICAL - 2023-01-19 06:03:07 --> Undefined array key "isi_ulasan"
in APPPATH\Views\home\detail.php on line 58.
 1 APPPATH\Views\home\detail.php(58): CodeIgniter\Debug\Exceptions->errorHandler(2, 'Undefined array key "isi_ulasan"', 'APPPATH\\Views\\home\\detail.php', 58)
 2 SYSTEMPATH\View\View.php(213): include('APPPATH\\Views\\home\\detail.php')
 3 SYSTEMPATH\View\View.php(216): CodeIgniter\View\View->CodeIgniter\View\{closure}()
 4 SYSTEMPATH\Common.php(1135): CodeIgniter\View\View->render('home/detail', [], true)
 5 APPPATH\Controllers\Home.php(38): view('home/detail', [...])
 6 SYSTEMPATH\CodeIgniter.php(925): App\Controllers\Home->detail('jersey-mizuno-motif-1-merah-size-m')
 7 SYSTEMPATH\CodeIgniter.php(480): CodeIgniter\CodeIgniter->runController(Object(App\Controllers\Home))
 8 SYSTEMPATH\CodeIgniter.php(349): CodeIgniter\CodeIgniter->handleRequest(null, Object(Config\Cache), false)
 9 FCPATH\index.php(67): CodeIgniter\CodeIgniter->run()
10 SYSTEMPATH\Commands\Server\rewrite.php(47): require_once('FCPATH\\index.php')
CRITICAL - 2023-01-19 08:06:57 --> Too few arguments to function App\Models\TransaksiDetailModel::getUlasan(), 0 passed in C:\xampp\htdocs\skripsi\Tokomjs\MJ\app\Controllers\Home.php on line 34 and exactly 1 expected
in APPPATH\Models\TransaksiDetailModel.php on line 14.
 1 APPPATH\Controllers\Home.php(34): App\Models\TransaksiDetailModel->getUlasan()
 2 SYSTEMPATH\CodeIgniter.php(925): App\Controllers\Home->detail('jersey-mizuno-motif-1-kuning-size-L')
 3 SYSTEMPATH\CodeIgniter.php(480): CodeIgniter\CodeIgniter->runController(Object(App\Controllers\Home))
 4 SYSTEMPATH\CodeIgniter.php(349): CodeIgniter\CodeIgniter->handleRequest(null, Object(Config\Cache), false)
 5 FCPATH\index.php(67): CodeIgniter\CodeIgniter->run()
 6 SYSTEMPATH\Commands\Server\rewrite.php(47): require_once('FCPATH\\index.php')
CRITICAL - 2023-01-19 08:39:42 --> Undefined array key "id_transaksi"
in APPPATH\Views\admin\pengembalian\index.php on line 76.
 1 APPPATH\Views\admin\pengembalian\index.php(76): CodeIgniter\Debug\Exceptions->errorHandler(2, 'Undefined array key "id_transaksi"', 'APPPATH\\Views\\admin\\pengembalian\\index.php', 76)
 2 SYSTEMPATH\View\View.php(213): include('APPPATH\\Views\\admin\\pengembalian\\index.php')
 3 SYSTEMPATH\View\View.php(216): CodeIgniter\View\View->CodeIgniter\View\{closure}()
 4 SYSTEMPATH\Common.php(1135): CodeIgniter\View\View->render('admin/pengembalian/index', [], true)
 5 APPPATH\Controllers\Admin\Pengembalian.php(23): view('admin/pengembalian/index', [...])
 6 SYSTEMPATH\CodeIgniter.php(925): App\Controllers\Admin\Pengembalian->index()
 7 SYSTEMPATH\CodeIgniter.php(480): CodeIgniter\CodeIgniter->runController(Object(App\Controllers\Admin\Pengembalian))
 8 SYSTEMPATH\CodeIgniter.php(349): CodeIgniter\CodeIgniter->handleRequest(null, Object(Config\Cache), false)
 9 FCPATH\index.php(67): CodeIgniter\CodeIgniter->run()
10 SYSTEMPATH\Commands\Server\rewrite.php(47): require_once('FCPATH\\index.php')
CRITICAL - 2023-01-19 08:40:06 --> Undefined array key "nama"
in APPPATH\Views\admin\pengembalian\index.php on line 77.
 1 APPPATH\Views\admin\pengembalian\index.php(77): CodeIgniter\Debug\Exceptions->errorHandler(2, 'Undefined array key "nama"', 'APPPATH\\Views\\admin\\pengembalian\\index.php', 77)
 2 SYSTEMPATH\View\View.php(213): include('APPPATH\\Views\\admin\\pengembalian\\index.php')
 3 SYSTEMPATH\View\View.php(216): CodeIgniter\View\View->CodeIgniter\View\{closure}()
 4 SYSTEMPATH\Common.php(1135): CodeIgniter\View\View->render('admin/pengembalian/index', [], true)
 5 APPPATH\Controllers\Admin\Pengembalian.php(23): view('admin/pengembalian/index', [...])
 6 SYSTEMPATH\CodeIgniter.php(925): App\Controllers\Admin\Pengembalian->index()
 7 SYSTEMPATH\CodeIgniter.php(480): CodeIgniter\CodeIgniter->runController(Object(App\Controllers\Admin\Pengembalian))
 8 SYSTEMPATH\CodeIgniter.php(349): CodeIgniter\CodeIgniter->handleRequest(null, Object(Config\Cache), false)
 9 FCPATH\index.php(67): CodeIgniter\CodeIgniter->run()
10 SYSTEMPATH\Commands\Server\rewrite.php(47): require_once('FCPATH\\index.php')
CRITICAL - 2023-01-19 08:40:20 --> Undefined array key "telp"
in APPPATH\Views\admin\pengembalian\index.php on line 78.
 1 APPPATH\Views\admin\pengembalian\index.php(78): CodeIgniter\Debug\Exceptions->errorHandler(2, 'Undefined array key "telp"', 'APPPATH\\Views\\admin\\pengembalian\\index.php', 78)
 2 SYSTEMPATH\View\View.php(213): include('APPPATH\\Views\\admin\\pengembalian\\index.php')
 3 SYSTEMPATH\View\View.php(216): CodeIgniter\View\View->CodeIgniter\View\{closure}()
 4 SYSTEMPATH\Common.php(1135): CodeIgniter\View\View->render('admin/pengembalian/index', [], true)
 5 APPPATH\Controllers\Admin\Pengembalian.php(23): view('admin/pengembalian/index', [...])
 6 SYSTEMPATH\CodeIgniter.php(925): App\Controllers\Admin\Pengembalian->index()
 7 SYSTEMPATH\CodeIgniter.php(480): CodeIgniter\CodeIgniter->runController(Object(App\Controllers\Admin\Pengembalian))
 8 SYSTEMPATH\CodeIgniter.php(349): CodeIgniter\CodeIgniter->handleRequest(null, Object(Config\Cache), false)
 9 FCPATH\index.php(67): CodeIgniter\CodeIgniter->run()
10 SYSTEMPATH\Commands\Server\rewrite.php(47): require_once('FCPATH\\index.php')
CRITICAL - 2023-01-19 17:41:22 --> Cannot use object of type stdClass as array
in APPPATH\Views\admin\home\index.php on line 232.
 1 SYSTEMPATH\View\View.php(213): include()
 2 SYSTEMPATH\View\View.php(216): CodeIgniter\View\View->CodeIgniter\View\{closure}()
 3 SYSTEMPATH\Common.php(1135): CodeIgniter\View\View->render('admin/home/index', [], true)
 4 APPPATH\Controllers\Admin\Home.php(43): view('admin/home/index', [...])
 5 SYSTEMPATH\CodeIgniter.php(925): App\Controllers\Admin\Home->index()
 6 SYSTEMPATH\CodeIgniter.php(480): CodeIgniter\CodeIgniter->runController(Object(App\Controllers\Admin\Home))
 7 SYSTEMPATH\CodeIgniter.php(349): CodeIgniter\CodeIgniter->handleRequest(null, Object(Config\Cache), false)
 8 FCPATH\index.php(67): CodeIgniter\CodeIgniter->run()
 9 SYSTEMPATH\Commands\Server\rewrite.php(47): require_once('FCPATH\\index.php')
CRITICAL - 2023-01-19 18:12:50 --> Cannot use object of type stdClass as array
in APPPATH\Views\admin\home\index.php on line 232.
 1 SYSTEMPATH\View\View.php(213): include()
 2 SYSTEMPATH\View\View.php(216): CodeIgniter\View\View->CodeIgniter\View\{closure}()
 3 SYSTEMPATH\Common.php(1135): CodeIgniter\View\View->render('admin/home/index', [], true)
 4 APPPATH\Controllers\Admin\Home.php(43): view('admin/home/index', [...])
 5 SYSTEMPATH\CodeIgniter.php(925): App\Controllers\Admin\Home->index()
 6 SYSTEMPATH\CodeIgniter.php(480): CodeIgniter\CodeIgniter->runController(Object(App\Controllers\Admin\Home))
 7 SYSTEMPATH\CodeIgniter.php(349): CodeIgniter\CodeIgniter->handleRequest(null, Object(Config\Cache), false)
 8 FCPATH\index.php(67): CodeIgniter\CodeIgniter->run()
 9 SYSTEMPATH\Commands\Server\rewrite.php(47): require_once('FCPATH\\index.php')
CRITICAL - 2023-01-19 18:14:20 --> Cannot use object of type stdClass as array
in APPPATH\Views\admin\home\index.php on line 232.
 1 SYSTEMPATH\View\View.php(213): include()
 2 SYSTEMPATH\View\View.php(216): CodeIgniter\View\View->CodeIgniter\View\{closure}()
 3 SYSTEMPATH\Common.php(1135): CodeIgniter\View\View->render('admin/home/index', [], true)
 4 APPPATH\Controllers\Admin\Home.php(43): view('admin/home/index', [...])
 5 SYSTEMPATH\CodeIgniter.php(925): App\Controllers\Admin\Home->index()
 6 SYSTEMPATH\CodeIgniter.php(480): CodeIgniter\CodeIgniter->runController(Object(App\Controllers\Admin\Home))
 7 SYSTEMPATH\CodeIgniter.php(349): CodeIgniter\CodeIgniter->handleRequest(null, Object(Config\Cache), false)
 8 FCPATH\index.php(67): CodeIgniter\CodeIgniter->run()
 9 SYSTEMPATH\Commands\Server\rewrite.php(47): require_once('FCPATH\\index.php')
CRITICAL - 2023-01-19 18:16:30 --> Call to undefined method CodeIgniter\Database\MySQLi\Result::getVAr()
in APPPATH\Controllers\Admin\Home.php on line 40.
 1 SYSTEMPATH\CodeIgniter.php(925): App\Controllers\Admin\Home->index()
 2 SYSTEMPATH\CodeIgniter.php(480): CodeIgniter\CodeIgniter->runController(Object(App\Controllers\Admin\Home))
 3 SYSTEMPATH\CodeIgniter.php(349): CodeIgniter\CodeIgniter->handleRequest(null, Object(Config\Cache), false)
 4 FCPATH\index.php(67): CodeIgniter\CodeIgniter->run()
 5 SYSTEMPATH\Commands\Server\rewrite.php(47): require_once('FCPATH\\index.php')
CRITICAL - 2023-01-19 18:26:43 --> syntax error, unexpected end of file
in APPPATH\Views\admin\home\index.php on line 292.
 1 SYSTEMPATH\View\View.php(216): CodeIgniter\View\View->CodeIgniter\View\{closure}()
 2 SYSTEMPATH\Common.php(1135): CodeIgniter\View\View->render('admin/home/index', [], true)
 3 APPPATH\Controllers\Admin\Home.php(43): view('admin/home/index', [...])
 4 SYSTEMPATH\CodeIgniter.php(925): App\Controllers\Admin\Home->index()
 5 SYSTEMPATH\CodeIgniter.php(480): CodeIgniter\CodeIgniter->runController(Object(App\Controllers\Admin\Home))
 6 SYSTEMPATH\CodeIgniter.php(349): CodeIgniter\CodeIgniter->handleRequest(null, Object(Config\Cache), false)
 7 FCPATH\index.php(67): CodeIgniter\CodeIgniter->run()
 8 SYSTEMPATH\Commands\Server\rewrite.php(47): require_once('FCPATH\\index.php')
CRITICAL - 2023-01-19 18:27:19 --> Undefined variable $row
in APPPATH\Views\admin\home\index.php on line 231.
 1 APPPATH\Views\admin\home\index.php(231): CodeIgniter\Debug\Exceptions->errorHandler(2, 'Undefined variable $row', 'APPPATH\\Views\\admin\\home\\index.php', 231)
 2 SYSTEMPATH\View\View.php(213): include('APPPATH\\Views\\admin\\home\\index.php')
 3 SYSTEMPATH\View\View.php(216): CodeIgniter\View\View->CodeIgniter\View\{closure}()
 4 SYSTEMPATH\Common.php(1135): CodeIgniter\View\View->render('admin/home/index', [], true)
 5 APPPATH\Controllers\Admin\Home.php(43): view('admin/home/index', [...])
 6 SYSTEMPATH\CodeIgniter.php(925): App\Controllers\Admin\Home->index()
 7 SYSTEMPATH\CodeIgniter.php(480): CodeIgniter\CodeIgniter->runController(Object(App\Controllers\Admin\Home))
 8 SYSTEMPATH\CodeIgniter.php(349): CodeIgniter\CodeIgniter->handleRequest(null, Object(Config\Cache), false)
 9 FCPATH\index.php(67): CodeIgniter\CodeIgniter->run()
10 SYSTEMPATH\Commands\Server\rewrite.php(47): require_once('FCPATH\\index.php')
CRITICAL - 2023-01-19 18:27:33 --> Attempt to read property "jumlah" on array
in APPPATH\Views\admin\home\index.php on line 231.
 1 APPPATH\Views\admin\home\index.php(231): CodeIgniter\Debug\Exceptions->errorHandler(2, 'Attempt to read property "jumlah" on array', 'APPPATH\\Views\\admin\\home\\index.php', 231)
 2 SYSTEMPATH\View\View.php(213): include('APPPATH\\Views\\admin\\home\\index.php')
 3 SYSTEMPATH\View\View.php(216): CodeIgniter\View\View->CodeIgniter\View\{closure}()
 4 SYSTEMPATH\Common.php(1135): CodeIgniter\View\View->render('admin/home/index', [], true)
 5 APPPATH\Controllers\Admin\Home.php(43): view('admin/home/index', [...])
 6 SYSTEMPATH\CodeIgniter.php(925): App\Controllers\Admin\Home->index()
 7 SYSTEMPATH\CodeIgniter.php(480): CodeIgniter\CodeIgniter->runController(Object(App\Controllers\Admin\Home))
 8 SYSTEMPATH\CodeIgniter.php(349): CodeIgniter\CodeIgniter->handleRequest(null, Object(Config\Cache), false)
 9 FCPATH\index.php(67): CodeIgniter\CodeIgniter->run()
10 SYSTEMPATH\Commands\Server\rewrite.php(47): require_once('FCPATH\\index.php')
CRITICAL - 2023-01-19 19:36:24 --> Cannot use object of type stdClass as array
in APPPATH\Views\admin\home\index.php on line 228.
 1 SYSTEMPATH\View\View.php(213): include()
 2 SYSTEMPATH\View\View.php(216): CodeIgniter\View\View->CodeIgniter\View\{closure}()
 3 SYSTEMPATH\Common.php(1135): CodeIgniter\View\View->render('admin/home/index', [], true)
 4 APPPATH\Controllers\Admin\Home.php(43): view('admin/home/index', [...])
 5 SYSTEMPATH\CodeIgniter.php(925): App\Controllers\Admin\Home->index()
 6 SYSTEMPATH\CodeIgniter.php(480): CodeIgniter\CodeIgniter->runController(Object(App\Controllers\Admin\Home))
 7 SYSTEMPATH\CodeIgniter.php(349): CodeIgniter\CodeIgniter->handleRequest(null, Object(Config\Cache), false)
 8 FCPATH\index.php(67): CodeIgniter\CodeIgniter->run()
 9 SYSTEMPATH\Commands\Server\rewrite.php(47): require_once('FCPATH\\index.php')
CRITICAL - 2023-01-19 19:37:47 --> Cannot use object of type mysqli as array
in APPPATH\Views\admin\home\index.php on line 228.
 1 SYSTEMPATH\View\View.php(213): include()
 2 SYSTEMPATH\View\View.php(216): CodeIgniter\View\View->CodeIgniter\View\{closure}()
 3 SYSTEMPATH\Common.php(1135): CodeIgniter\View\View->render('admin/home/index', [], true)
 4 APPPATH\Controllers\Admin\Home.php(43): view('admin/home/index', [...])
 5 SYSTEMPATH\CodeIgniter.php(925): App\Controllers\Admin\Home->index()
 6 SYSTEMPATH\CodeIgniter.php(480): CodeIgniter\CodeIgniter->runController(Object(App\Controllers\Admin\Home))
 7 SYSTEMPATH\CodeIgniter.php(349): CodeIgniter\CodeIgniter->handleRequest(null, Object(Config\Cache), false)
 8 FCPATH\index.php(67): CodeIgniter\CodeIgniter->run()
 9 SYSTEMPATH\Commands\Server\rewrite.php(47): require_once('FCPATH\\index.php')
CRITICAL - 2023-01-19 19:48:02 --> Undefined array key "kategori"
in APPPATH\Views\admin\home\index.php on line 232.
 1 APPPATH\Views\admin\home\index.php(232): CodeIgniter\Debug\Exceptions->errorHandler(2, 'Undefined array key "kategori"', 'APPPATH\\Views\\admin\\home\\index.php', 232)
 2 SYSTEMPATH\View\View.php(213): include('APPPATH\\Views\\admin\\home\\index.php')
 3 SYSTEMPATH\View\View.php(216): CodeIgniter\View\View->CodeIgniter\View\{closure}()
 4 SYSTEMPATH\Common.php(1135): CodeIgniter\View\View->render('admin/home/index', [], true)
 5 APPPATH\Controllers\Admin\Home.php(43): view('admin/home/index', [...])
 6 SYSTEMPATH\CodeIgniter.php(925): App\Controllers\Admin\Home->index()
 7 SYSTEMPATH\CodeIgniter.php(480): CodeIgniter\CodeIgniter->runController(Object(App\Controllers\Admin\Home))
 8 SYSTEMPATH\CodeIgniter.php(349): CodeIgniter\CodeIgniter->handleRequest(null, Object(Config\Cache), false)
 9 FCPATH\index.php(67): CodeIgniter\CodeIgniter->run()
10 SYSTEMPATH\Commands\Server\rewrite.php(47): require_once('FCPATH\\index.php')
CRITICAL - 2023-01-19 21:01:43 --> Undefined variable $tahun
in APPPATH\Views\admin\home\index.php on line 189.
 1 APPPATH\Views\admin\home\index.php(189): CodeIgniter\Debug\Exceptions->errorHandler(2, 'Undefined variable $tahun', 'APPPATH\\Views\\admin\\home\\index.php', 189)
 2 SYSTEMPATH\View\View.php(213): include('APPPATH\\Views\\admin\\home\\index.php')
 3 SYSTEMPATH\View\View.php(216): CodeIgniter\View\View->CodeIgniter\View\{closure}()
 4 SYSTEMPATH\Common.php(1135): CodeIgniter\View\View->render('admin/home/index', [], true)
 5 APPPATH\Controllers\Admin\Home.php(44): view('admin/home/index', [...])
 6 SYSTEMPATH\CodeIgniter.php(925): App\Controllers\Admin\Home->index()
 7 SYSTEMPATH\CodeIgniter.php(480): CodeIgniter\CodeIgniter->runController(Object(App\Controllers\Admin\Home))
 8 SYSTEMPATH\CodeIgniter.php(349): CodeIgniter\CodeIgniter->handleRequest(null, Object(Config\Cache), false)
 9 FCPATH\index.php(67): CodeIgniter\CodeIgniter->run()
10 SYSTEMPATH\Commands\Server\rewrite.php(47): require_once('FCPATH\\index.php')
CRITICAL - 2023-01-19 21:04:23 --> Undefined variable $tahun
in APPPATH\Views\admin\home\index.php on line 189.
 1 APPPATH\Views\admin\home\index.php(189): CodeIgniter\Debug\Exceptions->errorHandler(2, 'Undefined variable $tahun', 'APPPATH\\Views\\admin\\home\\index.php', 189)
 2 SYSTEMPATH\View\View.php(213): include('APPPATH\\Views\\admin\\home\\index.php')
 3 SYSTEMPATH\View\View.php(216): CodeIgniter\View\View->CodeIgniter\View\{closure}()
 4 SYSTEMPATH\Common.php(1135): CodeIgniter\View\View->render('admin/home/index', [], true)
 5 APPPATH\Controllers\Admin\Home.php(44): view('admin/home/index', [...])
 6 SYSTEMPATH\CodeIgniter.php(925): App\Controllers\Admin\Home->index()
 7 SYSTEMPATH\CodeIgniter.php(480): CodeIgniter\CodeIgniter->runController(Object(App\Controllers\Admin\Home))
 8 SYSTEMPATH\CodeIgniter.php(349): CodeIgniter\CodeIgniter->handleRequest(null, Object(Config\Cache), false)
 9 FCPATH\index.php(67): CodeIgniter\CodeIgniter->run()
10 SYSTEMPATH\Commands\Server\rewrite.php(47): require_once('FCPATH\\index.php')
CRITICAL - 2023-01-19 21:04:26 --> Undefined variable $tahun
in APPPATH\Views\admin\home\index.php on line 189.
 1 APPPATH\Views\admin\home\index.php(189): CodeIgniter\Debug\Exceptions->errorHandler(2, 'Undefined variable $tahun', 'APPPATH\\Views\\admin\\home\\index.php', 189)
 2 SYSTEMPATH\View\View.php(213): include('APPPATH\\Views\\admin\\home\\index.php')
 3 SYSTEMPATH\View\View.php(216): CodeIgniter\View\View->CodeIgniter\View\{closure}()
 4 SYSTEMPATH\Common.php(1135): CodeIgniter\View\View->render('admin/home/index', [], true)
 5 APPPATH\Controllers\Admin\Home.php(44): view('admin/home/index', [...])
 6 SYSTEMPATH\CodeIgniter.php(925): App\Controllers\Admin\Home->index()
 7 SYSTEMPATH\CodeIgniter.php(480): CodeIgniter\CodeIgniter->runController(Object(App\Controllers\Admin\Home))
 8 SYSTEMPATH\CodeIgniter.php(349): CodeIgniter\CodeIgniter->handleRequest(null, Object(Config\Cache), false)
 9 FCPATH\index.php(67): CodeIgniter\CodeIgniter->run()
10 SYSTEMPATH\Commands\Server\rewrite.php(47): require_once('FCPATH\\index.php')
CRITICAL - 2023-01-19 21:34:54 --> Undefined array key "id_kategori"
in APPPATH\Views\admin\home\index.php on line 282.
 1 APPPATH\Views\admin\home\index.php(282): CodeIgniter\Debug\Exceptions->errorHandler(2, 'Undefined array key "id_kategori"', 'APPPATH\\Views\\admin\\home\\index.php', 282)
 2 SYSTEMPATH\View\View.php(213): include('APPPATH\\Views\\admin\\home\\index.php')
 3 SYSTEMPATH\View\View.php(216): CodeIgniter\View\View->CodeIgniter\View\{closure}()
 4 SYSTEMPATH\Common.php(1135): CodeIgniter\View\View->render('admin/home/index', [], true)
 5 APPPATH\Controllers\Admin\Home.php(46): view('admin/home/index', [...])
 6 SYSTEMPATH\CodeIgniter.php(925): App\Controllers\Admin\Home->index()
 7 SYSTEMPATH\CodeIgniter.php(480): CodeIgniter\CodeIgniter->runController(Object(App\Controllers\Admin\Home))
 8 SYSTEMPATH\CodeIgniter.php(349): CodeIgniter\CodeIgniter->handleRequest(null, Object(Config\Cache), false)
 9 FCPATH\index.php(67): CodeIgniter\CodeIgniter->run()
10 SYSTEMPATH\Commands\Server\rewrite.php(47): require_once('FCPATH\\index.php')
CRITICAL - 2023-01-19 21:41:12 --> Undefined array key "id_kategori"
in APPPATH\Views\admin\home\index.php on line 354.
 1 APPPATH\Views\admin\home\index.php(354): CodeIgniter\Debug\Exceptions->errorHandler(2, 'Undefined array key "id_kategori"', 'APPPATH\\Views\\admin\\home\\index.php', 354)
 2 SYSTEMPATH\View\View.php(213): include('APPPATH\\Views\\admin\\home\\index.php')
 3 SYSTEMPATH\View\View.php(216): CodeIgniter\View\View->CodeIgniter\View\{closure}()
 4 SYSTEMPATH\Common.php(1135): CodeIgniter\View\View->render('admin/home/index', [], true)
 5 APPPATH\Controllers\Admin\Home.php(48): view('admin/home/index', [...])
 6 SYSTEMPATH\CodeIgniter.php(925): App\Controllers\Admin\Home->index()
 7 SYSTEMPATH\CodeIgniter.php(480): CodeIgniter\CodeIgniter->runController(Object(App\Controllers\Admin\Home))
 8 SYSTEMPATH\CodeIgniter.php(349): CodeIgniter\CodeIgniter->handleRequest(null, Object(Config\Cache), false)
 9 FCPATH\index.php(67): CodeIgniter\CodeIgniter->run()
10 SYSTEMPATH\Commands\Server\rewrite.php(47): require_once('FCPATH\\index.php')
CRITICAL - 2023-01-19 22:19:32 --> Undefined variable $transaksi_tp
in APPPATH\Controllers\Admin\Home.php on line 42.
 1 APPPATH\Controllers\Admin\Home.php(42): CodeIgniter\Debug\Exceptions->errorHandler(2, 'Undefined variable $transaksi_tp', 'APPPATH\\Controllers\\Admin\\Home.php', 42)
 2 SYSTEMPATH\CodeIgniter.php(925): App\Controllers\Admin\Home->index()
 3 SYSTEMPATH\CodeIgniter.php(480): CodeIgniter\CodeIgniter->runController(Object(App\Controllers\Admin\Home))
 4 SYSTEMPATH\CodeIgniter.php(349): CodeIgniter\CodeIgniter->handleRequest(null, Object(Config\Cache), false)
 5 FCPATH\index.php(67): CodeIgniter\CodeIgniter->run()
 6 SYSTEMPATH\Commands\Server\rewrite.php(47): require_once('FCPATH\\index.php')
