CRITICAL - 2022-12-28 09:11:05 --> Trying to access array offset on value of type null
in APPPATH\Views\admin\ongkir\edit.php on line 53.
 1 APPPATH\Views\admin\ongkir\edit.php(53): CodeIgniter\Debug\Exceptions->errorHandler(2, 'Trying to access array offset on value of type null', 'APPPATH\\Views\\admin\\ongkir\\edit.php', 53)
 2 SYSTEMPATH\View\View.php(213): include('APPPATH\\Views\\admin\\ongkir\\edit.php')
 3 SYSTEMPATH\View\View.php(216): CodeIgniter\View\View->CodeIgniter\View\{closure}()
 4 SYSTEMPATH\Common.php(1135): CodeIgniter\View\View->render('admin/ongkir/edit', [], true)
 5 APPPATH\Controllers\Admin\Ongkir.php(151): view('admin/ongkir/edit', [...])
 6 SYSTEMPATH\CodeIgniter.php(925): App\Controllers\Admin\Ongkir->edit('$1')
 7 SYSTEMPATH\CodeIgniter.php(480): CodeIgniter\CodeIgniter->runController(Object(App\Controllers\Admin\Ongkir))
 8 SYSTEMPATH\CodeIgniter.php(349): CodeIgniter\CodeIgniter->handleRequest(null, Object(Config\Cache), false)
 9 FCPATH\index.php(67): CodeIgniter\CodeIgniter->run()
10 SYSTEMPATH\Commands\Server\rewrite.php(47): require_once('FCPATH\\index.php')
CRITICAL - 2022-12-28 09:14:35 --> Undefined variable $o
in APPPATH\Views\admin\ongkir\index.php on line 77.
 1 APPPATH\Views\admin\ongkir\index.php(77): CodeIgniter\Debug\Exceptions->errorHandler(2, 'Undefined variable $o', 'APPPATH\\Views\\admin\\ongkir\\index.php', 77)
 2 SYSTEMPATH\View\View.php(213): include('APPPATH\\Views\\admin\\ongkir\\index.php')
 3 SYSTEMPATH\View\View.php(216): CodeIgniter\View\View->CodeIgniter\View\{closure}()
 4 SYSTEMPATH\Common.php(1135): CodeIgniter\View\View->render('admin/ongkir/index', [], true)
 5 APPPATH\Controllers\Admin\Ongkir.php(31): view('admin/ongkir/index', [...])
 6 SYSTEMPATH\CodeIgniter.php(925): App\Controllers\Admin\Ongkir->index()
 7 SYSTEMPATH\CodeIgniter.php(480): CodeIgniter\CodeIgniter->runController(Object(App\Controllers\Admin\Ongkir))
 8 SYSTEMPATH\CodeIgniter.php(349): CodeIgniter\CodeIgniter->handleRequest(null, Object(Config\Cache), false)
 9 FCPATH\index.php(67): CodeIgniter\CodeIgniter->run()
10 SYSTEMPATH\Commands\Server\rewrite.php(47): require_once('FCPATH\\index.php')
CRITICAL - 2022-12-28 09:15:11 --> Trying to access array offset on value of type null
in APPPATH\Views\admin\ongkir\edit.php on line 53.
 1 APPPATH\Views\admin\ongkir\edit.php(53): CodeIgniter\Debug\Exceptions->errorHandler(2, 'Trying to access array offset on value of type null', 'APPPATH\\Views\\admin\\ongkir\\edit.php', 53)
 2 SYSTEMPATH\View\View.php(213): include('APPPATH\\Views\\admin\\ongkir\\edit.php')
 3 SYSTEMPATH\View\View.php(216): CodeIgniter\View\View->CodeIgniter\View\{closure}()
 4 SYSTEMPATH\Common.php(1135): CodeIgniter\View\View->render('admin/ongkir/edit', [], true)
 5 APPPATH\Controllers\Admin\Ongkir.php(151): view('admin/ongkir/edit', [...])
 6 SYSTEMPATH\CodeIgniter.php(925): App\Controllers\Admin\Ongkir->edit('$1')
 7 SYSTEMPATH\CodeIgniter.php(480): CodeIgniter\CodeIgniter->runController(Object(App\Controllers\Admin\Ongkir))
 8 SYSTEMPATH\CodeIgniter.php(349): CodeIgniter\CodeIgniter->handleRequest(null, Object(Config\Cache), false)
 9 FCPATH\index.php(67): CodeIgniter\CodeIgniter->run()
10 SYSTEMPATH\Commands\Server\rewrite.php(47): require_once('FCPATH\\index.php')
CRITICAL - 2022-12-28 09:28:25 --> Undefined property: CodeIgniter\View\View::$request
in APPPATH\Views\keranjang\index.php on line 96.
 1 APPPATH\Views\keranjang\index.php(96): CodeIgniter\Debug\Exceptions->errorHandler(2, 'Undefined property: CodeIgniter\\View\\View::$request', 'APPPATH\\Views\\keranjang\\index.php', 96)
 2 SYSTEMPATH\View\View.php(213): include('APPPATH\\Views\\keranjang\\index.php')
 3 SYSTEMPATH\View\View.php(216): CodeIgniter\View\View->CodeIgniter\View\{closure}()
 4 SYSTEMPATH\Common.php(1135): CodeIgniter\View\View->render('keranjang/index', [], true)
 5 APPPATH\Controllers\Keranjang.php(22): view('keranjang/index', [...])
 6 SYSTEMPATH\CodeIgniter.php(925): App\Controllers\Keranjang->index()
 7 SYSTEMPATH\CodeIgniter.php(480): CodeIgniter\CodeIgniter->runController(Object(App\Controllers\Keranjang))
 8 SYSTEMPATH\CodeIgniter.php(349): CodeIgniter\CodeIgniter->handleRequest(null, Object(Config\Cache), false)
 9 FCPATH\index.php(67): CodeIgniter\CodeIgniter->run()
10 SYSTEMPATH\Commands\Server\rewrite.php(47): require_once('FCPATH\\index.php')
CRITICAL - 2022-12-28 09:28:30 --> Undefined property: CodeIgniter\View\View::$request
in APPPATH\Views\keranjang\index.php on line 96.
 1 APPPATH\Views\keranjang\index.php(96): CodeIgniter\Debug\Exceptions->errorHandler(2, 'Undefined property: CodeIgniter\\View\\View::$request', 'APPPATH\\Views\\keranjang\\index.php', 96)
 2 SYSTEMPATH\View\View.php(213): include('APPPATH\\Views\\keranjang\\index.php')
 3 SYSTEMPATH\View\View.php(216): CodeIgniter\View\View->CodeIgniter\View\{closure}()
 4 SYSTEMPATH\Common.php(1135): CodeIgniter\View\View->render('keranjang/index', [], true)
 5 APPPATH\Controllers\Keranjang.php(22): view('keranjang/index', [...])
 6 SYSTEMPATH\CodeIgniter.php(925): App\Controllers\Keranjang->index()
 7 SYSTEMPATH\CodeIgniter.php(480): CodeIgniter\CodeIgniter->runController(Object(App\Controllers\Keranjang))
 8 SYSTEMPATH\CodeIgniter.php(349): CodeIgniter\CodeIgniter->handleRequest(null, Object(Config\Cache), false)
 9 FCPATH\index.php(67): CodeIgniter\CodeIgniter->run()
10 SYSTEMPATH\Commands\Server\rewrite.php(47): require_once('FCPATH\\index.php')
CRITICAL - 2022-12-28 09:29:22 --> Undefined property: CodeIgniter\View\View::$request
in APPPATH\Views\keranjang\index.php on line 96.
 1 APPPATH\Views\keranjang\index.php(96): CodeIgniter\Debug\Exceptions->errorHandler(2, 'Undefined property: CodeIgniter\\View\\View::$request', 'APPPATH\\Views\\keranjang\\index.php', 96)
 2 SYSTEMPATH\View\View.php(213): include('APPPATH\\Views\\keranjang\\index.php')
 3 SYSTEMPATH\View\View.php(216): CodeIgniter\View\View->CodeIgniter\View\{closure}()
 4 SYSTEMPATH\Common.php(1135): CodeIgniter\View\View->render('keranjang/index', [], true)
 5 APPPATH\Controllers\Keranjang.php(22): view('keranjang/index', [...])
 6 SYSTEMPATH\CodeIgniter.php(925): App\Controllers\Keranjang->index()
 7 SYSTEMPATH\CodeIgniter.php(480): CodeIgniter\CodeIgniter->runController(Object(App\Controllers\Keranjang))
 8 SYSTEMPATH\CodeIgniter.php(349): CodeIgniter\CodeIgniter->handleRequest(null, Object(Config\Cache), false)
 9 FCPATH\index.php(67): CodeIgniter\CodeIgniter->run()
10 SYSTEMPATH\Commands\Server\rewrite.php(47): require_once('FCPATH\\index.php')
