ERROR - 2022-12-22 18:50:41 --> mysqli_sql_exception: Can't create table `tokomj`.`transaksi` (errno: 150 "Foreign key constraint is incorrectly formed") in C:\xampp\htdocs\skripsi\TokoMJSport\vendor\codeigniter4\framework\system\Database\MySQLi\Connection.php:292
Stack trace:
#0 C:\xampp\htdocs\skripsi\TokoMJSport\vendor\codeigniter4\framework\system\Database\MySQLi\Connection.php(292): mysqli->query('CREATE TABLE `t...', 0)
#1 C:\xampp\htdocs\skripsi\TokoMJSport\vendor\codeigniter4\framework\system\Database\BaseConnection.php(666): CodeIgniter\Database\MySQLi\Connection->execute('CREATE TABLE `t...')
#2 C:\xampp\htdocs\skripsi\TokoMJSport\vendor\codeigniter4\framework\system\Database\BaseConnection.php(593): CodeIgniter\Database\BaseConnection->simpleQuery('CREATE TABLE `t...')
#3 C:\xampp\htdocs\skripsi\TokoMJSport\vendor\codeigniter4\framework\system\Database\Forge.php(509): CodeIgniter\Database\BaseConnection->query('CREATE TABLE `t...')
#4 C:\xampp\htdocs\skripsi\TokoMJSport\app\Database\Migrations\2022-12-07-071458_Transaksi.php(74): CodeIgniter\Database\Forge->createTable('transaksi')
#5 C:\xampp\htdocs\skripsi\TokoMJSport\vendor\codeigniter4\framework\system\Database\MigrationRunner.php(868): App\Database\Migrations\Transaksi->up()
#6 C:\xampp\htdocs\skripsi\TokoMJSport\vendor\codeigniter4\framework\system\Database\MigrationRunner.php(187): CodeIgniter\Database\MigrationRunner->migrate('up', Object(stdClass))
#7 C:\xampp\htdocs\skripsi\TokoMJSport\vendor\codeigniter4\framework\system\Commands\Database\Migrate.php(84): CodeIgniter\Database\MigrationRunner->latest(NULL)
#8 C:\xampp\htdocs\skripsi\TokoMJSport\vendor\codeigniter4\framework\system\CLI\Commands.php(63): CodeIgniter\Commands\Database\Migrate->run(Array)
#9 C:\xampp\htdocs\skripsi\TokoMJSport\vendor\codeigniter4\framework\system\CLI\BaseCommand.php(112): CodeIgniter\CLI\Commands->run('migrate', Array)
#10 C:\xampp\htdocs\skripsi\TokoMJSport\vendor\codeigniter4\framework\system\Commands\Database\MigrateRefresh.php(85): CodeIgniter\CLI\BaseCommand->call('migrate', Array)
#11 C:\xampp\htdocs\skripsi\TokoMJSport\vendor\codeigniter4\framework\system\CLI\Commands.php(63): CodeIgniter\Commands\Database\MigrateRefresh->run(Array)
#12 C:\xampp\htdocs\skripsi\TokoMJSport\vendor\codeigniter4\framework\system\CLI\CommandRunner.php(65): CodeIgniter\CLI\Commands->run('migrate:refresh', Array)
#13 C:\xampp\htdocs\skripsi\TokoMJSport\vendor\codeigniter4\framework\system\CLI\CommandRunner.php(51): CodeIgniter\CLI\CommandRunner->index(Array)
#14 C:\xampp\htdocs\skripsi\TokoMJSport\vendor\codeigniter4\framework\system\CodeIgniter.php(920): CodeIgniter\CLI\CommandRunner->_remap('index', Array)
#15 C:\xampp\htdocs\skripsi\TokoMJSport\vendor\codeigniter4\framework\system\CodeIgniter.php(482): CodeIgniter\CodeIgniter->runController(Object(CodeIgniter\CLI\CommandRunner))
#16 C:\xampp\htdocs\skripsi\TokoMJSport\vendor\codeigniter4\framework\system\CodeIgniter.php(347): CodeIgniter\CodeIgniter->handleRequest(NULL, Object(Config\Cache), false)
#17 C:\xampp\htdocs\skripsi\TokoMJSport\vendor\codeigniter4\framework\system\CLI\Console.php(48): CodeIgniter\CodeIgniter->run()
#18 C:\xampp\htdocs\skripsi\TokoMJSport\spark(98): CodeIgniter\CLI\Console->run()
#19 {main}
