CRITICAL - 2022-12-27 04:48:19 --> Undefined array key 0
in APPPATH\Views\keranjang\index.php on line 97.
 1 APPPATH\Views\keranjang\index.php(97): CodeIgniter\Debug\Exceptions->errorHandler(2, 'Undefined array key 0', 'APPPATH\\Views\\keranjang\\index.php', 97)
 2 SYSTEMPATH\View\View.php(213): include('APPPATH\\Views\\keranjang\\index.php')
 3 SYSTEMPATH\View\View.php(216): CodeIgniter\View\View->CodeIgniter\View\{closure}()
 4 SYSTEMPATH\Common.php(1135): CodeIgniter\View\View->render('keranjang/index', [], true)
 5 APPPATH\Controllers\Keranjang.php(21): view('keranjang/index', [...])
 6 SYSTEMPATH\CodeIgniter.php(925): App\Controllers\Keranjang->index()
 7 SYSTEMPATH\CodeIgniter.php(480): CodeIgniter\CodeIgniter->runController(Object(App\Controllers\Keranjang))
 8 SYSTEMPATH\CodeIgniter.php(349): CodeIgniter\CodeIgniter->handleRequest(null, Object(Config\Cache), false)
 9 FCPATH\index.php(67): CodeIgniter\CodeIgniter->run()
10 SYSTEMPATH\Commands\Server\rewrite.php(47): require_once('FCPATH\\index.php')
CRITICAL - 2022-12-27 05:08:11 --> Trying to access array offset on value of type null
in APPPATH\Views\admin\ongkir\edit.php on line 53.
 1 APPPATH\Views\admin\ongkir\edit.php(53): CodeIgniter\Debug\Exceptions->errorHandler(2, 'Trying to access array offset on value of type null', 'APPPATH\\Views\\admin\\ongkir\\edit.php', 53)
 2 SYSTEMPATH\View\View.php(213): include('APPPATH\\Views\\admin\\ongkir\\edit.php')
 3 SYSTEMPATH\View\View.php(216): CodeIgniter\View\View->CodeIgniter\View\{closure}()
 4 SYSTEMPATH\Common.php(1135): CodeIgniter\View\View->render('admin/ongkir/edit', [], true)
 5 APPPATH\Controllers\Admin\Ongkir.php(151): view('admin/ongkir/edit', [...])
 6 SYSTEMPATH\CodeIgniter.php(925): App\Controllers\Admin\Ongkir->edit('$1')
 7 SYSTEMPATH\CodeIgniter.php(480): CodeIgniter\CodeIgniter->runController(Object(App\Controllers\Admin\Ongkir))
 8 SYSTEMPATH\CodeIgniter.php(349): CodeIgniter\CodeIgniter->handleRequest(null, Object(Config\Cache), false)
 9 FCPATH\index.php(67): CodeIgniter\CodeIgniter->run()
10 SYSTEMPATH\Commands\Server\rewrite.php(47): require_once('FCPATH\\index.php')
CRITICAL - 2022-12-27 05:09:26 --> Undefined array key "id_produk"
in APPPATH\Views\admin\produk\edit.php on line 53.
 1 APPPATH\Views\admin\produk\edit.php(53): CodeIgniter\Debug\Exceptions->errorHandler(2, 'Undefined array key "id_produk"', 'APPPATH\\Views\\admin\\produk\\edit.php', 53)
 2 SYSTEMPATH\View\View.php(213): include('APPPATH\\Views\\admin\\produk\\edit.php')
 3 SYSTEMPATH\View\View.php(216): CodeIgniter\View\View->CodeIgniter\View\{closure}()
 4 SYSTEMPATH\Common.php(1135): CodeIgniter\View\View->render('admin/produk/edit', [], true)
 5 APPPATH\Controllers\Admin\Produk.php(172): view('admin/produk/edit', [...])
 6 SYSTEMPATH\CodeIgniter.php(925): App\Controllers\Admin\Produk->edit('$1')
 7 SYSTEMPATH\CodeIgniter.php(480): CodeIgniter\CodeIgniter->runController(Object(App\Controllers\Admin\Produk))
 8 SYSTEMPATH\CodeIgniter.php(349): CodeIgniter\CodeIgniter->handleRequest(null, Object(Config\Cache), false)
 9 FCPATH\index.php(67): CodeIgniter\CodeIgniter->run()
10 SYSTEMPATH\Commands\Server\rewrite.php(47): require_once('FCPATH\\index.php')
CRITICAL - 2022-12-27 05:10:22 --> Undefined array key "id_produk"
in APPPATH\Views\admin\produk\edit.php on line 53.
 1 APPPATH\Views\admin\produk\edit.php(53): CodeIgniter\Debug\Exceptions->errorHandler(2, 'Undefined array key "id_produk"', 'APPPATH\\Views\\admin\\produk\\edit.php', 53)
 2 SYSTEMPATH\View\View.php(213): include('APPPATH\\Views\\admin\\produk\\edit.php')
 3 SYSTEMPATH\View\View.php(216): CodeIgniter\View\View->CodeIgniter\View\{closure}()
 4 SYSTEMPATH\Common.php(1135): CodeIgniter\View\View->render('admin/produk/edit', [], true)
 5 APPPATH\Controllers\Admin\Produk.php(172): view('admin/produk/edit', [...])
 6 SYSTEMPATH\CodeIgniter.php(925): App\Controllers\Admin\Produk->edit('$1')
 7 SYSTEMPATH\CodeIgniter.php(480): CodeIgniter\CodeIgniter->runController(Object(App\Controllers\Admin\Produk))
 8 SYSTEMPATH\CodeIgniter.php(349): CodeIgniter\CodeIgniter->handleRequest(null, Object(Config\Cache), false)
 9 FCPATH\index.php(67): CodeIgniter\CodeIgniter->run()
10 SYSTEMPATH\Commands\Server\rewrite.php(47): require_once('FCPATH\\index.php')
CRITICAL - 2022-12-27 05:14:14 --> Undefined array key "id_produk"
in APPPATH\Views\admin\produk\edit.php on line 53.
 1 APPPATH\Views\admin\produk\edit.php(53): CodeIgniter\Debug\Exceptions->errorHandler(2, 'Undefined array key "id_produk"', 'APPPATH\\Views\\admin\\produk\\edit.php', 53)
 2 SYSTEMPATH\View\View.php(213): include('APPPATH\\Views\\admin\\produk\\edit.php')
 3 SYSTEMPATH\View\View.php(216): CodeIgniter\View\View->CodeIgniter\View\{closure}()
 4 SYSTEMPATH\Common.php(1135): CodeIgniter\View\View->render('admin/produk/edit', [], true)
 5 APPPATH\Controllers\Admin\Produk.php(172): view('admin/produk/edit', [...])
 6 SYSTEMPATH\CodeIgniter.php(925): App\Controllers\Admin\Produk->edit('$1')
 7 SYSTEMPATH\CodeIgniter.php(480): CodeIgniter\CodeIgniter->runController(Object(App\Controllers\Admin\Produk))
 8 SYSTEMPATH\CodeIgniter.php(349): CodeIgniter\CodeIgniter->handleRequest(null, Object(Config\Cache), false)
 9 FCPATH\index.php(67): CodeIgniter\CodeIgniter->run()
10 SYSTEMPATH\Commands\Server\rewrite.php(47): require_once('FCPATH\\index.php')
CRITICAL - 2022-12-27 05:15:40 --> Undefined array key 0
in APPPATH\Views\admin\produk\edit.php on line 53.
 1 APPPATH\Views\admin\produk\edit.php(53): CodeIgniter\Debug\Exceptions->errorHandler(2, 'Undefined array key 0', 'APPPATH\\Views\\admin\\produk\\edit.php', 53)
 2 SYSTEMPATH\View\View.php(213): include('APPPATH\\Views\\admin\\produk\\edit.php')
 3 SYSTEMPATH\View\View.php(216): CodeIgniter\View\View->CodeIgniter\View\{closure}()
 4 SYSTEMPATH\Common.php(1135): CodeIgniter\View\View->render('admin/produk/edit', [], true)
 5 APPPATH\Controllers\Admin\Produk.php(172): view('admin/produk/edit', [...])
 6 SYSTEMPATH\CodeIgniter.php(925): App\Controllers\Admin\Produk->edit('$1')
 7 SYSTEMPATH\CodeIgniter.php(480): CodeIgniter\CodeIgniter->runController(Object(App\Controllers\Admin\Produk))
 8 SYSTEMPATH\CodeIgniter.php(349): CodeIgniter\CodeIgniter->handleRequest(null, Object(Config\Cache), false)
 9 FCPATH\index.php(67): CodeIgniter\CodeIgniter->run()
10 SYSTEMPATH\Commands\Server\rewrite.php(47): require_once('FCPATH\\index.php')
CRITICAL - 2022-12-27 05:16:26 --> Undefined array key "id_produk"
in APPPATH\Views\admin\produk\edit.php on line 53.
 1 APPPATH\Views\admin\produk\edit.php(53): CodeIgniter\Debug\Exceptions->errorHandler(2, 'Undefined array key "id_produk"', 'APPPATH\\Views\\admin\\produk\\edit.php', 53)
 2 SYSTEMPATH\View\View.php(213): include('APPPATH\\Views\\admin\\produk\\edit.php')
 3 SYSTEMPATH\View\View.php(216): CodeIgniter\View\View->CodeIgniter\View\{closure}()
 4 SYSTEMPATH\Common.php(1135): CodeIgniter\View\View->render('admin/produk/edit', [], true)
 5 APPPATH\Controllers\Admin\Produk.php(172): view('admin/produk/edit', [...])
 6 SYSTEMPATH\CodeIgniter.php(925): App\Controllers\Admin\Produk->edit('$1')
 7 SYSTEMPATH\CodeIgniter.php(480): CodeIgniter\CodeIgniter->runController(Object(App\Controllers\Admin\Produk))
 8 SYSTEMPATH\CodeIgniter.php(349): CodeIgniter\CodeIgniter->handleRequest(null, Object(Config\Cache), false)
 9 FCPATH\index.php(67): CodeIgniter\CodeIgniter->run()
10 SYSTEMPATH\Commands\Server\rewrite.php(47): require_once('FCPATH\\index.php')
